DEBUG 2022-05-16 10:55:48,179 minitest.py _miniSetUp      286 =========Current caseï¼šget_all_pages_path=========
INFO  2022-05-16 10:55:48,180 app.py     relaunch        306 ReLaunch: /pages/home/home/index
DEBUG 2022-05-16 10:55:48,180 connection.py send            183 SEND > {"id":"fd421b3c-163c-448f-9485-3eb5d1d29709","method":"App.callWxMethod","params":{"method":"reLaunch","args":[{"url":"/pages/home/home/index"}]}}
DEBUG 2022-05-16 10:55:48,218 connection.py _on_message     232 RECV < {"id":"fd421b3c-163c-448f-9485-3eb5d1d29709","result":{"result":{"errMsg":"reLaunch:ok"}}}
DEBUG 2022-05-16 10:55:48,567 connection.py _on_message     232 RECV < {"method":"App.bindingCalled","params":{"name":"onAppRouteDone","args":[{"webviewId":4,"path":"pages/home/home/index","query":{},"openType":"reLaunch","__ts__":1652669748552},1652669748552]}}
INFO  2022-05-16 10:55:48,568 app.py     _on_route_changed 451 Route changed, {'name': 'onAppRouteDone', 'args': [{'webviewId': 4, 'path': 'pages/home/home/index', 'query': {}, 'openType': 'reLaunch', '__ts__': 1652669748552}, 1652669748552]}
INFO  2022-05-16 10:55:48,571 minitest.py capture         548 capture setup.png
DEBUG 2022-05-16 10:55:48,572 connection.py send            183 SEND > {"id":"a7cf5fb4-1158-4748-b3de-98d68d14c681","method":"App.captureScreenshot","params":{}}
DEBUG 2022-05-16 10:55:48,833 connection.py _on_message     230 RECV < {"id":"a7cf5fb4-1158-4748-b3de-98d68d14c681","result":{"data":"iVBORw0KGgoAAAANSUhEUgAAA6oAAAZFCAIAAACvNLm5AAAAAXNSR0IArs4c6QAAIABJREFUeJzsvVmTJUd2JnaOe6x3vzfXytqrAFQVUOgG0GgA3U32ylWc5mK0IedBsjFSpnmQ6UF/QDavMpPM9DwmSmMmm+F0N4cjDmeapNgbGo0G2GhsjbXWrCUrs3K/e6zufvQQy703K6uQWahC3szyg8LJ73q4n/Dw8PD44sQJd/zcj/49AAAAIhKRxhprrLHGGmusscYaH2DMZ/7lHwMAIEC6SWONNdZYY4011lhjjQ8sZgCAiECAiBprrLHGGmusscYaa3ywMUNEItJaa6211lprrbXWWutHQbM9r4HWWmuttdZaa6211lp/Zho//+O/JCAEBAAA0FhjjTXWWGONNdZY4wOMGREhIBEBgMYaa6yxxhprrLHGGh9sjJ...
INFO  2022-05-16 10:55:48,851 app.py     redirect_to     288 RedirectTo: /pages/home/home/index
DEBUG 2022-05-16 10:55:48,852 connection.py send            183 SEND > {"id":"62c724da-ff46-46d1-a886-9496e7279a76","method":"App.callWxMethod","params":{"method":"redirectTo","args":[{"url":"/pages/home/home/index"}]}}
DEBUG 2022-05-16 10:55:48,956 connection.py _on_message     232 RECV < {"id":"62c724da-ff46-46d1-a886-9496e7279a76","result":{"result":{"errMsg":"redirectTo:ok"}}}
DEBUG 2022-05-16 10:55:49,165 connection.py _on_message     232 RECV < {"method":"App.bindingCalled","params":{"name":"onAppRouteDone","args":[{"webviewId":5,"path":"pages/home/home/index","query":{},"openType":"redirectTo","__ts__":1652669749129},1652669749129]}}
INFO  2022-05-16 10:55:49,166 app.py     _on_route_changed 451 Route changed, {'name': 'onAppRouteDone', 'args': [{'webviewId': 5, 'path': 'pages/home/home/index', 'query': {}, 'openType': 'redirectTo', '__ts__': 1652669749129}, 1652669749129]}
DEBUG 2022-05-16 10:55:49,166 connection.py send            183 SEND > {"id":"6b9b048b-eed0-4cbc-b773-df4b4e04d9b5","method":"App.getCurrentPage","params":{}}
DEBUG 2022-05-16 10:55:49,180 connection.py _on_message     232 RECV < {"id":"6b9b048b-eed0-4cbc-b773-df4b4e04d9b5","result":{"pageId":5,"path":"pages/home/home/index","query":{}}}
INFO  2022-05-16 10:55:49,181 page.py    _get_elements_by_css 445 try to get elements: view.search-box[text(contains("æŸ¥è¯¢ç§‘æ™®"))]
DEBUG 2022-05-16 10:55:49,181 connection.py send            183 SEND > {"id":"a3f92265-5b52-4fa4-a516-448d2b7c027a","method":"Page.getElements","params":{"selector":"view.search-box[text(contains(\"\u67e5\u8be2\u79d1\u666e\"))]","pageId":5}}
DEBUG 2022-05-16 10:55:49,203 connection.py _on_message     232 RECV < {"id":"a3f92265-5b52-4fa4-a516-448d2b7c027a","result":{"elements":[{"elementId":"acc8ec02-ed34-44a9-b515-aa3659609644","tagName":"view"}]}}
INFO  2022-05-16 10:55:50,217 page.py    _get_elements_by_css 452 find elements success: [<minium.miniprogram.base_driver.element.BaseElement object at 0x00000216413C3A90>]
DEBUG 2022-05-16 10:55:50,218 connection.py send            183 SEND > {"id":"af5a4ab8-ed60-4a5b-82c1-62790147172a","method":"Element.getStyles","params":{"names":["pointer-events"],"elementId":"acc8ec02-ed34-44a9-b515-aa3659609644","pageId":5}}
DEBUG 2022-05-16 10:55:50,236 connection.py _on_message     232 RECV < {"id":"af5a4ab8-ed60-4a5b-82c1-62790147172a","result":{"styles":["auto"]}}
DEBUG 2022-05-16 10:55:50,236 connection.py send            183 SEND > {"id":"b2f34103-ae41-4131-991f-4322bbebca42","method":"Element.tap","params":{"elementId":"acc8ec02-ed34-44a9-b515-aa3659609644","pageId":5}}
DEBUG 2022-05-16 10:55:50,288 connection.py _on_message     232 RECV < {"id":"b2f34103-ae41-4131-991f-4322bbebca42","result":{}}
DEBUG 2022-05-16 10:55:51,147 connection.py _on_message     232 RECV < {"method":"App.bindingCalled","params":{"name":"onAppRouteDone","args":[{"webviewId":6,"path":"package1/pages/classroom/search/index","query":{"searchType":"3"},"openType":"navigateTo","__ts__":1652669751118},1652669751118]}}
INFO  2022-05-16 10:55:51,148 app.py     _on_route_changed 451 Route changed, {'name': 'onAppRouteDone', 'args': [{'webviewId': 6, 'path': 'package1/pages/classroom/search/index', 'query': {'searchType': '3'}, 'openType': 'navigateTo', '__ts__': 1652669751118}, 1652669751118]}
DEBUG 2022-05-16 10:55:51,293 connection.py send            183 SEND > {"id":"10c2d142-12b5-4733-8196-4b3c01cbb97f","method":"App.getCurrentPage","params":{}}
DEBUG 2022-05-16 10:55:51,296 connection.py _on_message     232 RECV < {"id":"10c2d142-12b5-4733-8196-4b3c01cbb97f","result":{"pageId":6,"path":"package1/pages/classroom/search/index","query":{"searchType":"3"}}}
INFO  2022-05-16 10:55:51,297 page.py    _get_elements_by_css 445 try to get elements: input.search-box[text(contains("æœç´¢ç–¾ç—…/é—®é¢˜"))]
DEBUG 2022-05-16 10:55:51,297 connection.py send            183 SEND > {"id":"60b40201-0d09-4c0a-957a-e987a69ef0f7","method":"Page.getElements","params":{"selector":"input.search-box[text(contains(\"\u641c\u7d22\u75be\u75c5/\u95ee\u9898\"))]","pageId":6}}
DEBUG 2022-05-16 10:55:51,299 connection.py _on_message     232 RECV < {"id":"60b40201-0d09-4c0a-957a-e987a69ef0f7","result":{"elements":[{"elementId":"614eed67-c861-41f8-abfd-ea39e773ebc4","tagName":"input"}]}}
INFO  2022-05-16 10:55:52,304 page.py    _get_elements_by_css 452 find elements success: [<minium.miniprogram.base_driver.element.FormElement object at 0x00000216413C3100>]
DEBUG 2022-05-16 10:55:52,304 connection.py send            183 SEND > {"id":"70db9604-cc03-453a-8513-55acb43c1ae9","method":"Element.callFunction","params":{"functionName":"input.input","args":["\u5fc3\u8840\u7ba1"],"elementId":"614eed67-c861-41f8-abfd-ea39e773ebc4","pageId":6}}
DEBUG 2022-05-16 10:55:52,319 connection.py _on_message     232 RECV < {"id":"70db9604-cc03-453a-8513-55acb43c1ae9","result":{}}
DEBUG 2022-05-16 10:55:52,321 connection.py send            183 SEND > {"id":"69f05409-47d6-4674-8d9e-3ea3479021c7","method":"App.getCurrentPage","params":{}}
DEBUG 2022-05-16 10:55:52,322 connection.py _on_message     232 RECV < {"id":"69f05409-47d6-4674-8d9e-3ea3479021c7","result":{"pageId":6,"path":"package1/pages/classroom/search/index","query":{"searchType":"3"}}}
INFO  2022-05-16 10:55:52,323 page.py    _get_elements_by_css 445 try to get elements: rich-text[text(contains("æµ‹è¯•æ‚£æ•™èµ„æ–™"))]
DEBUG 2022-05-16 10:55:52,324 connection.py send            183 SEND > {"id":"b2a2641b-471a-4516-9430-eafb9e96ec21","method":"Page.getElements","params":{"selector":"rich-text[text(contains(\"\u6d4b\u8bd5\u60a3\u6559\u8d44\u6599\"))]","pageId":6}}
DEBUG 2022-05-16 10:55:52,326 connection.py _on_message     232 RECV < {"id":"b2a2641b-471a-4516-9430-eafb9e96ec21","result":{"elements":[]}}
WARNI 2022-05-16 10:55:53,331 page.py    _get_elements_by_css 450 Could not found any element 'rich-text[text(contains("æµ‹è¯•æ‚£æ•™èµ„æ–™"))]' you need
INFO  2022-05-16 10:55:53,598 page.py    _get_elements_by_css 445 try to get elements: rich-text[text(contains("æµ‹è¯•æ‚£æ•™èµ„æ–™"))]
DEBUG 2022-05-16 10:55:53,599 connection.py send            183 SEND > {"id":"8cb0054b-ecd7-45ee-bc16-ced754d8df67","method":"Page.getElements","params":{"selector":"rich-text[text(contains(\"\u6d4b\u8bd5\u60a3\u6559\u8d44\u6599\"))]","pageId":6}}
DEBUG 2022-05-16 10:55:53,601 connection.py _on_message     232 RECV < {"id":"8cb0054b-ecd7-45ee-bc16-ced754d8df67","result":{"elements":[{"elementId":"7c93c729-fb82-49bc-b334-e97baca4fd45","tagName":"rich-text"},{"elementId":"843db66e-d76a-4219-90e8-31303ea90365","tagName":"rich-text"},{"elementId":"a3b7d50e-d835-4469-8011-03d8015c4542","tagName":"rich-text"}]}}
INFO  2022-05-16 10:55:54,611 page.py    _get_elements_by_css 452 find elements success: [<minium.miniprogram.base_driver.element.BaseElement object at 0x0000021641468340>, <minium.miniprogram.base_driver.element.BaseElement object at 0x0000021641468100>, <minium.miniprogram.base_driver.element.BaseElement object at 0x00000216414680D0>]
DEBUG 2022-05-16 10:55:54,611 connection.py send            183 SEND > {"id":"96459212-12e2-4b64-ae2e-55678a5b95bf","method":"App.getCurrentPage","params":{}}
DEBUG 2022-05-16 10:55:54,614 connection.py _on_message     232 RECV < {"id":"96459212-12e2-4b64-ae2e-55678a5b95bf","result":{"pageId":6,"path":"package1/pages/classroom/search/index","query":{"searchType":"3"}}}
INFO  2022-05-16 10:55:54,615 page.py    _get_elements_by_css 445 try to get elements: rich-text[text(contains("æµ‹è¯•æ‚£æ•™èµ„æ–™"))]
DEBUG 2022-05-16 10:55:54,615 connection.py send            183 SEND > {"id":"20b213c0-60d5-4c9a-8ed2-42c61661e52f","method":"Page.getElements","params":{"selector":"rich-text[text(contains(\"\u6d4b\u8bd5\u60a3\u6559\u8d44\u6599\"))]","pageId":6}}
DEBUG 2022-05-16 10:55:54,619 connection.py _on_message     232 RECV < {"id":"20b213c0-60d5-4c9a-8ed2-42c61661e52f","result":{"elements":[{"elementId":"7c93c729-fb82-49bc-b334-e97baca4fd45","tagName":"rich-text"},{"elementId":"843db66e-d76a-4219-90e8-31303ea90365","tagName":"rich-text"},{"elementId":"a3b7d50e-d835-4469-8011-03d8015c4542","tagName":"rich-text"}]}}
INFO  2022-05-16 10:55:55,632 page.py    _get_elements_by_css 452 find elements success: [<minium.miniprogram.base_driver.element.BaseElement object at 0x0000021641468160>, <minium.miniprogram.base_driver.element.BaseElement object at 0x00000216414683D0>, <minium.miniprogram.base_driver.element.BaseElement object at 0x0000021641468400>]
DEBUG 2022-05-16 10:55:55,633 connection.py send            183 SEND > {"id":"28c6c420-7c3e-4268-9177-42a47bc5cbf4","method":"Element.getStyles","params":{"names":["pointer-events"],"elementId":"7c93c729-fb82-49bc-b334-e97baca4fd45","pageId":6}}
DEBUG 2022-05-16 10:55:55,636 connection.py _on_message     232 RECV < {"id":"28c6c420-7c3e-4268-9177-42a47bc5cbf4","result":{"styles":["auto"]}}
DEBUG 2022-05-16 10:55:55,637 connection.py send            183 SEND > {"id":"12ad8fbd-97ef-4c6f-bb62-3e04cda267f2","method":"Element.tap","params":{"elementId":"7c93c729-fb82-49bc-b334-e97baca4fd45","pageId":6}}
DEBUG 2022-05-16 10:55:55,685 connection.py _on_message     232 RECV < {"id":"12ad8fbd-97ef-4c6f-bb62-3e04cda267f2","result":{}}
DEBUG 2022-05-16 10:55:56,080 connection.py _on_message     232 RECV < {"method":"App.bindingCalled","params":{"name":"onAppRouteDone","args":[{"webviewId":7,"path":"package1/pages/classroom/detail/index","query":{"id":"80","type":"text"},"openType":"navigateTo","__ts__":1652669756052},1652669756052]}}
INFO  2022-05-16 10:55:56,080 app.py     _on_route_changed 451 Route changed, {'name': 'onAppRouteDone', 'args': [{'webviewId': 7, 'path': 'package1/pages/classroom/detail/index', 'query': {'id': '80', 'type': 'text'}, 'openType': 'navigateTo', '__ts__': 1652669756052}, 1652669756052]}
INFO  2022-05-16 10:55:56,693 app.py     relaunch        306 ReLaunch: /pages/home/home/index
DEBUG 2022-05-16 10:55:56,694 connection.py send            183 SEND > {"id":"a319c659-3367-4a0c-a650-0bfd5ad8616a","method":"App.callWxMethod","params":{"method":"reLaunch","args":[{"url":"/pages/home/home/index"}]}}
DEBUG 2022-05-16 10:55:56,734 connection.py _on_message     232 RECV < {"id":"a319c659-3367-4a0c-a650-0bfd5ad8616a","result":{"result":{"errMsg":"reLaunch:ok"}}}
DEBUG 2022-05-16 10:55:56,860 connection.py _on_message     232 RECV < {"method":"App.bindingCalled","params":{"name":"onAppRouteDone","args":[{"webviewId":8,"path":"pages/home/home/index","query":{},"openType":"reLaunch","__ts__":1652669756828},1652669756828]}}
INFO  2022-05-16 10:55:56,861 app.py     _on_route_changed 451 Route changed, {'name': 'onAppRouteDone', 'args': [{'webviewId': 8, 'path': 'pages/home/home/index', 'query': {}, 'openType': 'reLaunch', '__ts__': 1652669756828}, 1652669756828]}
DEBUG 2022-05-16 10:55:56,861 minitest.py _miniTearDown   512 =========Current case Downï¼šget_all_pages_path=========
INFO  2022-05-16 10:55:56,863 minitest.py capture         548 capture teardown.png
DEBUG 2022-05-16 10:55:56,863 connection.py send            183 SEND > {"id":"8f76bfbd-ca2a-48c2-b015-965761e1d0b0","method":"App.captureScreenshot","params":{}}
DEBUG 2022-05-16 10:55:57,058 connection.py _on_message     230 RECV < {"id":"8f76bfbd-ca2a-48c2-b015-965761e1d0b0","result":{"data":"iVBORw0KGgoAAAANSUhEUgAAA6oAAAZFCAIAAACvNLm5AAAAAXNSR0IArs4c6QAAIABJREFUeJzsvVmTJUd2JnaOe6x3vzfXytqrAFQVUOgG0GgA3U32ylWc5mK0IedBsjFSpnmQ6UF/QDavMpPM9DwmSmMmm+F0N4cjDmeapNgbGo0G2GhsjbXWrCUrs3K/e6zufvQQy703K6uQWahC3szyg8LJ73q4n/Dw8PD44sQJd/zcj/49AAAAIhKRxhprrLHGGmusscYaH2DMZ/7lHwMAIEC6SWONNdZYY4011lhjjQ8sZgCAiECAiBprrLHGGmusscYaa3ywMUNEItJaa6211lprrbXWWutHQbM9r4HWWmuttdZaa6211lp/Zho//+O/JCAEBAAA0FhjjTXWWGONNdZY4wOMGREhIBEBgMYaa6yxxhprrLHGGh9sjJ...
DEBUG 2022-05-16 10:55:57,060 connection.py send            183 SEND > {"id":"8a96a27e-5f1d-469b-a87f-43a0b5bf85d9","method":"App.getCurrentPage","params":{}}
DEBUG 2022-05-16 10:55:57,062 connection.py _on_message     232 RECV < {"id":"8a96a27e-5f1d-469b-a87f-43a0b5bf85d9","result":{"pageId":8,"path":"pages/home/home/index","query":{}}}
DEBUG 2022-05-16 10:55:57,062 connection.py send            183 SEND > {"id":"13c581c3-5bf8-46a7-8ffd-2c164bf52517","method":"Page.getData","params":{"pageId":8}}
DEBUG 2022-05-16 10:55:57,065 connection.py _on_message     230 RECV < {"id":"13c581c3-5bf8-46a7-8ffd-2c164bf52517","result":{"data":{"isFirstEnter":0,"showStartPage":"1","hisId":45,"hisDet":{"appointmentCodeUrl":"https://ustatic.med.gzhc365.com/fss/publicfile/70f794fc23c8b4e348e638cd262175aa0993a503068289b2ed2448231fa84e7b.png","appointmentUrl":"","area":"é’ç§€åŒº","attribute":"åŒ»è”ä½“ä¸»ä½“å•ä½","city":"å—å®å¸‚","contactName":"æµ‹è¯•","coordinateType":"BD09","createTime":"2020-11-14 21:22:22","customerServiceSupport":1,"detailedAddress":"æ¡ƒæºè·¯6å·","email":"386030556@qq.com","hisId":"45","hisLevel"...
