INFO  2022-04-26 18:15:13,508 wx_minium.py launch_dev_tool 701 Starting dev tool and launch MiniProgram project ...
INFO  2022-04-26 18:15:13,523 minium_object.py _do_shell       35  de shell: cli.bat auto --project "C:/Users/crow/Desktop/dist/dist" --auto-port 9420
INFO  2022-04-26 18:15:16,916 minium_object.py _do_shell       53  err:
- initialize

√ IDE server has started, listening on http://127.0.0.1:38578
- preparing
- Fetching AppID (wx45cfec5a12afe345) permissions
√ Using AppID: wx45cfec5a12afe345
√ auto

INFO  2022-04-26 18:15:16,916 minium_object.py _do_shell       54  out:

INFO  2022-04-26 18:15:26,931 wx_minium.py connect_dev_tool 794 Trying to connect Dev tool ...
INFO  2022-04-26 18:15:27,957 connection.py _connect        137 connect to WebChatTools successfully
DEBUG 2022-04-26 18:15:27,957 connection.py send            183 SEND > {"id":"675546c3-364d-4935-b85d-8440ba9a0bba","method":"App.callWxMethod","params":{"method":"getSystemInfoSync","args":[]}}
DEBUG 2022-04-26 18:15:40,504 connection.py _on_message     232 RECV < {"method":"App.initialized","params":{"from":"devtools"}}
DEBUG 2022-04-26 18:15:40,519 connection.py _on_message     230 RECV < {"id":"675546c3-364d-4935-b85d-8440ba9a0bba","result":{"result":{"model":"iPhone 12/13 Pro Max","pixelRatio":3,"windowWidth":428,"windowHeight":753,"system":"iOS 10.0.1","language":"zh_CN","version":"8.0.5","deviceOrientation":"portrait","screenWidth":428,"screenHeight":926,"SDKVersion":"2.23.2","brand":"devtools","fontSizeSetting":16,"benchmarkLevel":1,"batteryLevel":12,"statusBarHeight":47,"bluetoothEnabled":true,"locationEnabled":true,"wifiEnabled":true,"cameraAuthorized":true,"locationAuthorized":tru...
DEBUG 2022-04-26 18:15:40,521 connection.py send            183 SEND > {"id":"a79e6d91-ea45-4b6d-81b1-f87e04fe7435","method":"App.addBinding","params":{"name":"onAppRouteDone"}}
DEBUG 2022-04-26 18:15:40,559 connection.py _on_message     232 RECV < {"id":"a79e6d91-ea45-4b6d-81b1-f87e04fe7435","result":{}}
DEBUG 2022-04-26 18:15:40,559 connection.py send            183 SEND > {"id":"3941be5d-7ce6-4226-84c1-5d8f392c3d6e","method":"App.callFunction","params":{"functionDeclaration":"function () {\n    if (!global.__minium_onAppRouteDone) {\n        wx.onAppRouteDone(function (options) {\n            onAppRouteDone(options, Date.now())\n        })\n        global.__minium_onAppRouteDone = true\n    }\n}","args":[]}}
DEBUG 2022-04-26 18:15:40,575 connection.py _on_message     232 RECV < {"id":"3941be5d-7ce6-4226-84c1-5d8f392c3d6e","result":{}}
DEBUG 2022-04-26 18:15:40,575 connection.py send            183 SEND > {"id":"59015a63-03d5-48d8-b0bc-1a88b3bd3993","method":"App.callFunction","params":{"functionDeclaration":"function () {\n                    if(!global.minium) {global.minium = {};return false;} \n                    else {return true;}\n                }","args":[]}}
DEBUG 2022-04-26 18:15:40,575 connection.py _on_message     232 RECV < {"id":"59015a63-03d5-48d8-b0bc-1a88b3bd3993","result":{"result":false}}
DEBUG 2022-04-26 18:15:40,583 connection.py send            183 SEND > {"id":"ea53ff8a-fcd5-4ae9-953e-94680d7c2985","method":"App.callWxMethod","params":{"method":"getLaunchOptionsSync","args":[]}}
DEBUG 2022-04-26 18:15:40,592 connection.py _on_message     232 RECV < {"id":"ea53ff8a-fcd5-4ae9-953e-94680d7c2985","result":{"result":{"path":"pages/home/home/index","query":{},"scene":1001,"referrerInfo":{},"mode":"default","apiCategory":"default"}}}
INFO  2022-04-26 18:15:40,593 app.py     relaunch        306 ReLaunch: /pages/home/home/index
DEBUG 2022-04-26 18:15:40,595 connection.py send            183 SEND > {"id":"7b3ab9cd-9b98-4ece-8589-9b3b2fde936c","method":"App.getCurrentPage","params":{}}
DEBUG 2022-04-26 18:15:40,595 connection.py _on_message     232 RECV < {"id":"7b3ab9cd-9b98-4ece-8589-9b3b2fde936c","result":{"pageId":1,"path":"pages/home/home/index","query":{}}}
DEBUG 2022-04-26 18:15:40,601 connection.py send            183 SEND > {"id":"2c81c4e3-0625-4e15-adc5-b10b58d8b2fd","method":"App.callWxMethod","params":{"method":"getAccountInfoSync","args":[]}}
DEBUG 2022-04-26 18:15:40,605 connection.py _on_message     232 RECV < {"id":"2c81c4e3-0625-4e15-adc5-b10b58d8b2fd","result":{"result":{"miniProgram":{"appId":"wx45cfec5a12afe345","envVersion":"develop","version":""}}}}
DEBUG 2022-04-26 18:15:40,609 connection.py send            183 SEND > {"id":"54fc37fd-ed63-41bd-8fc8-6726f61b74bf","method":"App.callWxMethod","params":{"method":"reLaunch","args":[{"url":"/pages/home/home/index"}]}}
DEBUG 2022-04-26 18:15:40,753 connection.py _on_message     232 RECV < {"id":"54fc37fd-ed63-41bd-8fc8-6726f61b74bf","result":{"result":{"errMsg":"reLaunch:ok"}}}
DEBUG 2022-04-26 18:15:41,245 connection.py _on_message     232 RECV < {"method":"App.bindingCalled","params":{"name":"onAppRouteDone","args":[{"webviewId":2,"path":"pages/home/home/index","query":{},"openType":"reLaunch","__ts__":1650968141167},1650968141169]}}
INFO  2022-04-26 18:15:41,245 app.py     _on_route_changed 451 Route changed, {'name': 'onAppRouteDone', 'args': [{'webviewId': 2, 'path': 'pages/home/home/index', 'query': {}, 'openType': 'reLaunch', '__ts__': 1650968141167}, 1650968141169]}
DEBUG 2022-04-26 18:15:41,245 connection.py send            183 SEND > {"id":"c301a71a-3799-424d-a0a6-1a1ad78a6651","method":"App.callWxMethod","params":{"method":"getSystemInfoSync","args":[]}}
DEBUG 2022-04-26 18:15:41,309 connection.py _on_message     230 RECV < {"id":"c301a71a-3799-424d-a0a6-1a1ad78a6651","result":{"result":{"model":"iPhone 12/13 Pro Max","pixelRatio":3,"windowWidth":428,"windowHeight":753,"system":"iOS 10.0.1","language":"zh_CN","version":"8.0.5","deviceOrientation":"portrait","screenWidth":428,"screenHeight":926,"SDKVersion":"2.23.2","brand":"devtools","fontSizeSetting":16,"benchmarkLevel":1,"batteryLevel":12,"statusBarHeight":47,"bluetoothEnabled":true,"locationEnabled":true,"wifiEnabled":true,"cameraAuthorized":true,"locationAuthorized":tru...
DEBUG 2022-04-26 18:15:41,309 connection.py send            183 SEND > {"id":"f61ba8fb-d7cf-4bbd-aa46-ed084014b434","method":"App.callFunction","params":{"functionDeclaration":"function () {return __wxConfig}","args":[]}}
DEBUG 2022-04-26 18:15:41,381 connection.py _on_message     230 RECV < {"id":"f61ba8fb-d7cf-4bbd-aa46-ed084014b434","result":{"result":{"pages":["pages/home/home/index","pages/home/startpage/index","pages/message/home/index","pages/message/chat/index","pages/task/home/index","pages/mine/home/index","pages/mine/patient/list/index","pages/mine/patient/add/index","pages/mine/patient/bindcard/index","pages/mine/patient/detail/index","pages/auth/user_info/index","package1/pages/signservice/list/index","package1/pages/signservice/detail/index","package1/pages/signservice/selectdo...
DEBUG 2022-04-26 18:15:41,389 minitest.py _miniSetUp      286 =========Current case：test_get_all_pages_path=========
INFO  2022-04-26 18:15:41,389 app.py     relaunch        306 ReLaunch: /pages/home/home/index
DEBUG 2022-04-26 18:15:41,397 connection.py send            183 SEND > {"id":"db84302a-4c27-405a-819a-37ee8f2b2916","method":"App.callWxMethod","params":{"method":"reLaunch","args":[{"url":"/pages/home/home/index"}]}}
DEBUG 2022-04-26 18:15:41,437 connection.py _on_message     232 RECV < {"id":"db84302a-4c27-405a-819a-37ee8f2b2916","result":{"result":{"errMsg":"reLaunch:ok"}}}
DEBUG 2022-04-26 18:15:42,272 connection.py _on_message     232 RECV < {"method":"App.bindingCalled","params":{"name":"onAppRouteDone","args":[{"webviewId":4,"path":"pages/home/home/index","query":{},"openType":"reLaunch","__ts__":1650968142263},1650968142263]}}
INFO  2022-04-26 18:15:42,272 app.py     _on_route_changed 451 Route changed, {'name': 'onAppRouteDone', 'args': [{'webviewId': 4, 'path': 'pages/home/home/index', 'query': {}, 'openType': 'reLaunch', '__ts__': 1650968142263}, 1650968142263]}
INFO  2022-04-26 18:15:42,280 minitest.py capture         548 capture setup.png
DEBUG 2022-04-26 18:15:42,280 connection.py send            183 SEND > {"id":"cb7e19ac-67a0-4232-be2d-b6b45013c82f","method":"App.captureScreenshot","params":{}}
DEBUG 2022-04-26 18:15:42,751 connection.py _on_message     230 RECV < {"id":"cb7e19ac-67a0-4232-be2d-b6b45013c82f","result":{"data":"iVBORw0KGgoAAAANSUhEUgAABC4AAAdbCAIAAAD2Sm0eAAAAAXNSR0IArs4c6QAAIABJREFUeJzsvemXHUd2J3ZvRK5vrb2wgyDBpdkkm032qmVGM3Nkt6wPts94JHs+eM7In/0P+YOPz7GtUUu2ZI/s8VjydKvVi7qnu8luNkmAIEEABVQVan37yy3iXn+IzHz5CmsBBOoVED+Ct34vMraMjMiMGzcWfOs//K8AAACIyMyWW2655ZZbbrnllltuueVPgcvVf/XPwcLCwsLCwsLCwsLC4ulCAAAiWmmllVZaaaWVVlpppZVWPk2JX/nenzIzIjADIlpuueWWW2655ZZbbrnllj8FLpgZESvXLLfccsstt9xyyy233HLLnzgvrSIIAABgueWWW2655ZZbbrnlllv+FHhpFeHymuWWW2655ZZbbrnllltu+ZPm+J...
INFO  2022-04-26 18:15:42,751 app.py     redirect_to     288 RedirectTo: /pages/home/home/index
DEBUG 2022-04-26 18:15:42,751 connection.py send            183 SEND > {"id":"00af89a5-9bac-4587-959c-63db99bb250c","method":"App.callWxMethod","params":{"method":"redirectTo","args":[{"url":"/pages/home/home/index"}]}}
DEBUG 2022-04-26 18:15:42,823 connection.py _on_message     232 RECV < {"id":"00af89a5-9bac-4587-959c-63db99bb250c","result":{"result":{"errMsg":"redirectTo:ok"}}}
DEBUG 2022-04-26 18:15:43,057 connection.py _on_message     232 RECV < {"method":"App.bindingCalled","params":{"name":"onAppRouteDone","args":[{"webviewId":5,"path":"pages/home/home/index","query":{},"openType":"redirectTo","__ts__":1650968143012},1650968143012]}}
INFO  2022-04-26 18:15:43,065 app.py     _on_route_changed 451 Route changed, {'name': 'onAppRouteDone', 'args': [{'webviewId': 5, 'path': 'pages/home/home/index', 'query': {}, 'openType': 'redirectTo', '__ts__': 1650968143012}, 1650968143012]}
DEBUG 2022-04-26 18:15:43,065 connection.py send            183 SEND > {"id":"2419d1c4-7fa5-4287-a07f-ddea2805cb76","method":"App.getCurrentPage","params":{}}
DEBUG 2022-04-26 18:15:43,073 connection.py _on_message     232 RECV < {"id":"2419d1c4-7fa5-4287-a07f-ddea2805cb76","result":{"pageId":5,"path":"pages/home/home/index","query":{}}}
INFO  2022-04-26 18:15:43,073 page.py    _get_elements_by_css 445 try to get elements: view.search-box[text(contains("查询科普"))]
DEBUG 2022-04-26 18:15:43,073 connection.py send            183 SEND > {"id":"1f44b4d7-02fc-47ee-b0cc-0db96333abb1","method":"Page.getElements","params":{"selector":"view.search-box[text(contains(\"\u67e5\u8be2\u79d1\u666e\"))]","pageId":5}}
DEBUG 2022-04-26 18:15:43,097 connection.py _on_message     232 RECV < {"id":"1f44b4d7-02fc-47ee-b0cc-0db96333abb1","result":{"elements":[{"elementId":"4faf862e-77a7-4772-ac12-a23867fd6404","tagName":"view"}]}}
INFO  2022-04-26 18:15:44,111 page.py    _get_elements_by_css 452 find elements success: [<minium.miniprogram.base_driver.element.BaseElement object at 0x000001C59546ECE0>]
DEBUG 2022-04-26 18:15:44,111 connection.py send            183 SEND > {"id":"2a35d36a-d8d6-4216-a916-6cf465d0b626","method":"Element.getStyles","params":{"names":["pointer-events"],"elementId":"4faf862e-77a7-4772-ac12-a23867fd6404","pageId":5}}
DEBUG 2022-04-26 18:15:44,121 connection.py _on_message     232 RECV < {"id":"2a35d36a-d8d6-4216-a916-6cf465d0b626","result":{"styles":["auto"]}}
DEBUG 2022-04-26 18:15:44,122 connection.py send            183 SEND > {"id":"219d20da-52f2-4413-8613-363af9d9bc09","method":"Element.tap","params":{"elementId":"4faf862e-77a7-4772-ac12-a23867fd6404","pageId":5}}
DEBUG 2022-04-26 18:15:44,218 connection.py _on_message     232 RECV < {"id":"219d20da-52f2-4413-8613-363af9d9bc09","result":{}}
DEBUG 2022-04-26 18:15:45,224 connection.py send            183 SEND > {"id":"9b57c451-df23-4dc8-88d6-618f6b874616","method":"App.getCurrentPage","params":{}}
DEBUG 2022-04-26 18:15:45,280 connection.py _on_message     232 RECV < {"id":"9b57c451-df23-4dc8-88d6-618f6b874616","result":{"pageId":5,"path":"pages/home/home/index","query":{}}}
INFO  2022-04-26 18:15:45,288 page.py    _get_elements_by_css 445 try to get elements: input.search-box[text(contains("搜索疾病/问题"))]
DEBUG 2022-04-26 18:15:45,288 connection.py send            183 SEND > {"id":"0fc40486-8952-448b-b473-b8766cb36e94","method":"Page.getElements","params":{"selector":"input.search-box[text(contains(\"\u641c\u7d22\u75be\u75c5/\u95ee\u9898\"))]","pageId":5}}
DEBUG 2022-04-26 18:15:45,408 connection.py _on_message     232 RECV < {"id":"0fc40486-8952-448b-b473-b8766cb36e94","result":{"elements":[]}}
DEBUG 2022-04-26 18:15:45,988 connection.py _on_message     232 RECV < {"method":"App.bindingCalled","params":{"name":"onAppRouteDone","args":[{"webviewId":6,"path":"package1/pages/classroom/search/index","query":{"searchType":"3"},"openType":"navigateTo","__ts__":1650968145910},1650968145911]}}
INFO  2022-04-26 18:15:45,988 app.py     _on_route_changed 451 Route changed, {'name': 'onAppRouteDone', 'args': [{'webviewId': 6, 'path': 'package1/pages/classroom/search/index', 'query': {'searchType': '3'}, 'openType': 'navigateTo', '__ts__': 1650968145910}, 1650968145911]}
WARNI 2022-04-26 18:15:46,426 page.py    _get_elements_by_css 450 Could not found any element 'input.search-box[text(contains("搜索疾病/问题"))]' you need
DEBUG 2022-04-26 18:15:46,426 minitest.py _miniTearDown   512 =========Current case Down：test_get_all_pages_path=========
INFO  2022-04-26 18:15:46,440 minitest.py capture         548 capture teardown.png
DEBUG 2022-04-26 18:15:46,442 connection.py send            183 SEND > {"id":"ef40be82-e232-435c-bba4-2e6c5136efa2","method":"App.captureScreenshot","params":{}}
DEBUG 2022-04-26 18:15:46,786 connection.py _on_message     230 RECV < {"id":"ef40be82-e232-435c-bba4-2e6c5136efa2","result":{"data":"iVBORw0KGgoAAAANSUhEUgAABC4AAAgoCAIAAACNtGKYAAAAAXNSR0IArs4c6QAAIABJREFUeJzs3X1Q1Gea//uL7gYbaKCF5kkbtVWIOGLEBHdwojkhFbOSktRojdmYjdasO2VNWbtWbWp3flNb+0vlbG3NyW5lT7lT1pQn685JsnFWU3EqpIITp0JOYiKJRHHEiNJqq7TQQAMNNPC16Yfzx5dneVT0bvT9qvmDQD/cNq3z/fR9X9cVE4lE5FHVGQxc7eu+rvlv3e71BPq8/ZovGPCHgrfDoWAk/Oi+LgAAAJg9MSKmGMM8g9FiNFlNcbZYc1Zc/MJ5CUvMlmXxSSmmONULVCbmUYsizYG+M91tf/K3X+jxuW/3qF4OAAAAHmn2eYmrEq2PW1KfSErLjItXvZwH6lGJIjc0/xe+5q87my/1dg5902wwLo9Pds...
DEBUG 2022-04-26 18:15:46,786 connection.py send            183 SEND > {"id":"b7733f81-8245-4220-a634-8629f5a7d787","method":"App.getCurrentPage","params":{}}
DEBUG 2022-04-26 18:15:46,786 connection.py _on_message     232 RECV < {"id":"b7733f81-8245-4220-a634-8629f5a7d787","result":{"pageId":6,"path":"package1/pages/classroom/search/index","query":{"searchType":"3"}}}
DEBUG 2022-04-26 18:15:46,799 connection.py send            183 SEND > {"id":"07e4e0b7-4745-41f6-a845-27f45d535220","method":"Page.getData","params":{"pageId":6}}
DEBUG 2022-04-26 18:15:46,799 connection.py _on_message     232 RECV < {"id":"07e4e0b7-4745-41f6-a845-27f45d535220","result":{"data":{"TYPE_METHOD_MAP":{"1":{"placeholder":"搜索疾病","listName":"diseaseName","listType":"diseaseList"},"2":{"placeholder":"搜索科室","listName":"deptName","listType":"deptList"},"3":{"placeholder":"搜索疾病/问题","listName":"title","listType":"classList"}},"value":"","pageNum":1,"numPerPage":10,"totalCount":0,"searchType":"3"}}}
ERROR 2022-04-26 18:15:46,830 assertbase.py _teardown_collect 267 <bound method AppTest.test_get_all_pages_path of <module.cfs.app.run.AppTest testMethod=test_get_all_pages_path>>
Traceback (most recent call last):
  File "C:\Python310\lib\unittest\case.py", line 59, in testPartExecutor
    yield
  File "D:\PycharmProjects\UIautomate\venv\lib\site-packages\minium\framework\libs\unittest\case.py", line 86, in run
    self._callTestMethod(testMethod)
  File "C:\Python310\lib\unittest\case.py", line 549, in _callTestMethod
    method()
  File "D:\PycharmProjects\UIautomate\module\cfs\app\run.py", line 9, in test_get_all_pages_path
    self.page.get_element(idx.ssk).input("心血管")
  File "D:\PycharmProjects\UIautomate\venv\lib\site-packages\minium\miniprogram\base_driver\minium_log.py", line 135, in wrapper
    result = func(*args, **kwargs)
  File "D:\PycharmProjects\UIautomate\venv\lib\site-packages\minium\miniprogram\base_driver\page.py", line 214, in get_element
    raise MiniElementNotFoundError("element[%s] not found" % selector)
minium.framework.exception.MiniElementNotFoundError: element[input.search-box[text(contains("搜索疾病/问题"))]] not found
INFO  2022-04-26 18:16:07,303 wx_minium.py launch_dev_tool 701 Starting dev tool and launch MiniProgram project ...
INFO  2022-04-26 18:16:07,303 minium_object.py _do_shell       35  de shell: cli.bat auto --project "C:/Users/crow/Desktop/dist/dist" --auto-port 9420
INFO  2022-04-26 18:16:08,641 minium_object.py _do_shell       53  err:
- initialize

√ IDE server has started, listening on http://127.0.0.1:38578
- preparing
- Fetching AppID (wx45cfec5a12afe345) permissions
√ Using AppID: wx45cfec5a12afe345
× Fetching AppID (wx45cfec5a12afe345) detailed information

INFO  2022-04-26 18:16:08,641 minium_object.py _do_shell       54  out:
[error] {
  code: 10,
  message: 'Error: 错误 Error: Port 9420 is in use (code 10)Error: Port 9420 is in use\n' +
    '    at Object.exports.auto [as method] (D:\\微信web开发者工具\\code\\package.nw\\core.wxvpkg\\1d3c44fb45826718b091c4f56f6d9ab0.js:2:953)\n' +
    '    at processTicksAndRejections (node:internal/process/task_queues:93:5)\n' +
    '    at async D:\\微信web开发者工具\\code\\package.nw\\core.wxvpkg\\7a975443f52e91830ae1d65cdf8c86db.js:2:3730\n' +
    '    at async Object.<anonymous> (D:\\微信web开发者工具\\code\\package.nw\\core.wxvpkg\\7a975443f52e91830ae1d65cdf8c86db.js:2:2983)'
}

INFO  2022-04-26 18:16:08,641 wx_minium.py connect_dev_tool 794 Trying to connect Dev tool ...
INFO  2022-04-26 18:16:09,318 connection.py _connect        137 connect to WebChatTools successfully
DEBUG 2022-04-26 18:16:09,318 connection.py send            183 SEND > {"id":"484d8c84-50dd-4cc2-92c3-7eb7f7d60c27","method":"App.callWxMethod","params":{"method":"getSystemInfoSync","args":[]}}
DEBUG 2022-04-26 18:16:09,333 connection.py _on_message     230 RECV < {"id":"484d8c84-50dd-4cc2-92c3-7eb7f7d60c27","result":{"result":{"model":"iPhone 12/13 Pro Max","pixelRatio":3,"windowWidth":428,"windowHeight":835,"system":"iOS 10.0.1","language":"zh_CN","version":"8.0.5","deviceOrientation":"portrait","screenWidth":428,"screenHeight":926,"SDKVersion":"2.23.2","brand":"devtools","fontSizeSetting":16,"benchmarkLevel":1,"batteryLevel":12,"statusBarHeight":47,"bluetoothEnabled":true,"locationEnabled":true,"wifiEnabled":true,"cameraAuthorized":true,"locationAuthorized":tru...
DEBUG 2022-04-26 18:16:09,333 connection.py send            183 SEND > {"id":"adeb778f-5848-4e67-8c0e-f0461ff6521b","method":"App.addBinding","params":{"name":"onAppRouteDone"}}
DEBUG 2022-04-26 18:16:09,333 connection.py _on_message     232 RECV < {"id":"adeb778f-5848-4e67-8c0e-f0461ff6521b","result":{}}
DEBUG 2022-04-26 18:16:09,333 connection.py send            183 SEND > {"id":"f328ab86-c414-4eaa-a9ab-659a4fdda873","method":"App.callFunction","params":{"functionDeclaration":"function () {\n    if (!global.__minium_onAppRouteDone) {\n        wx.onAppRouteDone(function (options) {\n            onAppRouteDone(options, Date.now())\n        })\n        global.__minium_onAppRouteDone = true\n    }\n}","args":[]}}
DEBUG 2022-04-26 18:16:09,333 connection.py _on_message     232 RECV < {"id":"f328ab86-c414-4eaa-a9ab-659a4fdda873","result":{}}
DEBUG 2022-04-26 18:16:09,333 connection.py send            183 SEND > {"id":"aa4898e5-abf8-4f31-aac3-3b12893ec931","method":"App.callFunction","params":{"functionDeclaration":"function () {\n                    if(!global.minium) {global.minium = {};return false;} \n                    else {return true;}\n                }","args":[]}}
DEBUG 2022-04-26 18:16:09,349 connection.py _on_message     232 RECV < {"id":"aa4898e5-abf8-4f31-aac3-3b12893ec931","result":{"result":true}}
DEBUG 2022-04-26 18:16:09,349 connection.py send            183 SEND > {"id":"5fdbaa8e-fa2f-4b44-bac7-113905a849f3","method":"App.callWxMethod","params":{"method":"getLaunchOptionsSync","args":[]}}
DEBUG 2022-04-26 18:16:09,354 connection.py _on_message     232 RECV < {"id":"5fdbaa8e-fa2f-4b44-bac7-113905a849f3","result":{"result":{"path":"pages/home/home/index","query":{},"scene":1001,"referrerInfo":{},"mode":"default","apiCategory":"default"}}}
INFO  2022-04-26 18:16:09,354 app.py     relaunch        306 ReLaunch: /pages/home/home/index
DEBUG 2022-04-26 18:16:09,354 connection.py send            183 SEND > {"id":"8fa95f60-867f-4606-8aee-88c3ea8dc185","method":"App.getCurrentPage","params":{}}
DEBUG 2022-04-26 18:16:09,365 connection.py _on_message     232 RECV < {"id":"8fa95f60-867f-4606-8aee-88c3ea8dc185","result":{"pageId":6,"path":"package1/pages/classroom/search/index","query":{"searchType":"3"}}}
DEBUG 2022-04-26 18:16:09,365 connection.py send            183 SEND > {"id":"df636bc0-cc89-4dfe-ae12-eabec76320b7","method":"App.callWxMethod","params":{"method":"getAccountInfoSync","args":[]}}
DEBUG 2022-04-26 18:16:09,365 connection.py _on_message     232 RECV < {"id":"df636bc0-cc89-4dfe-ae12-eabec76320b7","result":{"result":{"miniProgram":{"appId":"wx45cfec5a12afe345","envVersion":"develop","version":""}}}}
DEBUG 2022-04-26 18:16:09,365 connection.py send            183 SEND > {"id":"753c4b02-4ce1-41c9-a9b5-df43d3362132","method":"App.callWxMethod","params":{"method":"reLaunch","args":[{"url":"/pages/home/home/index"}]}}
DEBUG 2022-04-26 18:16:09,475 connection.py _on_message     232 RECV < {"id":"753c4b02-4ce1-41c9-a9b5-df43d3362132","result":{"result":{"errMsg":"reLaunch:ok"}}}
DEBUG 2022-04-26 18:16:09,955 connection.py _on_message     232 RECV < {"method":"App.bindingCalled","params":{"name":"onAppRouteDone","args":[{"webviewId":7,"path":"pages/home/home/index","query":{},"openType":"reLaunch","__ts__":1650968169856},1650968169856]}}
INFO  2022-04-26 18:16:09,955 app.py     _on_route_changed 451 Route changed, {'name': 'onAppRouteDone', 'args': [{'webviewId': 7, 'path': 'pages/home/home/index', 'query': {}, 'openType': 'reLaunch', '__ts__': 1650968169856}, 1650968169856]}
DEBUG 2022-04-26 18:16:09,955 connection.py send            183 SEND > {"id":"321370a7-4bff-4110-a40f-a939677f6653","method":"App.callWxMethod","params":{"method":"getSystemInfoSync","args":[]}}
DEBUG 2022-04-26 18:16:09,995 connection.py _on_message     230 RECV < {"id":"321370a7-4bff-4110-a40f-a939677f6653","result":{"result":{"model":"iPhone 12/13 Pro Max","pixelRatio":3,"windowWidth":428,"windowHeight":753,"system":"iOS 10.0.1","language":"zh_CN","version":"8.0.5","deviceOrientation":"portrait","screenWidth":428,"screenHeight":926,"SDKVersion":"2.23.2","brand":"devtools","fontSizeSetting":16,"benchmarkLevel":1,"batteryLevel":11,"statusBarHeight":47,"bluetoothEnabled":true,"locationEnabled":true,"wifiEnabled":true,"cameraAuthorized":true,"locationAuthorized":tru...
DEBUG 2022-04-26 18:16:09,995 connection.py send            183 SEND > {"id":"06d975b4-87c1-4694-9220-e59cee7cd60e","method":"App.callFunction","params":{"functionDeclaration":"function () {return __wxConfig}","args":[]}}
DEBUG 2022-04-26 18:16:10,011 connection.py _on_message     230 RECV < {"id":"06d975b4-87c1-4694-9220-e59cee7cd60e","result":{"result":{"pages":["pages/home/home/index","pages/home/startpage/index","pages/message/home/index","pages/message/chat/index","pages/task/home/index","pages/mine/home/index","pages/mine/patient/list/index","pages/mine/patient/add/index","pages/mine/patient/bindcard/index","pages/mine/patient/detail/index","pages/auth/user_info/index","package1/pages/signservice/list/index","package1/pages/signservice/detail/index","package1/pages/signservice/selectdo...
DEBUG 2022-04-26 18:16:10,026 minitest.py _miniSetUp      286 =========Current case：test_get_all_pages_path=========
INFO  2022-04-26 18:16:10,026 app.py     relaunch        306 ReLaunch: /pages/home/home/index
DEBUG 2022-04-26 18:16:10,026 connection.py send            183 SEND > {"id":"527824e2-1beb-41b0-b983-154b1377acb8","method":"App.callWxMethod","params":{"method":"reLaunch","args":[{"url":"/pages/home/home/index"}]}}
DEBUG 2022-04-26 18:16:10,074 connection.py _on_message     232 RECV < {"id":"527824e2-1beb-41b0-b983-154b1377acb8","result":{"result":{"errMsg":"reLaunch:ok"}}}
DEBUG 2022-04-26 18:16:11,094 connection.py _on_message     232 RECV < {"method":"App.bindingCalled","params":{"name":"onAppRouteDone","args":[{"webviewId":8,"path":"pages/home/home/index","query":{},"openType":"reLaunch","__ts__":1650968171073},1650968171073]}}
INFO  2022-04-26 18:16:11,094 app.py     _on_route_changed 451 Route changed, {'name': 'onAppRouteDone', 'args': [{'webviewId': 8, 'path': 'pages/home/home/index', 'query': {}, 'openType': 'reLaunch', '__ts__': 1650968171073}, 1650968171073]}
INFO  2022-04-26 18:16:11,109 minitest.py capture         548 capture setup.png
DEBUG 2022-04-26 18:16:11,109 connection.py send            183 SEND > {"id":"54dee267-c9bf-44cc-9e31-93fc0c733ed0","method":"App.captureScreenshot","params":{}}
DEBUG 2022-04-26 18:16:11,574 connection.py _on_message     230 RECV < {"id":"54dee267-c9bf-44cc-9e31-93fc0c733ed0","result":{"data":"iVBORw0KGgoAAAANSUhEUgAABC4AAAdbCAIAAAD2Sm0eAAAAAXNSR0IArs4c6QAAIABJREFUeJzsvemTXUd2J3ZO5l3fWjt2gODWbDbJ7mZLvUijkTT22JIVjpkJWZLDHzyjcfif8geHHbY1Iyk8E7Y8I7tnpqVWS91N9c4mCRAAiaVQBdT69ne3zHP8Ie+9777agCqQwCsgfwRP/V7e3G6+zHx58uSC7/yn/wMAAAARmdlyyy233HLLLbfccsstt/wpcHnmn/8+WFhYWFhYWFhYWFhYPF0IAEBEK6200korrbTSSiuttNLKpynxy9/5E2ZGBGZARMstt9xyyy233HLLLbfc8qfABTMjYuWZ5ZZbbrnllltuueWWW275585LqwgCAABYbrnllltuueWWW2655ZY/BV5aRbh8ZrnllltuueWWW2655ZZb/nlz/P...
INFO  2022-04-26 18:16:11,578 app.py     redirect_to     288 RedirectTo: /pages/home/home/index
DEBUG 2022-04-26 18:16:11,580 connection.py send            183 SEND > {"id":"0d686bfe-b3cd-45dc-8216-911203868b8c","method":"App.callWxMethod","params":{"method":"redirectTo","args":[{"url":"/pages/home/home/index"}]}}
DEBUG 2022-04-26 18:16:11,660 connection.py _on_message     232 RECV < {"id":"0d686bfe-b3cd-45dc-8216-911203868b8c","result":{"result":{"errMsg":"redirectTo:ok"}}}
DEBUG 2022-04-26 18:16:11,896 connection.py _on_message     232 RECV < {"method":"App.bindingCalled","params":{"name":"onAppRouteDone","args":[{"webviewId":9,"path":"pages/home/home/index","query":{},"openType":"redirectTo","__ts__":1650968171842},1650968171842]}}
INFO  2022-04-26 18:16:11,896 app.py     _on_route_changed 451 Route changed, {'name': 'onAppRouteDone', 'args': [{'webviewId': 9, 'path': 'pages/home/home/index', 'query': {}, 'openType': 'redirectTo', '__ts__': 1650968171842}, 1650968171842]}
DEBUG 2022-04-26 18:16:11,896 connection.py send            183 SEND > {"id":"d875013a-0336-453b-99b2-ef2e7bef2360","method":"App.getCurrentPage","params":{}}
DEBUG 2022-04-26 18:16:11,911 connection.py _on_message     232 RECV < {"id":"d875013a-0336-453b-99b2-ef2e7bef2360","result":{"pageId":9,"path":"pages/home/home/index","query":{}}}
INFO  2022-04-26 18:16:11,911 page.py    _get_elements_by_css 445 try to get elements: view.search-box[text(contains("查询科普"))]
DEBUG 2022-04-26 18:16:11,911 connection.py send            183 SEND > {"id":"3b7a27b4-6370-442d-9abe-db2e94230069","method":"Page.getElements","params":{"selector":"view.search-box[text(contains(\"\u67e5\u8be2\u79d1\u666e\"))]","pageId":9}}
DEBUG 2022-04-26 18:16:11,944 connection.py _on_message     232 RECV < {"id":"3b7a27b4-6370-442d-9abe-db2e94230069","result":{"elements":[{"elementId":"f8e79eee-5ead-4c93-9ae2-25332e9b9730","tagName":"view"}]}}
INFO  2022-04-26 18:16:12,952 page.py    _get_elements_by_css 452 find elements success: [<minium.miniprogram.base_driver.element.BaseElement object at 0x000001FACEA7ECE0>]
DEBUG 2022-04-26 18:16:12,952 connection.py send            183 SEND > {"id":"95fd7715-129d-451d-9ff0-3a59a7fe6b2f","method":"Element.getStyles","params":{"names":["pointer-events"],"elementId":"f8e79eee-5ead-4c93-9ae2-25332e9b9730","pageId":9}}
DEBUG 2022-04-26 18:16:12,952 connection.py _on_message     232 RECV < {"id":"95fd7715-129d-451d-9ff0-3a59a7fe6b2f","result":{"styles":["auto"]}}
DEBUG 2022-04-26 18:16:12,961 connection.py send            183 SEND > {"id":"3f7e6bec-1b78-4ac3-8804-5ad68dd0d6c4","method":"Element.tap","params":{"elementId":"f8e79eee-5ead-4c93-9ae2-25332e9b9730","pageId":9}}
DEBUG 2022-04-26 18:16:13,062 connection.py _on_message     232 RECV < {"id":"3f7e6bec-1b78-4ac3-8804-5ad68dd0d6c4","result":{}}
DEBUG 2022-04-26 18:16:13,519 connection.py _on_message     232 RECV < {"method":"App.bindingCalled","params":{"name":"onAppRouteDone","args":[{"webviewId":10,"path":"package1/pages/classroom/search/index","query":{"searchType":"3"},"openType":"navigateTo","__ts__":1650968173461},1650968173462]}}
INFO  2022-04-26 18:16:13,534 app.py     _on_route_changed 451 Route changed, {'name': 'onAppRouteDone', 'args': [{'webviewId': 10, 'path': 'package1/pages/classroom/search/index', 'query': {'searchType': '3'}, 'openType': 'navigateTo', '__ts__': 1650968173461}, 1650968173462]}
DEBUG 2022-04-26 18:16:14,070 connection.py send            183 SEND > {"id":"4996601c-7b82-4067-8ee0-0a46b6f871a3","method":"App.getCurrentPage","params":{}}
DEBUG 2022-04-26 18:16:14,070 connection.py _on_message     232 RECV < {"id":"4996601c-7b82-4067-8ee0-0a46b6f871a3","result":{"pageId":10,"path":"package1/pages/classroom/search/index","query":{"searchType":"3"}}}
INFO  2022-04-26 18:16:14,070 page.py    _get_elements_by_css 445 try to get elements: input.search-box[text(contains("搜索疾病/问题"))]
DEBUG 2022-04-26 18:16:14,070 connection.py send            183 SEND > {"id":"85d09150-c26b-4be7-9efc-21ba7b409faf","method":"Page.getElements","params":{"selector":"input.search-box[text(contains(\"\u641c\u7d22\u75be\u75c5/\u95ee\u9898\"))]","pageId":10}}
DEBUG 2022-04-26 18:16:14,070 connection.py _on_message     232 RECV < {"id":"85d09150-c26b-4be7-9efc-21ba7b409faf","result":{"elements":[{"elementId":"af553dbb-45c8-4ba5-9711-78a677605012","tagName":"input"}]}}
INFO  2022-04-26 18:16:15,091 page.py    _get_elements_by_css 452 find elements success: [<minium.miniprogram.base_driver.element.FormElement object at 0x000001FACEA7F460>]
DEBUG 2022-04-26 18:16:15,091 connection.py send            183 SEND > {"id":"013715ee-add0-4365-b32f-60cf8ad5cb19","method":"Element.callFunction","params":{"functionName":"input.input","args":["\u5fc3\u8840\u7ba1"],"elementId":"af553dbb-45c8-4ba5-9711-78a677605012","pageId":10}}
DEBUG 2022-04-26 18:16:15,139 connection.py _on_message     232 RECV < {"id":"013715ee-add0-4365-b32f-60cf8ad5cb19","result":{}}
DEBUG 2022-04-26 18:16:15,147 connection.py send            183 SEND > {"id":"00712d27-9295-418c-8abf-17861d1ff942","method":"App.getCurrentPage","params":{}}
DEBUG 2022-04-26 18:16:15,155 connection.py _on_message     232 RECV < {"id":"00712d27-9295-418c-8abf-17861d1ff942","result":{"pageId":10,"path":"package1/pages/classroom/search/index","query":{"searchType":"3"}}}
INFO  2022-04-26 18:16:15,157 page.py    _get_elements_by_css 445 try to get elements: rich-text[text(contains("测试患教资料"))]
DEBUG 2022-04-26 18:16:15,159 connection.py send            183 SEND > {"id":"00c2de82-5d07-4e53-a6c3-c00501069829","method":"Page.getElements","params":{"selector":"rich-text[text(contains(\"\u6d4b\u8bd5\u60a3\u6559\u8d44\u6599\"))]","pageId":10}}
DEBUG 2022-04-26 18:16:15,170 connection.py _on_message     232 RECV < {"id":"00c2de82-5d07-4e53-a6c3-c00501069829","result":{"elements":[]}}
WARNI 2022-04-26 18:16:16,176 page.py    _get_elements_by_css 450 Could not found any element 'rich-text[text(contains("测试患教资料"))]' you need
INFO  2022-04-26 18:16:16,426 page.py    _get_elements_by_css 445 try to get elements: rich-text[text(contains("测试患教资料"))]
DEBUG 2022-04-26 18:16:16,426 connection.py send            183 SEND > {"id":"6ea4731f-e4a6-4030-a7ed-aad617edff6d","method":"Page.getElements","params":{"selector":"rich-text[text(contains(\"\u6d4b\u8bd5\u60a3\u6559\u8d44\u6599\"))]","pageId":10}}
DEBUG 2022-04-26 18:16:16,434 connection.py _on_message     232 RECV < {"id":"6ea4731f-e4a6-4030-a7ed-aad617edff6d","result":{"elements":[{"elementId":"835bb9c2-b60c-41c0-8535-8d1cd54baf78","tagName":"rich-text"},{"elementId":"1174e32c-3f30-4178-82c1-e3e6a06ac38f","tagName":"rich-text"},{"elementId":"132f23e0-5a6e-4ebd-a805-c3bf5179dd7a","tagName":"rich-text"}]}}
INFO  2022-04-26 18:16:17,439 page.py    _get_elements_by_css 452 find elements success: [<minium.miniprogram.base_driver.element.BaseElement object at 0x000001FACEA7F8E0>, <minium.miniprogram.base_driver.element.BaseElement object at 0x000001FACEA7F7F0>, <minium.miniprogram.base_driver.element.BaseElement object at 0x000001FACEA7F760>]
DEBUG 2022-04-26 18:16:17,439 connection.py send            183 SEND > {"id":"bd2d8ee1-2200-4f5a-822f-0139b3bd9778","method":"App.getCurrentPage","params":{}}
DEBUG 2022-04-26 18:16:17,447 connection.py _on_message     232 RECV < {"id":"bd2d8ee1-2200-4f5a-822f-0139b3bd9778","result":{"pageId":10,"path":"package1/pages/classroom/search/index","query":{"searchType":"3"}}}
INFO  2022-04-26 18:16:17,449 page.py    _get_elements_by_css 445 try to get elements: rich-text[text(contains("测试患教资料"))]
DEBUG 2022-04-26 18:16:17,449 connection.py send            183 SEND > {"id":"3c6893a5-f0c4-4f7c-a177-d82bc1ae7a57","method":"Page.getElements","params":{"selector":"rich-text[text(contains(\"\u6d4b\u8bd5\u60a3\u6559\u8d44\u6599\"))]","pageId":10}}
DEBUG 2022-04-26 18:16:17,454 connection.py _on_message     232 RECV < {"id":"3c6893a5-f0c4-4f7c-a177-d82bc1ae7a57","result":{"elements":[{"elementId":"835bb9c2-b60c-41c0-8535-8d1cd54baf78","tagName":"rich-text"},{"elementId":"1174e32c-3f30-4178-82c1-e3e6a06ac38f","tagName":"rich-text"},{"elementId":"132f23e0-5a6e-4ebd-a805-c3bf5179dd7a","tagName":"rich-text"}]}}
INFO  2022-04-26 18:16:18,461 page.py    _get_elements_by_css 452 find elements success: [<minium.miniprogram.base_driver.element.BaseElement object at 0x000001FACEA7F220>, <minium.miniprogram.base_driver.element.BaseElement object at 0x000001FACEA7FC10>, <minium.miniprogram.base_driver.element.BaseElement object at 0x000001FACEA7ECB0>]
DEBUG 2022-04-26 18:16:18,461 connection.py send            183 SEND > {"id":"fc5db87b-bc66-479a-bcfb-ca77d32f8b34","method":"Element.getStyles","params":{"names":["pointer-events"],"elementId":"835bb9c2-b60c-41c0-8535-8d1cd54baf78","pageId":10}}
DEBUG 2022-04-26 18:16:18,477 connection.py _on_message     232 RECV < {"id":"fc5db87b-bc66-479a-bcfb-ca77d32f8b34","result":{"styles":["auto"]}}
DEBUG 2022-04-26 18:16:18,477 connection.py send            183 SEND > {"id":"e49726f3-8d43-428a-a1d3-c5b919625adf","method":"Element.tap","params":{"elementId":"835bb9c2-b60c-41c0-8535-8d1cd54baf78","pageId":10}}
DEBUG 2022-04-26 18:16:18,565 connection.py _on_message     232 RECV < {"id":"e49726f3-8d43-428a-a1d3-c5b919625adf","result":{}}
DEBUG 2022-04-26 18:16:19,352 connection.py _on_message     232 RECV < {"method":"App.bindingCalled","params":{"name":"onAppRouteDone","args":[{"webviewId":11,"path":"package1/pages/classroom/detail/index","query":{"id":"80","type":"text"},"openType":"navigateTo","__ts__":1650968179279},1650968179279]}}
INFO  2022-04-26 18:16:19,352 app.py     _on_route_changed 451 Route changed, {'name': 'onAppRouteDone', 'args': [{'webviewId': 11, 'path': 'package1/pages/classroom/detail/index', 'query': {'id': '80', 'type': 'text'}, 'openType': 'navigateTo', '__ts__': 1650968179279}, 1650968179279]}
DEBUG 2022-04-26 18:16:19,568 minitest.py _miniTearDown   512 =========Current case Down：test_get_all_pages_path=========
INFO  2022-04-26 18:16:19,568 minitest.py capture         548 capture teardown.png
DEBUG 2022-04-26 18:16:19,576 connection.py send            183 SEND > {"id":"4f16989c-1999-442e-8cde-ef1b9813a7e3","method":"App.captureScreenshot","params":{}}
DEBUG 2022-04-26 18:16:20,990 connection.py _on_message     230 RECV < {"id":"4f16989c-1999-442e-8cde-ef1b9813a7e3","result":{"data":"iVBORw0KGgoAAAANSUhEUgAABC4AAAgoCAIAAACNtGKYAAAAAXNSR0IArs4c6QAAIABJREFUeJzs3WlYE1fbB/ATEowGGhBBWQUBC5alAhYrWgvUBVFErEu1FX0qRVpFaQWsgAKiVtz3rWoVtfpWWhdaatHHpVZUVKiKFkFQQBAlKkSIBBLyfhidZxogBAgk6v939QMzmcwMi73mn3Pu+7BkMhkBAAAAAADoWFrqvgEAAAAAAHgTIYoAAAAAAIAaIIoAAAAAAIAaIIoAAAAAAIAaIIoAAAAAAIAaIIoAAAAAAIAaIIoAAAAAAIAaIIoAAAAAAIAaIIoAAAAAAIAaIIoAAAAAAIAaIIoAAAAAAIAaIIoAAAAAAIAaIIoAAAAAAIAaIIoAAAAAAIAaIIoAAAAAAIAaIIoAAAAAAIAaIIoAAAAAAIAaIIoAAAAAAI...
DEBUG 2022-04-26 18:16:20,990 connection.py send            183 SEND > {"id":"694ca0d1-6d49-4399-9e37-185b9e6947d5","method":"App.getCurrentPage","params":{}}
DEBUG 2022-04-26 18:16:21,005 connection.py _on_message     232 RECV < {"id":"694ca0d1-6d49-4399-9e37-185b9e6947d5","result":{"pageId":11,"path":"package1/pages/classroom/detail/index","query":{"id":"80","type":"text"}}}
DEBUG 2022-04-26 18:16:21,012 connection.py send            183 SEND > {"id":"daa9fdfc-cd2f-4819-b232-6b9f0b58f52c","method":"Page.getData","params":{"pageId":11}}
DEBUG 2022-04-26 18:16:21,019 connection.py _on_message     230 RECV < {"id":"daa9fdfc-cd2f-4819-b232-6b9f0b58f52c","result":{"data":{"id":"80","type":"text","showShare":false,"detail":{"authorDeptId":"72","authorDeptName":"心血管内科","changeFlag":0,"content":"<div>您好，最近天气转凉，请注意保暖。预防感冒与流行性疾病。</div>","coverUrl":"https://ustatic.med.gzhc365.com/fss/publicfile/39490df00173d32d4e5aa7f73c4bef0193d5b0bd75cf4b0f2ae6357784b9196f.jpg","createTime":"2021-03-18 09:45:26","deptId":"72","deptName":"心血管内科","deptVo":{"createTime":"2021-03-17 17:29:28","deptName":"心血管内科","deptNo":"002","deptTy...
INFO  2022-04-26 18:27:06,814 wx_minium.py launch_dev_tool 701 Starting dev tool and launch MiniProgram project ...
INFO  2022-04-26 18:27:06,814 minium_object.py _do_shell       35  de shell: cli.bat auto --project "C:/Users/crow/Desktop/dist/dist" --auto-port 9420
INFO  2022-04-26 18:27:07,647 minium_object.py _do_shell       53  err:
- initialize

√ IDE server has started, listening on http://127.0.0.1:38578
- preparing
- Fetching AppID (wx45cfec5a12afe345) permissions
√ Using AppID: wx45cfec5a12afe345
× Fetching AppID (wx45cfec5a12afe345) detailed information

INFO  2022-04-26 18:27:07,647 minium_object.py _do_shell       54  out:
[error] {
  code: 10,
  message: 'Error: 错误 Error: Port 9420 is in use (code 10)Error: Port 9420 is in use\n' +
    '    at Object.exports.auto [as method] (D:\\微信web开发者工具\\code\\package.nw\\core.wxvpkg\\1d3c44fb45826718b091c4f56f6d9ab0.js:2:953)\n' +
    '    at processTicksAndRejections (node:internal/process/task_queues:93:5)\n' +
    '    at async D:\\微信web开发者工具\\code\\package.nw\\core.wxvpkg\\7a975443f52e91830ae1d65cdf8c86db.js:2:3730\n' +
    '    at async Object.<anonymous> (D:\\微信web开发者工具\\code\\package.nw\\core.wxvpkg\\7a975443f52e91830ae1d65cdf8c86db.js:2:2983)'
}

INFO  2022-04-26 18:27:07,647 wx_minium.py connect_dev_tool 794 Trying to connect Dev tool ...
INFO  2022-04-26 18:27:08,160 connection.py _connect        137 connect to WebChatTools successfully
DEBUG 2022-04-26 18:27:08,160 connection.py send            183 SEND > {"id":"c09ba576-f52b-47e1-881f-67bf5d289ae4","method":"App.callWxMethod","params":{"method":"getSystemInfoSync","args":[]}}
DEBUG 2022-04-26 18:27:08,165 connection.py _on_message     230 RECV < {"id":"c09ba576-f52b-47e1-881f-67bf5d289ae4","result":{"result":{"model":"iPhone 12/13 Pro Max","pixelRatio":3,"windowWidth":428,"windowHeight":753,"system":"iOS 10.0.1","language":"zh_CN","version":"8.0.5","deviceOrientation":"portrait","screenWidth":428,"screenHeight":926,"SDKVersion":"2.23.2","brand":"devtools","fontSizeSetting":16,"benchmarkLevel":1,"batteryLevel":13,"statusBarHeight":47,"bluetoothEnabled":true,"locationEnabled":true,"wifiEnabled":true,"cameraAuthorized":true,"locationAuthorized":tru...
DEBUG 2022-04-26 18:27:08,165 connection.py send            183 SEND > {"id":"0d2f5c65-cb72-451a-bde9-c762366de6a5","method":"App.addBinding","params":{"name":"onAppRouteDone"}}
DEBUG 2022-04-26 18:27:08,165 connection.py _on_message     232 RECV < {"id":"0d2f5c65-cb72-451a-bde9-c762366de6a5","result":{}}
DEBUG 2022-04-26 18:27:08,165 connection.py send            183 SEND > {"id":"eff8a37a-867a-44b1-8545-576420027742","method":"App.callFunction","params":{"functionDeclaration":"function () {\n    if (!global.__minium_onAppRouteDone) {\n        wx.onAppRouteDone(function (options) {\n            onAppRouteDone(options, Date.now())\n        })\n        global.__minium_onAppRouteDone = true\n    }\n}","args":[]}}
DEBUG 2022-04-26 18:27:08,165 connection.py _on_message     232 RECV < {"id":"eff8a37a-867a-44b1-8545-576420027742","result":{}}
DEBUG 2022-04-26 18:27:08,165 connection.py send            183 SEND > {"id":"0a984b1f-caaf-47a5-b244-40c9e48146a2","method":"App.callFunction","params":{"functionDeclaration":"function () {\n                    if(!global.minium) {global.minium = {};return false;} \n                    else {return true;}\n                }","args":[]}}
DEBUG 2022-04-26 18:27:08,165 connection.py _on_message     232 RECV < {"id":"0a984b1f-caaf-47a5-b244-40c9e48146a2","result":{"result":true}}
DEBUG 2022-04-26 18:27:08,165 connection.py send            183 SEND > {"id":"6a9df228-18d1-4753-9530-023412192fcd","method":"App.callWxMethod","params":{"method":"getLaunchOptionsSync","args":[]}}
DEBUG 2022-04-26 18:27:08,165 connection.py _on_message     232 RECV < {"id":"6a9df228-18d1-4753-9530-023412192fcd","result":{"result":{"path":"pages/home/home/index","query":{},"scene":1001,"referrerInfo":{},"mode":"default","apiCategory":"default"}}}
INFO  2022-04-26 18:27:08,165 app.py     relaunch        306 ReLaunch: /pages/home/home/index
DEBUG 2022-04-26 18:27:08,165 connection.py send            183 SEND > {"id":"5e0ad240-2ee9-427f-b7ca-efcf89c18960","method":"App.getCurrentPage","params":{}}
DEBUG 2022-04-26 18:27:08,165 connection.py _on_message     232 RECV < {"id":"5e0ad240-2ee9-427f-b7ca-efcf89c18960","result":{"pageId":9,"path":"pages/home/home/index","query":{}}}
DEBUG 2022-04-26 18:27:08,165 connection.py send            183 SEND > {"id":"4b451af7-26ff-48d5-a9fa-2e50b26b2807","method":"App.callWxMethod","params":{"method":"getAccountInfoSync","args":[]}}
DEBUG 2022-04-26 18:27:08,165 connection.py _on_message     232 RECV < {"id":"4b451af7-26ff-48d5-a9fa-2e50b26b2807","result":{"result":{"miniProgram":{"appId":"wx45cfec5a12afe345","envVersion":"develop","version":""}}}}
DEBUG 2022-04-26 18:27:08,165 connection.py send            183 SEND > {"id":"4bf58c1e-4808-4c3b-a6b3-632c0a308079","method":"App.callWxMethod","params":{"method":"reLaunch","args":[{"url":"/pages/home/home/index"}]}}
DEBUG 2022-04-26 18:27:08,196 connection.py _on_message     232 RECV < {"id":"4bf58c1e-4808-4c3b-a6b3-632c0a308079","result":{"result":{"errMsg":"reLaunch:ok"}}}
DEBUG 2022-04-26 18:27:08,840 connection.py _on_message     232 RECV < {"method":"App.bindingCalled","params":{"name":"onAppRouteDone","args":[{"webviewId":12,"path":"pages/home/home/index","query":{},"openType":"reLaunch","__ts__":1650968828813},1650968828813]}}
INFO  2022-04-26 18:27:08,840 app.py     _on_route_changed 451 Route changed, {'name': 'onAppRouteDone', 'args': [{'webviewId': 12, 'path': 'pages/home/home/index', 'query': {}, 'openType': 'reLaunch', '__ts__': 1650968828813}, 1650968828813]}
DEBUG 2022-04-26 18:27:08,840 connection.py send            183 SEND > {"id":"f0a53cba-935b-49e6-bdbf-2a052c1f3736","method":"App.callWxMethod","params":{"method":"getSystemInfoSync","args":[]}}
DEBUG 2022-04-26 18:27:08,840 connection.py _on_message     230 RECV < {"id":"f0a53cba-935b-49e6-bdbf-2a052c1f3736","result":{"result":{"model":"iPhone 12/13 Pro Max","pixelRatio":3,"windowWidth":428,"windowHeight":753,"system":"iOS 10.0.1","language":"zh_CN","version":"8.0.5","deviceOrientation":"portrait","screenWidth":428,"screenHeight":926,"SDKVersion":"2.23.2","brand":"devtools","fontSizeSetting":16,"benchmarkLevel":1,"batteryLevel":13,"statusBarHeight":47,"bluetoothEnabled":true,"locationEnabled":true,"wifiEnabled":true,"cameraAuthorized":true,"locationAuthorized":tru...
DEBUG 2022-04-26 18:27:08,840 connection.py send            183 SEND > {"id":"991c8d6a-3614-41a3-9171-702bf04cab15","method":"App.callFunction","params":{"functionDeclaration":"function () {return __wxConfig}","args":[]}}
DEBUG 2022-04-26 18:27:08,855 connection.py _on_message     230 RECV < {"id":"991c8d6a-3614-41a3-9171-702bf04cab15","result":{"result":{"pages":["pages/home/home/index","pages/home/startpage/index","pages/message/home/index","pages/message/chat/index","pages/task/home/index","pages/mine/home/index","pages/mine/patient/list/index","pages/mine/patient/add/index","pages/mine/patient/bindcard/index","pages/mine/patient/detail/index","pages/auth/user_info/index","package1/pages/signservice/list/index","package1/pages/signservice/detail/index","package1/pages/signservice/selectdo...
DEBUG 2022-04-26 18:27:08,871 minitest.py _miniSetUp      286 =========Current case：test_get_all_pages_path=========
INFO  2022-04-26 18:27:08,871 app.py     relaunch        306 ReLaunch: /pages/home/home/index
DEBUG 2022-04-26 18:27:08,871 connection.py send            183 SEND > {"id":"88fb37fe-0000-44bc-9314-1e9f6a08cd48","method":"App.callWxMethod","params":{"method":"reLaunch","args":[{"url":"/pages/home/home/index"}]}}
DEBUG 2022-04-26 18:27:08,871 connection.py _on_message     232 RECV < {"id":"88fb37fe-0000-44bc-9314-1e9f6a08cd48","result":{"result":{"errMsg":"reLaunch:ok"}}}
DEBUG 2022-04-26 18:27:09,531 connection.py _on_message     232 RECV < {"method":"App.bindingCalled","params":{"name":"onAppRouteDone","args":[{"webviewId":13,"path":"pages/home/home/index","query":{},"openType":"reLaunch","__ts__":1650968829511},1650968829511]}}
INFO  2022-04-26 18:27:09,531 app.py     _on_route_changed 451 Route changed, {'name': 'onAppRouteDone', 'args': [{'webviewId': 13, 'path': 'pages/home/home/index', 'query': {}, 'openType': 'reLaunch', '__ts__': 1650968829511}, 1650968829511]}
INFO  2022-04-26 18:27:09,531 minitest.py capture         548 capture setup.png
DEBUG 2022-04-26 18:27:09,531 connection.py send            183 SEND > {"id":"6dc0c23b-797c-422e-a909-d2acec2eeb1b","method":"App.captureScreenshot","params":{}}
DEBUG 2022-04-26 18:27:12,748 connection.py _on_message     230 RECV < {"id":"6dc0c23b-797c-422e-a909-d2acec2eeb1b","result":{"data":"iVBORw0KGgoAAAANSUhEUgAABC4AAAdbCAIAAAD2Sm0eAAAAAXNSR0IArs4c6QAAIABJREFUeJzsvfmTXUd2JnZO5l3fWnthI0Bwa5JNstnsXS2pNTMeW7JiQjOhkCZifvCE5HCE/yqHHbY1WsIzMZZH8vR4utXqRWz1ziYJkNhRQAG1vv3dLfMc/5D33ndfVQEoFAtAVSG/AA9P5c38Mm/ezPvy3JMLvvNf/08AAABEZObD1S2zZbbMltkyW2bLbJkts2W2zJZ5T10u/9s/BAsLCwsLCwsLCwsLi6cLAQCIaKWVVlpppZVWWmmllVZa+TQlfuE7f8bMiMAMiPgEdMtsmS2zZbbMltkyW2bLbJkts2XeqQtmRsRK6KHrltkyW2bLbJkts2W2zJbZMltmy7xTL70iCAAAcLi6ZbbMltkyW2bLbJkts2W2zJbZMu...
INFO  2022-04-26 18:27:12,748 app.py     redirect_to     288 RedirectTo: /pages/home/home/index
DEBUG 2022-04-26 18:27:12,764 connection.py send            183 SEND > {"id":"c73a629d-16f6-42ca-90bc-294076d95c76","method":"App.callWxMethod","params":{"method":"redirectTo","args":[{"url":"/pages/home/home/index"}]}}
DEBUG 2022-04-26 18:27:12,779 connection.py _on_message     232 RECV < {"id":"c73a629d-16f6-42ca-90bc-294076d95c76","result":{"result":{"errMsg":"redirectTo:ok"}}}
DEBUG 2022-04-26 18:27:12,889 connection.py _on_message     232 RECV < {"method":"App.bindingCalled","params":{"name":"onAppRouteDone","args":[{"webviewId":14,"path":"pages/home/home/index","query":{},"openType":"redirectTo","__ts__":1650968832869},1650968832870]}}
INFO  2022-04-26 18:27:12,889 app.py     _on_route_changed 451 Route changed, {'name': 'onAppRouteDone', 'args': [{'webviewId': 14, 'path': 'pages/home/home/index', 'query': {}, 'openType': 'redirectTo', '__ts__': 1650968832869}, 1650968832870]}
DEBUG 2022-04-26 18:27:12,889 connection.py send            183 SEND > {"id":"4baf8f95-cc80-4a7f-851c-47ee0f6222d3","method":"App.getCurrentPage","params":{}}
DEBUG 2022-04-26 18:27:12,898 connection.py _on_message     232 RECV < {"id":"4baf8f95-cc80-4a7f-851c-47ee0f6222d3","result":{"pageId":14,"path":"pages/home/home/index","query":{}}}
INFO  2022-04-26 18:27:12,898 page.py    _get_elements_by_css 445 try to get elements: view.search-box[text(contains("查询科普"))]
DEBUG 2022-04-26 18:27:12,898 connection.py send            183 SEND > {"id":"671b8b39-effc-4ced-a466-672d72584287","method":"Page.getElements","params":{"selector":"view.search-box[text(contains(\"\u67e5\u8be2\u79d1\u666e\"))]","pageId":14}}
DEBUG 2022-04-26 18:27:12,921 connection.py _on_message     232 RECV < {"id":"671b8b39-effc-4ced-a466-672d72584287","result":{"elements":[{"elementId":"5005b6ef-061f-465c-bb78-9586d9f1e8c5","tagName":"view"}]}}
INFO  2022-04-26 18:27:13,936 page.py    _get_elements_by_css 452 find elements success: [<minium.miniprogram.base_driver.element.BaseElement object at 0x000001A18DB7EB90>]
DEBUG 2022-04-26 18:27:13,936 connection.py send            183 SEND > {"id":"25e047aa-9a18-4865-aca3-f0e26d3ef123","method":"Element.getStyles","params":{"names":["pointer-events"],"elementId":"5005b6ef-061f-465c-bb78-9586d9f1e8c5","pageId":14}}
DEBUG 2022-04-26 18:27:13,936 connection.py _on_message     232 RECV < {"id":"25e047aa-9a18-4865-aca3-f0e26d3ef123","result":{"styles":["auto"]}}
DEBUG 2022-04-26 18:27:13,936 connection.py send            183 SEND > {"id":"dc0fb1eb-e7fc-4e5c-88af-c8313aa422b8","method":"Element.tap","params":{"elementId":"5005b6ef-061f-465c-bb78-9586d9f1e8c5","pageId":14}}
DEBUG 2022-04-26 18:27:13,999 connection.py _on_message     232 RECV < {"id":"dc0fb1eb-e7fc-4e5c-88af-c8313aa422b8","result":{}}
DEBUG 2022-04-26 18:27:14,343 connection.py _on_message     232 RECV < {"method":"App.bindingCalled","params":{"name":"onAppRouteDone","args":[{"webviewId":15,"path":"package1/pages/classroom/search/index","query":{"searchType":"3"},"openType":"navigateTo","__ts__":1650968834315},1650968834315]}}
INFO  2022-04-26 18:27:14,343 app.py     _on_route_changed 451 Route changed, {'name': 'onAppRouteDone', 'args': [{'webviewId': 15, 'path': 'package1/pages/classroom/search/index', 'query': {'searchType': '3'}, 'openType': 'navigateTo', '__ts__': 1650968834315}, 1650968834315]}
DEBUG 2022-04-26 18:27:15,008 connection.py send            183 SEND > {"id":"8ddecb53-5217-4c56-8531-283b310f4745","method":"App.getCurrentPage","params":{}}
DEBUG 2022-04-26 18:27:15,008 connection.py _on_message     232 RECV < {"id":"8ddecb53-5217-4c56-8531-283b310f4745","result":{"pageId":15,"path":"package1/pages/classroom/search/index","query":{"searchType":"3"}}}
INFO  2022-04-26 18:27:15,008 page.py    _get_elements_by_css 445 try to get elements: input.search-box[text(contains("搜索疾病/问题"))]
DEBUG 2022-04-26 18:27:15,008 connection.py send            183 SEND > {"id":"3822f3b4-7254-44c2-9912-da9b1be2d606","method":"Page.getElements","params":{"selector":"input.search-box[text(contains(\"\u641c\u7d22\u75be\u75c5/\u95ee\u9898\"))]","pageId":15}}
DEBUG 2022-04-26 18:27:15,008 connection.py _on_message     232 RECV < {"id":"3822f3b4-7254-44c2-9912-da9b1be2d606","result":{"elements":[{"elementId":"3245368f-0784-485d-954f-5efb9a936a2c","tagName":"input"}]}}
INFO  2022-04-26 18:27:16,016 page.py    _get_elements_by_css 452 find elements success: [<minium.miniprogram.base_driver.element.FormElement object at 0x000001A18DB7F160>]
DEBUG 2022-04-26 18:27:16,016 connection.py send            183 SEND > {"id":"e7b8ad04-4163-4768-a08c-15f0cece27bf","method":"Element.callFunction","params":{"functionName":"input.input","args":["\u5fc3\u8840\u7ba1"],"elementId":"3245368f-0784-485d-954f-5efb9a936a2c","pageId":15}}
DEBUG 2022-04-26 18:27:16,016 connection.py _on_message     232 RECV < {"id":"e7b8ad04-4163-4768-a08c-15f0cece27bf","result":{}}
DEBUG 2022-04-26 18:27:16,016 connection.py send            183 SEND > {"id":"bde16172-0bc3-407e-a840-476176662910","method":"App.getCurrentPage","params":{}}
DEBUG 2022-04-26 18:27:16,016 connection.py _on_message     232 RECV < {"id":"bde16172-0bc3-407e-a840-476176662910","result":{"pageId":15,"path":"package1/pages/classroom/search/index","query":{"searchType":"3"}}}
INFO  2022-04-26 18:27:16,031 page.py    _get_elements_by_css 445 try to get elements: rich-text[text(contains("测试患教资料"))]
DEBUG 2022-04-26 18:27:16,031 connection.py send            183 SEND > {"id":"e8bf9a34-b2a8-4d89-a04f-f4df50520981","method":"Page.getElements","params":{"selector":"rich-text[text(contains(\"\u6d4b\u8bd5\u60a3\u6559\u8d44\u6599\"))]","pageId":15}}
DEBUG 2022-04-26 18:27:16,031 connection.py _on_message     232 RECV < {"id":"e8bf9a34-b2a8-4d89-a04f-f4df50520981","result":{"elements":[]}}
WARNI 2022-04-26 18:27:17,037 page.py    _get_elements_by_css 450 Could not found any element 'rich-text[text(contains("测试患教资料"))]' you need
INFO  2022-04-26 18:27:17,298 page.py    _get_elements_by_css 445 try to get elements: rich-text[text(contains("测试患教资料"))]
DEBUG 2022-04-26 18:27:17,298 connection.py send            183 SEND > {"id":"3bf0d845-5cb5-40af-a23b-8776a5ac3ead","method":"Page.getElements","params":{"selector":"rich-text[text(contains(\"\u6d4b\u8bd5\u60a3\u6559\u8d44\u6599\"))]","pageId":15}}
DEBUG 2022-04-26 18:27:17,302 connection.py _on_message     232 RECV < {"id":"3bf0d845-5cb5-40af-a23b-8776a5ac3ead","result":{"elements":[{"elementId":"9188d782-bb54-4bd4-a986-45031b03f7db","tagName":"rich-text"},{"elementId":"7dea2a38-1850-417f-92fb-11b13716e778","tagName":"rich-text"},{"elementId":"d3c8fe1a-42a8-41be-b9f8-e32e8207b3aa","tagName":"rich-text"}]}}
INFO  2022-04-26 18:27:18,316 page.py    _get_elements_by_css 452 find elements success: [<minium.miniprogram.base_driver.element.BaseElement object at 0x000001A18DB7F670>, <minium.miniprogram.base_driver.element.BaseElement object at 0x000001A18DB7F610>, <minium.miniprogram.base_driver.element.BaseElement object at 0x000001A18DB7EB00>]
DEBUG 2022-04-26 18:27:18,316 connection.py send            183 SEND > {"id":"5bf2d271-818b-4c72-987b-ac591bf4f817","method":"App.getCurrentPage","params":{}}
DEBUG 2022-04-26 18:27:18,319 connection.py _on_message     232 RECV < {"id":"5bf2d271-818b-4c72-987b-ac591bf4f817","result":{"pageId":15,"path":"package1/pages/classroom/search/index","query":{"searchType":"3"}}}
INFO  2022-04-26 18:27:18,320 page.py    _get_elements_by_css 445 try to get elements: rich-text[text(contains("测试患教资料"))]
DEBUG 2022-04-26 18:27:18,320 connection.py send            183 SEND > {"id":"3281b920-04f7-4e1e-8df8-831fed4aca6b","method":"Page.getElements","params":{"selector":"rich-text[text(contains(\"\u6d4b\u8bd5\u60a3\u6559\u8d44\u6599\"))]","pageId":15}}
DEBUG 2022-04-26 18:27:18,322 connection.py _on_message     232 RECV < {"id":"3281b920-04f7-4e1e-8df8-831fed4aca6b","result":{"elements":[{"elementId":"9188d782-bb54-4bd4-a986-45031b03f7db","tagName":"rich-text"},{"elementId":"7dea2a38-1850-417f-92fb-11b13716e778","tagName":"rich-text"},{"elementId":"d3c8fe1a-42a8-41be-b9f8-e32e8207b3aa","tagName":"rich-text"}]}}
INFO  2022-04-26 18:27:19,325 page.py    _get_elements_by_css 452 find elements success: [<minium.miniprogram.base_driver.element.BaseElement object at 0x000001A18DB7F9D0>, <minium.miniprogram.base_driver.element.BaseElement object at 0x000001A18DB7EEF0>, <minium.miniprogram.base_driver.element.BaseElement object at 0x000001A18DB7FC40>]
DEBUG 2022-04-26 18:27:19,326 connection.py send            183 SEND > {"id":"1e05e3ff-4710-4a10-9f08-03f6ae333dea","method":"Element.getStyles","params":{"names":["pointer-events"],"elementId":"9188d782-bb54-4bd4-a986-45031b03f7db","pageId":15}}
DEBUG 2022-04-26 18:27:19,330 connection.py _on_message     232 RECV < {"id":"1e05e3ff-4710-4a10-9f08-03f6ae333dea","result":{"styles":["auto"]}}
DEBUG 2022-04-26 18:27:19,331 connection.py send            183 SEND > {"id":"a3d25fa5-fd96-4527-865e-53485eeef0fa","method":"Element.tap","params":{"elementId":"9188d782-bb54-4bd4-a986-45031b03f7db","pageId":15}}
DEBUG 2022-04-26 18:27:19,381 connection.py _on_message     232 RECV < {"id":"a3d25fa5-fd96-4527-865e-53485eeef0fa","result":{}}
DEBUG 2022-04-26 18:27:19,709 connection.py _on_message     232 RECV < {"method":"App.bindingCalled","params":{"name":"onAppRouteDone","args":[{"webviewId":16,"path":"package1/pages/classroom/detail/index","query":{"id":"80","type":"text"},"openType":"navigateTo","__ts__":1650968839681},1650968839681]}}
INFO  2022-04-26 18:27:19,709 app.py     _on_route_changed 451 Route changed, {'name': 'onAppRouteDone', 'args': [{'webviewId': 16, 'path': 'package1/pages/classroom/detail/index', 'query': {'id': '80', 'type': 'text'}, 'openType': 'navigateTo', '__ts__': 1650968839681}, 1650968839681]}
INFO  2022-04-26 18:27:20,394 app.py     relaunch        306 ReLaunch: /pages/home/home/index
DEBUG 2022-04-26 18:27:20,394 connection.py send            183 SEND > {"id":"6d75a9f3-6181-480b-9246-306292324cf3","method":"App.callWxMethod","params":{"method":"reLaunch","args":[{"url":"/pages/home/home/index"}]}}
DEBUG 2022-04-26 18:27:20,428 connection.py _on_message     232 RECV < {"id":"6d75a9f3-6181-480b-9246-306292324cf3","result":{"result":{"errMsg":"reLaunch:ok"}}}
DEBUG 2022-04-26 18:27:20,526 connection.py _on_message     232 RECV < {"method":"App.bindingCalled","params":{"name":"onAppRouteDone","args":[{"webviewId":17,"path":"pages/home/home/index","query":{},"openType":"reLaunch","__ts__":1650968840504},1650968840504]}}
INFO  2022-04-26 18:27:20,527 app.py     _on_route_changed 451 Route changed, {'name': 'onAppRouteDone', 'args': [{'webviewId': 17, 'path': 'pages/home/home/index', 'query': {}, 'openType': 'reLaunch', '__ts__': 1650968840504}, 1650968840504]}
DEBUG 2022-04-26 18:27:20,527 minitest.py _miniTearDown   512 =========Current case Down：test_get_all_pages_path=========
INFO  2022-04-26 18:27:20,529 minitest.py capture         548 capture teardown.png
DEBUG 2022-04-26 18:27:20,529 connection.py send            183 SEND > {"id":"a7d4b803-5083-4a14-b026-c5e35f704e70","method":"App.captureScreenshot","params":{}}
DEBUG 2022-04-26 18:27:20,655 connection.py _on_message     230 RECV < {"id":"a7d4b803-5083-4a14-b026-c5e35f704e70","result":{"data":"iVBORw0KGgoAAAANSUhEUgAABC4AAAdbCAIAAAD2Sm0eAAAAAXNSR0IArs4c6QAAIABJREFUeJzs3X98Vfed5/f359wrXUnoggTCwmBDsLGNDcE2Dk4wxCT2hDExThizcVpvPZPZTZt2Zjs73UzbnT6mu9l9zD46bWd2d6bdtmmT3WzdYRISHOyQkDCDHbAwDsTYxsjI5pcRCJDR7ytd6Uq699s/zrlC/JaE7vde0Ov1x3uekgDLyPN4nJNz7zm2bOdfS5JkZs45jDHGGGOMMfbgWP3vbBQREREREZHfAklmxrIsy7Isy7Is63PtwVc3OefM5JzMDGOMMcYYY4w9OHDOmdmor2GMMcYYY4xxwT1yVcQkScIYY4wxxhhjDx65KuJGvoYxxhhjjDHGhbY9+OomERERERER+S0Iz0vCMMYYY4wxxtiPuSpCRERERE...
DEBUG 2022-04-26 18:27:20,656 connection.py send            183 SEND > {"id":"24332ed3-21b9-4a62-ae8c-9d9463a1c230","method":"App.getCurrentPage","params":{}}
DEBUG 2022-04-26 18:27:20,658 connection.py _on_message     232 RECV < {"id":"24332ed3-21b9-4a62-ae8c-9d9463a1c230","result":{"pageId":17,"path":"pages/home/home/index","query":{}}}
DEBUG 2022-04-26 18:27:20,658 connection.py send            183 SEND > {"id":"860d3f6a-34d5-4d2c-8e29-74c7d2de23dd","method":"Page.getData","params":{"pageId":17}}
DEBUG 2022-04-26 18:27:20,661 connection.py _on_message     230 RECV < {"id":"860d3f6a-34d5-4d2c-8e29-74c7d2de23dd","result":{"data":{"isFirstEnter":0,"showStartPage":"1","hisId":45,"hisDet":{"appointmentCodeUrl":"https://ustatic.med.gzhc365.com/fss/publicfile/70f794fc23c8b4e348e638cd262175aa0993a503068289b2ed2448231fa84e7b.png","appointmentUrl":"","area":"青秀区","attribute":"医联体主体单位","city":"南宁市","contactName":"测试","coordinateType":"BD09","createTime":"2020-11-14 21:22:22","customerServiceSupport":1,"detailedAddress":"桃源路6号","email":"386030556@qq.com","hisId":"45","hisLevel"...
INFO  2022-04-26 18:29:23,962 wx_minium.py launch_dev_tool 701 Starting dev tool and launch MiniProgram project ...
INFO  2022-04-26 18:29:23,963 minium_object.py _do_shell       35  de shell: cli.bat auto --project "C:/Users/crow/Desktop/dist/dist" --auto-port 9420
INFO  2022-04-26 18:29:24,918 minium_object.py _do_shell       53  err:
- initialize

√ IDE server has started, listening on http://127.0.0.1:38578
- preparing
- Fetching AppID (wx45cfec5a12afe345) permissions
√ Using AppID: wx45cfec5a12afe345
× Fetching AppID (wx45cfec5a12afe345) detailed information

INFO  2022-04-26 18:29:24,918 minium_object.py _do_shell       54  out:
[error] {
  code: 10,
  message: 'Error: 错误 Error: Port 9420 is in use (code 10)Error: Port 9420 is in use\n' +
    '    at Object.exports.auto [as method] (D:\\微信web开发者工具\\code\\package.nw\\core.wxvpkg\\1d3c44fb45826718b091c4f56f6d9ab0.js:2:953)\n' +
    '    at processTicksAndRejections (node:internal/process/task_queues:93:5)\n' +
    '    at async D:\\微信web开发者工具\\code\\package.nw\\core.wxvpkg\\7a975443f52e91830ae1d65cdf8c86db.js:2:3730\n' +
    '    at async Object.<anonymous> (D:\\微信web开发者工具\\code\\package.nw\\core.wxvpkg\\7a975443f52e91830ae1d65cdf8c86db.js:2:2983)'
}

INFO  2022-04-26 18:29:24,933 wx_minium.py connect_dev_tool 794 Trying to connect Dev tool ...
INFO  2022-04-26 18:29:25,467 connection.py _connect        137 connect to WebChatTools successfully
DEBUG 2022-04-26 18:29:25,467 connection.py send            183 SEND > {"id":"853ca617-e265-47a1-bac2-a39b16909285","method":"App.callWxMethod","params":{"method":"getSystemInfoSync","args":[]}}
DEBUG 2022-04-26 18:29:25,473 connection.py _on_message     230 RECV < {"id":"853ca617-e265-47a1-bac2-a39b16909285","result":{"result":{"model":"iPhone 12/13 Pro Max","pixelRatio":3,"windowWidth":428,"windowHeight":753,"system":"iOS 10.0.1","language":"zh_CN","version":"8.0.5","deviceOrientation":"portrait","screenWidth":428,"screenHeight":926,"SDKVersion":"2.23.2","brand":"devtools","fontSizeSetting":16,"benchmarkLevel":1,"batteryLevel":14,"statusBarHeight":47,"bluetoothEnabled":true,"locationEnabled":true,"wifiEnabled":true,"cameraAuthorized":true,"locationAuthorized":tru...
DEBUG 2022-04-26 18:29:25,474 connection.py send            183 SEND > {"id":"e026cb27-53af-4ea7-8160-d1a1f4b0e9ce","method":"App.addBinding","params":{"name":"onAppRouteDone"}}
DEBUG 2022-04-26 18:29:25,475 connection.py _on_message     232 RECV < {"id":"e026cb27-53af-4ea7-8160-d1a1f4b0e9ce","result":{}}
DEBUG 2022-04-26 18:29:25,475 connection.py send            183 SEND > {"id":"b66893cc-3101-4b3a-a8f8-5ab47793a85b","method":"App.callFunction","params":{"functionDeclaration":"function () {\n    if (!global.__minium_onAppRouteDone) {\n        wx.onAppRouteDone(function (options) {\n            onAppRouteDone(options, Date.now())\n        })\n        global.__minium_onAppRouteDone = true\n    }\n}","args":[]}}
DEBUG 2022-04-26 18:29:25,476 connection.py _on_message     232 RECV < {"id":"b66893cc-3101-4b3a-a8f8-5ab47793a85b","result":{}}
DEBUG 2022-04-26 18:29:25,477 connection.py send            183 SEND > {"id":"e5be0b84-f2c1-4ad7-9b3c-d8d65d66f983","method":"App.callFunction","params":{"functionDeclaration":"function () {\n                    if(!global.minium) {global.minium = {};return false;} \n                    else {return true;}\n                }","args":[]}}
DEBUG 2022-04-26 18:29:25,478 connection.py _on_message     232 RECV < {"id":"e5be0b84-f2c1-4ad7-9b3c-d8d65d66f983","result":{"result":true}}
DEBUG 2022-04-26 18:29:25,478 connection.py send            183 SEND > {"id":"7849105c-e0d0-4cda-8967-75d9017a9d3b","method":"App.callWxMethod","params":{"method":"getLaunchOptionsSync","args":[]}}
DEBUG 2022-04-26 18:29:25,480 connection.py _on_message     232 RECV < {"id":"7849105c-e0d0-4cda-8967-75d9017a9d3b","result":{"result":{"path":"pages/home/home/index","query":{},"scene":1001,"referrerInfo":{},"mode":"default","apiCategory":"default"}}}
INFO  2022-04-26 18:29:25,480 app.py     relaunch        306 ReLaunch: /pages/home/home/index
DEBUG 2022-04-26 18:29:25,480 connection.py send            183 SEND > {"id":"6e1b526c-0ba3-44d8-b5ee-993ea4e97878","method":"App.getCurrentPage","params":{}}
DEBUG 2022-04-26 18:29:25,482 connection.py _on_message     232 RECV < {"id":"6e1b526c-0ba3-44d8-b5ee-993ea4e97878","result":{"pageId":17,"path":"pages/home/home/index","query":{}}}
DEBUG 2022-04-26 18:29:25,482 connection.py send            183 SEND > {"id":"a92703b5-66ee-4464-8286-6da980ea7e71","method":"App.callWxMethod","params":{"method":"getAccountInfoSync","args":[]}}
DEBUG 2022-04-26 18:29:25,485 connection.py _on_message     232 RECV < {"id":"a92703b5-66ee-4464-8286-6da980ea7e71","result":{"result":{"miniProgram":{"appId":"wx45cfec5a12afe345","envVersion":"develop","version":""}}}}
DEBUG 2022-04-26 18:29:25,485 connection.py send            183 SEND > {"id":"a6d8f8f4-f522-4be1-9a8c-96604f581a85","method":"App.callWxMethod","params":{"method":"reLaunch","args":[{"url":"/pages/home/home/index"}]}}
DEBUG 2022-04-26 18:29:25,500 connection.py _on_message     232 RECV < {"id":"a6d8f8f4-f522-4be1-9a8c-96604f581a85","result":{"result":{"errMsg":"reLaunch:ok"}}}
DEBUG 2022-04-26 18:29:26,138 connection.py _on_message     232 RECV < {"method":"App.bindingCalled","params":{"name":"onAppRouteDone","args":[{"webviewId":18,"path":"pages/home/home/index","query":{},"openType":"reLaunch","__ts__":1650968966111},1650968966111]}}
INFO  2022-04-26 18:29:26,138 app.py     _on_route_changed 451 Route changed, {'name': 'onAppRouteDone', 'args': [{'webviewId': 18, 'path': 'pages/home/home/index', 'query': {}, 'openType': 'reLaunch', '__ts__': 1650968966111}, 1650968966111]}
DEBUG 2022-04-26 18:29:26,139 connection.py send            183 SEND > {"id":"3fedc2d7-739f-47ba-bcdd-e003297fdb9a","method":"App.callWxMethod","params":{"method":"getSystemInfoSync","args":[]}}
DEBUG 2022-04-26 18:29:26,146 connection.py _on_message     230 RECV < {"id":"3fedc2d7-739f-47ba-bcdd-e003297fdb9a","result":{"result":{"model":"iPhone 12/13 Pro Max","pixelRatio":3,"windowWidth":428,"windowHeight":753,"system":"iOS 10.0.1","language":"zh_CN","version":"8.0.5","deviceOrientation":"portrait","screenWidth":428,"screenHeight":926,"SDKVersion":"2.23.2","brand":"devtools","fontSizeSetting":16,"benchmarkLevel":1,"batteryLevel":15,"statusBarHeight":47,"bluetoothEnabled":true,"locationEnabled":true,"wifiEnabled":true,"cameraAuthorized":true,"locationAuthorized":tru...
DEBUG 2022-04-26 18:29:26,146 connection.py send            183 SEND > {"id":"51082c88-2c49-4cc2-baf6-a11f0e17defe","method":"App.callFunction","params":{"functionDeclaration":"function () {return __wxConfig}","args":[]}}
DEBUG 2022-04-26 18:29:26,150 connection.py _on_message     230 RECV < {"id":"51082c88-2c49-4cc2-baf6-a11f0e17defe","result":{"result":{"pages":["pages/home/home/index","pages/home/startpage/index","pages/message/home/index","pages/message/chat/index","pages/task/home/index","pages/mine/home/index","pages/mine/patient/list/index","pages/mine/patient/add/index","pages/mine/patient/bindcard/index","pages/mine/patient/detail/index","pages/auth/user_info/index","package1/pages/signservice/list/index","package1/pages/signservice/detail/index","package1/pages/signservice/selectdo...
DEBUG 2022-04-26 18:29:26,156 minitest.py _miniSetUp      286 =========Current case：test_get_all_pages_path=========
INFO  2022-04-26 18:29:26,157 app.py     relaunch        306 ReLaunch: /pages/home/home/index
DEBUG 2022-04-26 18:29:26,157 connection.py send            183 SEND > {"id":"c476db79-835c-4e7d-98e9-525b60bac275","method":"App.callWxMethod","params":{"method":"reLaunch","args":[{"url":"/pages/home/home/index"}]}}
DEBUG 2022-04-26 18:29:26,174 connection.py _on_message     232 RECV < {"id":"c476db79-835c-4e7d-98e9-525b60bac275","result":{"result":{"errMsg":"reLaunch:ok"}}}
DEBUG 2022-04-26 18:29:26,832 connection.py _on_message     232 RECV < {"method":"App.bindingCalled","params":{"name":"onAppRouteDone","args":[{"webviewId":19,"path":"pages/home/home/index","query":{},"openType":"reLaunch","__ts__":1650968966809},1650968966809]}}
INFO  2022-04-26 18:29:26,833 app.py     _on_route_changed 451 Route changed, {'name': 'onAppRouteDone', 'args': [{'webviewId': 19, 'path': 'pages/home/home/index', 'query': {}, 'openType': 'reLaunch', '__ts__': 1650968966809}, 1650968966809]}
INFO  2022-04-26 18:29:26,835 minitest.py capture         548 capture setup.png
DEBUG 2022-04-26 18:29:26,836 connection.py send            183 SEND > {"id":"3c67513b-c5a7-4892-b91c-2b7bc204b08e","method":"App.captureScreenshot","params":{}}
DEBUG 2022-04-26 18:29:29,452 connection.py _on_message     230 RECV < {"id":"3c67513b-c5a7-4892-b91c-2b7bc204b08e","result":{"data":"iVBORw0KGgoAAAANSUhEUgAABC4AAAdbCAIAAAD2Sm0eAAAAAXNSR0IArs4c6QAAIABJREFUeJzsvfmTXUd2JnZO5l3fWnthI0Bwa5JNstnsXS2pNTMeW7JiQjOhkCZifvCE5HCE/yqHHbY1WsIzMZZH8vR4utXqRWz1ziYJkNhRQAG1vv3dLfMc/5D33ndfVQEoFAtAVSG/AA9P5c38Mm/ezPvy3JMLvvNf/08AAABEZObD1S2zZbbMltkyW2bLbJkts2W2zJZ5T10u/9s/BAsLCwsLCwsLCwsLi6cLAQCIaKWVVlpppZVWWmmllVZa+TQlfuE7f8bMiMAMiPgEdMtsmS2zZbbMltkyW2bLbJkts2XeqQtmRsRK6KHrltkyW2bLbJkts2W2zJbZMltmy7xTL70iCAAAcLi6ZbbMltkyW2bLbJkts2W2zJbZMu...
INFO  2022-04-26 18:29:29,452 app.py     redirect_to     288 RedirectTo: /pages/home/home/index
DEBUG 2022-04-26 18:29:29,452 connection.py send            183 SEND > {"id":"9b6134f4-c042-4363-99e0-8d3d8cc8b963","method":"App.callWxMethod","params":{"method":"redirectTo","args":[{"url":"/pages/home/home/index"}]}}
DEBUG 2022-04-26 18:29:29,490 connection.py _on_message     232 RECV < {"id":"9b6134f4-c042-4363-99e0-8d3d8cc8b963","result":{"result":{"errMsg":"redirectTo:ok"}}}
DEBUG 2022-04-26 18:29:29,604 connection.py _on_message     232 RECV < {"method":"App.bindingCalled","params":{"name":"onAppRouteDone","args":[{"webviewId":20,"path":"pages/home/home/index","query":{},"openType":"redirectTo","__ts__":1650968969574},1650968969575]}}
INFO  2022-04-26 18:29:29,604 app.py     _on_route_changed 451 Route changed, {'name': 'onAppRouteDone', 'args': [{'webviewId': 20, 'path': 'pages/home/home/index', 'query': {}, 'openType': 'redirectTo', '__ts__': 1650968969574}, 1650968969575]}
DEBUG 2022-04-26 18:29:29,604 connection.py send            183 SEND > {"id":"9862cd3c-674a-412b-895e-226b5222fdf2","method":"App.getCurrentPage","params":{}}
DEBUG 2022-04-26 18:29:29,606 connection.py _on_message     232 RECV < {"id":"9862cd3c-674a-412b-895e-226b5222fdf2","result":{"pageId":20,"path":"pages/home/home/index","query":{}}}
INFO  2022-04-26 18:29:29,607 page.py    _get_elements_by_css 445 try to get elements: view.search-box[text(contains("查询科普"))]
DEBUG 2022-04-26 18:29:29,607 connection.py send            183 SEND > {"id":"9de95cf2-dc6e-4842-b2d9-e12ceb5a92fc","method":"Page.getElements","params":{"selector":"view.search-box[text(contains(\"\u67e5\u8be2\u79d1\u666e\"))]","pageId":20}}
DEBUG 2022-04-26 18:29:29,617 connection.py _on_message     232 RECV < {"id":"9de95cf2-dc6e-4842-b2d9-e12ceb5a92fc","result":{"elements":[{"elementId":"9b724015-fa7c-4a2a-b632-17480c9f8114","tagName":"view"}]}}
INFO  2022-04-26 18:29:30,620 page.py    _get_elements_by_css 452 find elements success: [<minium.miniprogram.base_driver.element.BaseElement object at 0x000002A906CFEA70>]
DEBUG 2022-04-26 18:29:30,620 connection.py send            183 SEND > {"id":"a17fe3ff-48f3-4721-baa5-2d7ac85beab9","method":"Element.getStyles","params":{"names":["pointer-events"],"elementId":"9b724015-fa7c-4a2a-b632-17480c9f8114","pageId":20}}
DEBUG 2022-04-26 18:29:30,624 connection.py _on_message     232 RECV < {"id":"a17fe3ff-48f3-4721-baa5-2d7ac85beab9","result":{"styles":["auto"]}}
DEBUG 2022-04-26 18:29:30,625 connection.py send            183 SEND > {"id":"ff8972eb-14e6-465b-bfc4-ff2035ef5227","method":"Element.tap","params":{"elementId":"9b724015-fa7c-4a2a-b632-17480c9f8114","pageId":20}}
DEBUG 2022-04-26 18:29:30,674 connection.py _on_message     232 RECV < {"id":"ff8972eb-14e6-465b-bfc4-ff2035ef5227","result":{}}
DEBUG 2022-04-26 18:29:31,049 connection.py _on_message     232 RECV < {"method":"App.bindingCalled","params":{"name":"onAppRouteDone","args":[{"webviewId":21,"path":"package1/pages/classroom/search/index","query":{"searchType":"3"},"openType":"navigateTo","__ts__":1650968971020},1650968971021]}}
INFO  2022-04-26 18:29:31,050 app.py     _on_route_changed 451 Route changed, {'name': 'onAppRouteDone', 'args': [{'webviewId': 21, 'path': 'package1/pages/classroom/search/index', 'query': {'searchType': '3'}, 'openType': 'navigateTo', '__ts__': 1650968971020}, 1650968971021]}
DEBUG 2022-04-26 18:29:31,681 connection.py send            183 SEND > {"id":"d8e8c217-fbce-4faf-a25b-5a239e00c4f9","method":"App.getCurrentPage","params":{}}
DEBUG 2022-04-26 18:29:31,703 connection.py _on_message     232 RECV < {"id":"d8e8c217-fbce-4faf-a25b-5a239e00c4f9","result":{"pageId":21,"path":"package1/pages/classroom/search/index","query":{"searchType":"3"}}}
INFO  2022-04-26 18:29:31,704 page.py    _get_elements_by_css 445 try to get elements: input.search-box[text(contains("搜索疾病/问题"))]
DEBUG 2022-04-26 18:29:31,704 connection.py send            183 SEND > {"id":"af5fcd05-58c1-4a54-ae4f-986d16e44a51","method":"Page.getElements","params":{"selector":"input.search-box[text(contains(\"\u641c\u7d22\u75be\u75c5/\u95ee\u9898\"))]","pageId":21}}
DEBUG 2022-04-26 18:29:31,707 connection.py _on_message     232 RECV < {"id":"af5fcd05-58c1-4a54-ae4f-986d16e44a51","result":{"elements":[{"elementId":"0de84a9e-36bf-47d2-a971-b9c3ee22237f","tagName":"input"}]}}
INFO  2022-04-26 18:29:32,722 page.py    _get_elements_by_css 452 find elements success: [<minium.miniprogram.base_driver.element.FormElement object at 0x000002A906CFF040>]
DEBUG 2022-04-26 18:29:32,722 connection.py send            183 SEND > {"id":"4ae06f3d-333c-4bc5-83ca-3962f13a7d44","method":"Element.callFunction","params":{"functionName":"input.input","args":["\u5fc3\u8840\u7ba1"],"elementId":"0de84a9e-36bf-47d2-a971-b9c3ee22237f","pageId":21}}
DEBUG 2022-04-26 18:29:32,735 connection.py _on_message     232 RECV < {"id":"4ae06f3d-333c-4bc5-83ca-3962f13a7d44","result":{}}
DEBUG 2022-04-26 18:29:32,736 connection.py send            183 SEND > {"id":"9b02a754-69e5-4a48-bae1-e08453246e58","method":"App.getCurrentPage","params":{}}
DEBUG 2022-04-26 18:29:32,739 connection.py _on_message     232 RECV < {"id":"9b02a754-69e5-4a48-bae1-e08453246e58","result":{"pageId":21,"path":"package1/pages/classroom/search/index","query":{"searchType":"3"}}}
INFO  2022-04-26 18:29:32,739 page.py    _get_elements_by_css 445 try to get elements: rich-text[text(contains("测试患教资料"))]
DEBUG 2022-04-26 18:29:32,740 connection.py send            183 SEND > {"id":"d85e15f6-2d8d-4300-9915-61750fb70c7f","method":"Page.getElements","params":{"selector":"rich-text[text(contains(\"\u6d4b\u8bd5\u60a3\u6559\u8d44\u6599\"))]","pageId":21}}
DEBUG 2022-04-26 18:29:32,742 connection.py _on_message     232 RECV < {"id":"d85e15f6-2d8d-4300-9915-61750fb70c7f","result":{"elements":[]}}
WARNI 2022-04-26 18:29:33,752 page.py    _get_elements_by_css 450 Could not found any element 'rich-text[text(contains("测试患教资料"))]' you need
INFO  2022-04-26 18:29:34,009 page.py    _get_elements_by_css 445 try to get elements: rich-text[text(contains("测试患教资料"))]
DEBUG 2022-04-26 18:29:34,010 connection.py send            183 SEND > {"id":"4c4fbd22-5cb4-4288-ba7f-fa7bdb134580","method":"Page.getElements","params":{"selector":"rich-text[text(contains(\"\u6d4b\u8bd5\u60a3\u6559\u8d44\u6599\"))]","pageId":21}}
DEBUG 2022-04-26 18:29:34,012 connection.py _on_message     232 RECV < {"id":"4c4fbd22-5cb4-4288-ba7f-fa7bdb134580","result":{"elements":[{"elementId":"e585e443-089c-4fca-9104-fdbe77274c46","tagName":"rich-text"},{"elementId":"f21058ba-74e0-490a-8269-ec2e8ac5ded8","tagName":"rich-text"},{"elementId":"55d066ea-9186-434e-8f0d-da56d7756890","tagName":"rich-text"}]}}
INFO  2022-04-26 18:29:35,022 page.py    _get_elements_by_css 452 find elements success: [<minium.miniprogram.base_driver.element.BaseElement object at 0x000002A906CFF550>, <minium.miniprogram.base_driver.element.BaseElement object at 0x000002A906CFF3D0>, <minium.miniprogram.base_driver.element.BaseElement object at 0x000002A906CFE9E0>]
DEBUG 2022-04-26 18:29:35,023 connection.py send            183 SEND > {"id":"cae3f515-630b-4243-a096-8918a874037e","method":"App.getCurrentPage","params":{}}
DEBUG 2022-04-26 18:29:35,025 connection.py _on_message     232 RECV < {"id":"cae3f515-630b-4243-a096-8918a874037e","result":{"pageId":21,"path":"package1/pages/classroom/search/index","query":{"searchType":"3"}}}
INFO  2022-04-26 18:29:35,026 page.py    _get_elements_by_css 445 try to get elements: rich-text[text(contains("测试患教资料"))]
DEBUG 2022-04-26 18:29:35,026 connection.py send            183 SEND > {"id":"a092a6f8-67ca-4780-a408-268f0c08491e","method":"Page.getElements","params":{"selector":"rich-text[text(contains(\"\u6d4b\u8bd5\u60a3\u6559\u8d44\u6599\"))]","pageId":21}}
DEBUG 2022-04-26 18:29:35,028 connection.py _on_message     232 RECV < {"id":"a092a6f8-67ca-4780-a408-268f0c08491e","result":{"elements":[{"elementId":"e585e443-089c-4fca-9104-fdbe77274c46","tagName":"rich-text"},{"elementId":"f21058ba-74e0-490a-8269-ec2e8ac5ded8","tagName":"rich-text"},{"elementId":"55d066ea-9186-434e-8f0d-da56d7756890","tagName":"rich-text"}]}}
INFO  2022-04-26 18:29:36,042 page.py    _get_elements_by_css 452 find elements success: [<minium.miniprogram.base_driver.element.BaseElement object at 0x000002A906CFEB30>, <minium.miniprogram.base_driver.element.BaseElement object at 0x000002A906CFEDD0>, <minium.miniprogram.base_driver.element.BaseElement object at 0x000002A906CFF9A0>]
DEBUG 2022-04-26 18:29:36,042 connection.py send            183 SEND > {"id":"636e4d16-3968-40cc-a663-8c15765e35bf","method":"Element.getStyles","params":{"names":["pointer-events"],"elementId":"e585e443-089c-4fca-9104-fdbe77274c46","pageId":21}}
DEBUG 2022-04-26 18:29:36,046 connection.py _on_message     232 RECV < {"id":"636e4d16-3968-40cc-a663-8c15765e35bf","result":{"styles":["auto"]}}
DEBUG 2022-04-26 18:29:36,047 connection.py send            183 SEND > {"id":"dd7181f0-53c4-4490-8184-b451796c87cc","method":"Element.tap","params":{"elementId":"e585e443-089c-4fca-9104-fdbe77274c46","pageId":21}}
DEBUG 2022-04-26 18:29:36,173 connection.py _on_message     232 RECV < {"id":"dd7181f0-53c4-4490-8184-b451796c87cc","result":{}}
DEBUG 2022-04-26 18:29:36,564 connection.py _on_message     232 RECV < {"method":"App.bindingCalled","params":{"name":"onAppRouteDone","args":[{"webviewId":22,"path":"package1/pages/classroom/detail/index","query":{"id":"80","type":"text"},"openType":"navigateTo","__ts__":1650968976536},1650968976537]}}
INFO  2022-04-26 18:29:36,565 app.py     _on_route_changed 451 Route changed, {'name': 'onAppRouteDone', 'args': [{'webviewId': 22, 'path': 'package1/pages/classroom/detail/index', 'query': {'id': '80', 'type': 'text'}, 'openType': 'navigateTo', '__ts__': 1650968976536}, 1650968976537]}
INFO  2022-04-26 18:29:37,182 app.py     relaunch        306 ReLaunch: /pages/home/home/index
DEBUG 2022-04-26 18:29:37,182 connection.py send            183 SEND > {"id":"9859782f-0343-42ea-911c-aae5cf274c98","method":"App.callWxMethod","params":{"method":"reLaunch","args":[{"url":"/pages/home/home/index"}]}}
DEBUG 2022-04-26 18:29:37,214 connection.py _on_message     232 RECV < {"id":"9859782f-0343-42ea-911c-aae5cf274c98","result":{"result":{"errMsg":"reLaunch:ok"}}}
DEBUG 2022-04-26 18:29:37,342 connection.py _on_message     232 RECV < {"method":"App.bindingCalled","params":{"name":"onAppRouteDone","args":[{"webviewId":23,"path":"pages/home/home/index","query":{},"openType":"reLaunch","__ts__":1650968977319},1650968977319]}}
INFO  2022-04-26 18:29:37,343 app.py     _on_route_changed 451 Route changed, {'name': 'onAppRouteDone', 'args': [{'webviewId': 23, 'path': 'pages/home/home/index', 'query': {}, 'openType': 'reLaunch', '__ts__': 1650968977319}, 1650968977319]}
DEBUG 2022-04-26 18:29:37,343 connection.py send            183 SEND > {"id":"78355f2e-d25a-49c4-a0ea-b364d0b590e5","method":"App.getCurrentPage","params":{}}
DEBUG 2022-04-26 18:29:37,350 connection.py _on_message     232 RECV < {"id":"78355f2e-d25a-49c4-a0ea-b364d0b590e5","result":{"pageId":23,"path":"pages/home/home/index","query":{}}}
DEBUG 2022-04-26 18:29:37,352 connection.py send            183 SEND > {"id":"041ee92c-8b68-4cad-9c71-e79b40c0f5c5","method":"App.callWxMethod","params":{"method":"pageScrollTo","args":[{"scrollTop":500,"duration":300}]}}
DEBUG 2022-04-26 18:29:37,362 connection.py _on_message     232 RECV < {"id":"041ee92c-8b68-4cad-9c71-e79b40c0f5c5","result":{"result":{}}}
DEBUG 2022-04-26 18:29:37,363 minitest.py _miniTearDown   512 =========Current case Down：test_get_all_pages_path=========
INFO  2022-04-26 18:29:37,365 minitest.py capture         548 capture teardown.png
DEBUG 2022-04-26 18:29:37,365 connection.py send            183 SEND > {"id":"60f1d9eb-fd06-4162-b8b2-01cb4d1c3bd0","method":"App.captureScreenshot","params":{}}
DEBUG 2022-04-26 18:29:37,590 connection.py _on_message     230 RECV < {"id":"60f1d9eb-fd06-4162-b8b2-01cb4d1c3bd0","result":{"data":"iVBORw0KGgoAAAANSUhEUgAABC4AAAdbCAIAAAD2Sm0eAAAAAXNSR0IArs4c6QAAIABJREFUeJzsveeTJUeSJ+Yekfqp0tW60WgAA2AADEbv7O6tOLM7O94ajcrszowfSDPyTyO5t4K8M/LI4+2scWZnZ3d21M6OAAYN2VqUfPqligjnh8jMl+/Vq+qqanR3AXC3bq9fRobOiHju4SHwrf/vfwMAAEBEImLMmDFjxowZM2bMmDHjZ4Dl5v/43wETExMTExMTExMTE9OzJQEAiMicOXPmzJkzZ86cOXPmz5LjV773p0SECESAiIwZM2bMmDFjxowZM2b8DLAgIkSsvWPMmDFjxowZM2bMmDHjp44rqwgCAAAwZsyYMWPGjBkzZsyY8TPAlVWEqneMGTNmzJgxY8aMGTNm/LQxfuV7fwpMTExMTExMTExMTEzPlo...
DEBUG 2022-04-26 18:29:37,592 connection.py send            183 SEND > {"id":"8af1f384-41ec-472c-8d19-574a60b5bbc1","method":"App.getCurrentPage","params":{}}
DEBUG 2022-04-26 18:29:37,594 connection.py _on_message     232 RECV < {"id":"8af1f384-41ec-472c-8d19-574a60b5bbc1","result":{"pageId":23,"path":"pages/home/home/index","query":{}}}
DEBUG 2022-04-26 18:29:37,595 connection.py send            183 SEND > {"id":"165ee9fe-4f81-438d-8b7a-c949e376bc2f","method":"Page.getData","params":{"pageId":23}}
DEBUG 2022-04-26 18:29:37,597 connection.py _on_message     230 RECV < {"id":"165ee9fe-4f81-438d-8b7a-c949e376bc2f","result":{"data":{"isFirstEnter":0,"showStartPage":"1","hisId":45,"hisDet":{"appointmentCodeUrl":"https://ustatic.med.gzhc365.com/fss/publicfile/70f794fc23c8b4e348e638cd262175aa0993a503068289b2ed2448231fa84e7b.png","appointmentUrl":"","area":"青秀区","attribute":"医联体主体单位","city":"南宁市","contactName":"测试","coordinateType":"BD09","createTime":"2020-11-14 21:22:22","customerServiceSupport":1,"detailedAddress":"桃源路6号","email":"386030556@qq.com","hisId":"45","hisLevel"...
