INFO  2022-04-27 09:43:02,854 wx_minium.py launch_dev_tool 701 Starting dev tool and launch MiniProgram project ...
INFO  2022-04-27 09:43:02,854 minium_object.py _do_shell       35  de shell: cli.bat auto --project "C:/Users/crow/Desktop/dist/dist" --auto-port 9420
INFO  2022-04-27 09:43:10,660 minium_object.py _do_shell       53  err:
- initialize

× IDE may already started at port 38578, trying to connect

√ IDE server started successfully, listening on http://127.0.0.1:62869
- preparing
- Fetching AppID (wx45cfec5a12afe345) permissions
√ Using AppID: wx45cfec5a12afe345
√ auto

INFO  2022-04-27 09:43:10,661 minium_object.py _do_shell       54  out:

INFO  2022-04-27 09:43:20,671 wx_minium.py connect_dev_tool 794 Trying to connect Dev tool ...
INFO  2022-04-27 09:43:21,423 connection.py _connect        137 connect to WebChatTools successfully
DEBUG 2022-04-27 09:43:21,424 connection.py send            183 SEND > {"id":"80d7f51b-efbb-4f41-823a-638eabd082d1","method":"App.callWxMethod","params":{"method":"getSystemInfoSync","args":[]}}
DEBUG 2022-04-27 09:43:25,697 connection.py _on_message     232 RECV < {"method":"App.initialized","params":{"from":"devtools"}}
DEBUG 2022-04-27 09:43:25,700 connection.py _on_message     230 RECV < {"id":"80d7f51b-efbb-4f41-823a-638eabd082d1","result":{"result":{"model":"iPhone 12/13 Pro Max","pixelRatio":3,"windowWidth":428,"windowHeight":753,"system":"iOS 10.0.1","language":"zh_CN","version":"8.0.5","deviceOrientation":"portrait","screenWidth":428,"screenHeight":926,"SDKVersion":"2.23.2","brand":"devtools","fontSizeSetting":16,"benchmarkLevel":1,"batteryLevel":100,"statusBarHeight":47,"bluetoothEnabled":true,"locationEnabled":true,"wifiEnabled":true,"cameraAuthorized":true,"locationAuthorized":tr...
DEBUG 2022-04-27 09:43:25,700 connection.py send            183 SEND > {"id":"43390719-5694-4450-90fb-28469490293f","method":"App.addBinding","params":{"name":"onAppRouteDone"}}
DEBUG 2022-04-27 09:43:25,701 connection.py _on_message     232 RECV < {"id":"43390719-5694-4450-90fb-28469490293f","result":{}}
DEBUG 2022-04-27 09:43:25,702 connection.py send            183 SEND > {"id":"9d30b225-17ba-4c2d-9b87-ff5a86ece85f","method":"App.callFunction","params":{"functionDeclaration":"function () {\n    if (!global.__minium_onAppRouteDone) {\n        wx.onAppRouteDone(function (options) {\n            onAppRouteDone(options, Date.now())\n        })\n        global.__minium_onAppRouteDone = true\n    }\n}","args":[]}}
DEBUG 2022-04-27 09:43:25,703 connection.py _on_message     232 RECV < {"id":"9d30b225-17ba-4c2d-9b87-ff5a86ece85f","result":{}}
DEBUG 2022-04-27 09:43:25,705 connection.py send            183 SEND > {"id":"84868977-77c5-4ce4-9d6e-1d790d193ac9","method":"App.callFunction","params":{"functionDeclaration":"function () {\n                    if(!global.minium) {global.minium = {};return false;} \n                    else {return true;}\n                }","args":[]}}
DEBUG 2022-04-27 09:43:25,708 connection.py _on_message     232 RECV < {"id":"84868977-77c5-4ce4-9d6e-1d790d193ac9","result":{"result":false}}
DEBUG 2022-04-27 09:43:25,709 connection.py send            183 SEND > {"id":"0d95bd0a-a6b6-4084-aca2-c5f05b4b9bc0","method":"App.callWxMethod","params":{"method":"getLaunchOptionsSync","args":[]}}
DEBUG 2022-04-27 09:43:25,711 connection.py _on_message     232 RECV < {"id":"0d95bd0a-a6b6-4084-aca2-c5f05b4b9bc0","result":{"result":{"path":"pages/home/home/index","query":{},"scene":1001,"referrerInfo":{},"mode":"default","apiCategory":"default"}}}
INFO  2022-04-27 09:43:25,711 app.py     relaunch        306 ReLaunch: /pages/home/home/index
DEBUG 2022-04-27 09:43:25,711 connection.py send            183 SEND > {"id":"ac65ddf1-95a1-4b3c-bef5-822ddad36870","method":"App.getCurrentPage","params":{}}
DEBUG 2022-04-27 09:43:25,712 connection.py _on_message     232 RECV < {"id":"ac65ddf1-95a1-4b3c-bef5-822ddad36870","result":{"pageId":1,"path":"pages/home/home/index","query":{}}}
DEBUG 2022-04-27 09:43:25,713 connection.py send            183 SEND > {"id":"dc4aa3b5-2646-42dd-8122-5ad49bedafba","method":"App.callWxMethod","params":{"method":"getAccountInfoSync","args":[]}}
DEBUG 2022-04-27 09:43:25,715 connection.py _on_message     232 RECV < {"id":"dc4aa3b5-2646-42dd-8122-5ad49bedafba","result":{"result":{"miniProgram":{"appId":"wx45cfec5a12afe345","envVersion":"develop","version":""}}}}
DEBUG 2022-04-27 09:43:25,715 connection.py send            183 SEND > {"id":"49343ce9-3849-4dc4-a50d-a629ab227c47","method":"App.callWxMethod","params":{"method":"reLaunch","args":[{"url":"/pages/home/home/index"}]}}
DEBUG 2022-04-27 09:43:25,752 connection.py _on_message     232 RECV < {"id":"49343ce9-3849-4dc4-a50d-a629ab227c47","result":{"result":{"errMsg":"reLaunch:ok"}}}
DEBUG 2022-04-27 09:43:25,887 connection.py _on_message     232 RECV < {"method":"App.bindingCalled","params":{"name":"onAppRouteDone","args":[{"webviewId":2,"path":"pages/home/home/index","query":{},"openType":"reLaunch","__ts__":1651023805864},1651023805865]}}
INFO  2022-04-27 09:43:25,888 app.py     _on_route_changed 451 Route changed, {'name': 'onAppRouteDone', 'args': [{'webviewId': 2, 'path': 'pages/home/home/index', 'query': {}, 'openType': 'reLaunch', '__ts__': 1651023805864}, 1651023805865]}
DEBUG 2022-04-27 09:43:25,888 connection.py send            183 SEND > {"id":"7778eac5-c781-4c28-88f8-64ccdf5abe03","method":"App.callWxMethod","params":{"method":"getSystemInfoSync","args":[]}}
DEBUG 2022-04-27 09:43:25,894 connection.py _on_message     230 RECV < {"id":"7778eac5-c781-4c28-88f8-64ccdf5abe03","result":{"result":{"model":"iPhone 12/13 Pro Max","pixelRatio":3,"windowWidth":428,"windowHeight":753,"system":"iOS 10.0.1","language":"zh_CN","version":"8.0.5","deviceOrientation":"portrait","screenWidth":428,"screenHeight":926,"SDKVersion":"2.23.2","brand":"devtools","fontSizeSetting":16,"benchmarkLevel":1,"batteryLevel":100,"statusBarHeight":47,"bluetoothEnabled":true,"locationEnabled":true,"wifiEnabled":true,"cameraAuthorized":true,"locationAuthorized":tr...
DEBUG 2022-04-27 09:43:25,895 connection.py send            183 SEND > {"id":"81cdcfc1-b3b0-49ca-8b3c-ef83dc170d9e","method":"App.callFunction","params":{"functionDeclaration":"function () {return __wxConfig}","args":[]}}
DEBUG 2022-04-27 09:43:25,904 connection.py _on_message     230 RECV < {"id":"81cdcfc1-b3b0-49ca-8b3c-ef83dc170d9e","result":{"result":{"pages":["pages/home/home/index","pages/home/startpage/index","pages/message/home/index","pages/message/chat/index","pages/task/home/index","pages/mine/home/index","pages/mine/patient/list/index","pages/mine/patient/add/index","pages/mine/patient/bindcard/index","pages/mine/patient/detail/index","pages/auth/user_info/index","package1/pages/signservice/list/index","package1/pages/signservice/detail/index","package1/pages/signservice/selectdo...
DEBUG 2022-04-27 09:43:25,910 minitest.py _miniSetUp      286 =========Current case：test_get_all_pages_path=========
INFO  2022-04-27 09:43:25,911 app.py     relaunch        306 ReLaunch: /pages/home/home/index
DEBUG 2022-04-27 09:43:25,911 connection.py send            183 SEND > {"id":"3d742ce7-206b-413a-982d-c3927131f2f5","method":"App.callWxMethod","params":{"method":"reLaunch","args":[{"url":"/pages/home/home/index"}]}}
DEBUG 2022-04-27 09:43:25,941 connection.py _on_message     232 RECV < {"id":"3d742ce7-206b-413a-982d-c3927131f2f5","result":{"result":{"errMsg":"reLaunch:ok"}}}
DEBUG 2022-04-27 09:43:26,404 connection.py _on_message     232 RECV < {"method":"App.bindingCalled","params":{"name":"onAppRouteDone","args":[{"webviewId":4,"path":"pages/home/home/index","query":{},"openType":"reLaunch","__ts__":1651023806393},1651023806393]}}
INFO  2022-04-27 09:43:26,405 app.py     _on_route_changed 451 Route changed, {'name': 'onAppRouteDone', 'args': [{'webviewId': 4, 'path': 'pages/home/home/index', 'query': {}, 'openType': 'reLaunch', '__ts__': 1651023806393}, 1651023806393]}
INFO  2022-04-27 09:43:26,407 minitest.py capture         548 capture setup.png
DEBUG 2022-04-27 09:43:26,408 connection.py send            183 SEND > {"id":"8dc40218-0099-465a-868c-afed66629ced","method":"App.captureScreenshot","params":{}}
DEBUG 2022-04-27 09:43:26,656 connection.py _on_message     230 RECV < {"id":"8dc40218-0099-465a-868c-afed66629ced","result":{"data":"iVBORw0KGgoAAAANSUhEUgAABC4AAAdbCAIAAAD2Sm0eAAAAAXNSR0IArs4c6QAAIABJREFUeJzsvfmTXUd2JnZO5l3fWjtWAgT3ZpNsNntXa7U9tmSFQzOhkCbCP3hCcjjCf5XDDtsaLeGZGMsz8vR4utVq9aZmd7PZJAESOwoooNa3v7tlnuMf8t777qsqLFUgUK+A/IA49b28ud18mfny5MkF3/nP/ycAAAAiMrPllltuueWWW2655ZZbbvlT4PLEv/pjsLCwsLCwsLCwsLCweLoQAICIVlpppZVWWmmllVZaaaWVT1Pil777F8yMCMyAiJZbbrnllltuueWWW2655U+BC2ZGxMozyy233HLLLbfccsstt9zyJ85LqwgCAABYbrnllltuueWWW2655ZY/BV5aRbh8ZrnllltuueWWW2655ZZb/qQ5fum7fw...
INFO  2022-04-27 09:43:26,658 app.py     redirect_to     288 RedirectTo: /pages/home/home/index
DEBUG 2022-04-27 09:43:26,658 connection.py send            183 SEND > {"id":"2270ce34-c44d-4426-a355-82b4374e4e57","method":"App.callWxMethod","params":{"method":"redirectTo","args":[{"url":"/pages/home/home/index"}]}}
DEBUG 2022-04-27 09:43:26,694 connection.py _on_message     232 RECV < {"id":"2270ce34-c44d-4426-a355-82b4374e4e57","result":{"result":{"errMsg":"redirectTo:ok"}}}
DEBUG 2022-04-27 09:43:26,902 connection.py _on_message     232 RECV < {"method":"App.bindingCalled","params":{"name":"onAppRouteDone","args":[{"webviewId":5,"path":"pages/home/home/index","query":{},"openType":"redirectTo","__ts__":1651023806866},1651023806866]}}
INFO  2022-04-27 09:43:26,903 app.py     _on_route_changed 451 Route changed, {'name': 'onAppRouteDone', 'args': [{'webviewId': 5, 'path': 'pages/home/home/index', 'query': {}, 'openType': 'redirectTo', '__ts__': 1651023806866}, 1651023806866]}
DEBUG 2022-04-27 09:43:26,903 connection.py send            183 SEND > {"id":"95ce5cba-c893-4119-bf87-ecf3f8031e50","method":"App.getCurrentPage","params":{}}
DEBUG 2022-04-27 09:43:26,908 connection.py _on_message     232 RECV < {"id":"95ce5cba-c893-4119-bf87-ecf3f8031e50","result":{"pageId":5,"path":"pages/home/home/index","query":{}}}
INFO  2022-04-27 09:43:26,909 page.py    _get_elements_by_css 445 try to get elements: view.search-box[text(contains("查询科普"))]
DEBUG 2022-04-27 09:43:26,909 connection.py send            183 SEND > {"id":"7c5c576c-daec-476b-ade2-b3551cfcf7fe","method":"Page.getElements","params":{"selector":"view.search-box[text(contains(\"\u67e5\u8be2\u79d1\u666e\"))]","pageId":5}}
DEBUG 2022-04-27 09:43:26,934 connection.py _on_message     232 RECV < {"id":"7c5c576c-daec-476b-ade2-b3551cfcf7fe","result":{"elements":[{"elementId":"12c5cf73-7e64-4551-9b1c-59b5c1366f75","tagName":"view"}]}}
INFO  2022-04-27 09:43:27,946 page.py    _get_elements_by_css 452 find elements success: [<minium.miniprogram.base_driver.element.BaseElement object at 0x000002A4DE0CEC50>]
DEBUG 2022-04-27 09:43:27,946 connection.py send            183 SEND > {"id":"ee9d94cb-738c-4696-ba8a-e83f8ac88928","method":"Element.getStyles","params":{"names":["pointer-events"],"elementId":"12c5cf73-7e64-4551-9b1c-59b5c1366f75","pageId":5}}
DEBUG 2022-04-27 09:43:27,951 connection.py _on_message     232 RECV < {"id":"ee9d94cb-738c-4696-ba8a-e83f8ac88928","result":{"styles":["auto"]}}
DEBUG 2022-04-27 09:43:27,951 connection.py send            183 SEND > {"id":"14e20bce-5864-4159-bfec-8cd89a5b8da7","method":"Element.tap","params":{"elementId":"12c5cf73-7e64-4551-9b1c-59b5c1366f75","pageId":5}}
DEBUG 2022-04-27 09:43:27,986 connection.py _on_message     232 RECV < {"id":"14e20bce-5864-4159-bfec-8cd89a5b8da7","result":{}}
DEBUG 2022-04-27 09:43:28,874 connection.py _on_message     232 RECV < {"method":"App.bindingCalled","params":{"name":"onAppRouteDone","args":[{"webviewId":6,"path":"package1/pages/classroom/search/index","query":{"searchType":"3"},"openType":"navigateTo","__ts__":1651023808847},1651023808847]}}
INFO  2022-04-27 09:43:28,875 app.py     _on_route_changed 451 Route changed, {'name': 'onAppRouteDone', 'args': [{'webviewId': 6, 'path': 'package1/pages/classroom/search/index', 'query': {'searchType': '3'}, 'openType': 'navigateTo', '__ts__': 1651023808847}, 1651023808847]}
DEBUG 2022-04-27 09:43:28,993 connection.py send            183 SEND > {"id":"298be96d-be0c-49ff-aa2b-93b8d14c4b1c","method":"App.getCurrentPage","params":{}}
DEBUG 2022-04-27 09:43:28,996 connection.py _on_message     232 RECV < {"id":"298be96d-be0c-49ff-aa2b-93b8d14c4b1c","result":{"pageId":6,"path":"package1/pages/classroom/search/index","query":{"searchType":"3"}}}
INFO  2022-04-27 09:43:28,997 page.py    _get_elements_by_css 445 try to get elements: input.search-box[text(contains("搜索疾病/问题"))]
DEBUG 2022-04-27 09:43:28,997 connection.py send            183 SEND > {"id":"01476756-b249-4997-850d-ea5c8e0583f5","method":"Page.getElements","params":{"selector":"input.search-box[text(contains(\"\u641c\u7d22\u75be\u75c5/\u95ee\u9898\"))]","pageId":6}}
DEBUG 2022-04-27 09:43:29,005 connection.py _on_message     232 RECV < {"id":"01476756-b249-4997-850d-ea5c8e0583f5","result":{"elements":[{"elementId":"ea58f376-fd22-49fc-9f9a-a9821823721a","tagName":"input"}]}}
INFO  2022-04-27 09:43:30,019 page.py    _get_elements_by_css 452 find elements success: [<minium.miniprogram.base_driver.element.FormElement object at 0x000002A4DE0CF820>]
DEBUG 2022-04-27 09:43:30,020 connection.py send            183 SEND > {"id":"0980b510-344d-4b00-8f36-1bbd272a8e40","method":"Element.callFunction","params":{"functionName":"input.input","args":["\u5fc3\u8840\u7ba1"],"elementId":"ea58f376-fd22-49fc-9f9a-a9821823721a","pageId":6}}
DEBUG 2022-04-27 09:43:30,035 connection.py _on_message     232 RECV < {"id":"0980b510-344d-4b00-8f36-1bbd272a8e40","result":{}}
DEBUG 2022-04-27 09:43:30,035 connection.py send            183 SEND > {"id":"a4423e05-26ff-4c07-b8a6-6f44fe44a1d0","method":"App.getCurrentPage","params":{}}
DEBUG 2022-04-27 09:43:30,037 connection.py _on_message     232 RECV < {"id":"a4423e05-26ff-4c07-b8a6-6f44fe44a1d0","result":{"pageId":6,"path":"package1/pages/classroom/search/index","query":{"searchType":"3"}}}
INFO  2022-04-27 09:43:30,038 page.py    _get_elements_by_css 445 try to get elements: rich-text[text(contains("测试患教资料"))]
DEBUG 2022-04-27 09:43:30,038 connection.py send            183 SEND > {"id":"33cba610-e7fe-4ac9-b6b1-5224523f8066","method":"Page.getElements","params":{"selector":"rich-text[text(contains(\"\u6d4b\u8bd5\u60a3\u6559\u8d44\u6599\"))]","pageId":6}}
DEBUG 2022-04-27 09:43:30,040 connection.py _on_message     232 RECV < {"id":"33cba610-e7fe-4ac9-b6b1-5224523f8066","result":{"elements":[]}}
WARNI 2022-04-27 09:43:31,046 page.py    _get_elements_by_css 450 Could not found any element 'rich-text[text(contains("测试患教资料"))]' you need
INFO  2022-04-27 09:43:31,299 page.py    _get_elements_by_css 445 try to get elements: rich-text[text(contains("测试患教资料"))]
DEBUG 2022-04-27 09:43:31,299 connection.py send            183 SEND > {"id":"d8c40747-9546-4263-9443-7559ce04665b","method":"Page.getElements","params":{"selector":"rich-text[text(contains(\"\u6d4b\u8bd5\u60a3\u6559\u8d44\u6599\"))]","pageId":6}}
DEBUG 2022-04-27 09:43:31,304 connection.py _on_message     232 RECV < {"id":"d8c40747-9546-4263-9443-7559ce04665b","result":{"elements":[{"elementId":"a953c77e-b3d9-4a09-8c81-913d797adf60","tagName":"rich-text"},{"elementId":"2fb91d1d-454b-440a-8356-22e64c53dc45","tagName":"rich-text"},{"elementId":"7bacad03-572a-4edc-b81c-47e0741560bf","tagName":"rich-text"}]}}
INFO  2022-04-27 09:43:32,315 page.py    _get_elements_by_css 452 find elements success: [<minium.miniprogram.base_driver.element.BaseElement object at 0x000002A4DE0CF070>, <minium.miniprogram.base_driver.element.BaseElement object at 0x000002A4DE0CF8B0>, <minium.miniprogram.base_driver.element.BaseElement object at 0x000002A4DE0CEEC0>]
DEBUG 2022-04-27 09:43:32,315 connection.py send            183 SEND > {"id":"5a6164ad-1d13-4b04-8b6b-a33d1ed851c0","method":"App.getCurrentPage","params":{}}
DEBUG 2022-04-27 09:43:32,315 connection.py _on_message     232 RECV < {"id":"5a6164ad-1d13-4b04-8b6b-a33d1ed851c0","result":{"pageId":6,"path":"package1/pages/classroom/search/index","query":{"searchType":"3"}}}
INFO  2022-04-27 09:43:32,319 page.py    _get_elements_by_css 445 try to get elements: rich-text[text(contains("测试患教资料"))]
DEBUG 2022-04-27 09:43:32,319 connection.py send            183 SEND > {"id":"e09df0e6-a268-4fc5-ac85-1d075e5da597","method":"Page.getElements","params":{"selector":"rich-text[text(contains(\"\u6d4b\u8bd5\u60a3\u6559\u8d44\u6599\"))]","pageId":6}}
DEBUG 2022-04-27 09:43:32,322 connection.py _on_message     232 RECV < {"id":"e09df0e6-a268-4fc5-ac85-1d075e5da597","result":{"elements":[{"elementId":"a953c77e-b3d9-4a09-8c81-913d797adf60","tagName":"rich-text"},{"elementId":"2fb91d1d-454b-440a-8356-22e64c53dc45","tagName":"rich-text"},{"elementId":"7bacad03-572a-4edc-b81c-47e0741560bf","tagName":"rich-text"}]}}
INFO  2022-04-27 09:43:33,325 page.py    _get_elements_by_css 452 find elements success: [<minium.miniprogram.base_driver.element.BaseElement object at 0x000002A4DE0CF940>, <minium.miniprogram.base_driver.element.BaseElement object at 0x000002A4DE0CEB60>, <minium.miniprogram.base_driver.element.BaseElement object at 0x000002A4DE0CF760>]
DEBUG 2022-04-27 09:43:33,326 connection.py send            183 SEND > {"id":"6f9a9562-f923-4011-b7fe-9d93b9fa3fc2","method":"Element.getStyles","params":{"names":["pointer-events"],"elementId":"a953c77e-b3d9-4a09-8c81-913d797adf60","pageId":6}}
DEBUG 2022-04-27 09:43:33,330 connection.py _on_message     232 RECV < {"id":"6f9a9562-f923-4011-b7fe-9d93b9fa3fc2","result":{"styles":["auto"]}}
DEBUG 2022-04-27 09:43:33,331 connection.py send            183 SEND > {"id":"fc418b29-1b96-4de6-90e1-624530bad14a","method":"Element.tap","params":{"elementId":"a953c77e-b3d9-4a09-8c81-913d797adf60","pageId":6}}
DEBUG 2022-04-27 09:43:33,379 connection.py _on_message     232 RECV < {"id":"fc418b29-1b96-4de6-90e1-624530bad14a","result":{}}
DEBUG 2022-04-27 09:43:33,710 connection.py _on_message     232 RECV < {"method":"App.bindingCalled","params":{"name":"onAppRouteDone","args":[{"webviewId":7,"path":"package1/pages/classroom/detail/index","query":{"id":"80","type":"text"},"openType":"navigateTo","__ts__":1651023813683},1651023813683]}}
INFO  2022-04-27 09:43:33,711 app.py     _on_route_changed 451 Route changed, {'name': 'onAppRouteDone', 'args': [{'webviewId': 7, 'path': 'package1/pages/classroom/detail/index', 'query': {'id': '80', 'type': 'text'}, 'openType': 'navigateTo', '__ts__': 1651023813683}, 1651023813683]}
INFO  2022-04-27 09:43:34,383 app.py     relaunch        306 ReLaunch: /pages/home/home/index
DEBUG 2022-04-27 09:43:34,383 connection.py send            183 SEND > {"id":"1c22443f-58d4-4184-af78-f3cfe7a71582","method":"App.callWxMethod","params":{"method":"reLaunch","args":[{"url":"/pages/home/home/index"}]}}
DEBUG 2022-04-27 09:43:34,417 connection.py _on_message     232 RECV < {"id":"1c22443f-58d4-4184-af78-f3cfe7a71582","result":{"result":{"errMsg":"reLaunch:ok"}}}
DEBUG 2022-04-27 09:43:34,536 connection.py _on_message     232 RECV < {"method":"App.bindingCalled","params":{"name":"onAppRouteDone","args":[{"webviewId":8,"path":"pages/home/home/index","query":{},"openType":"reLaunch","__ts__":1651023814507},1651023814507]}}
INFO  2022-04-27 09:43:34,537 app.py     _on_route_changed 451 Route changed, {'name': 'onAppRouteDone', 'args': [{'webviewId': 8, 'path': 'pages/home/home/index', 'query': {}, 'openType': 'reLaunch', '__ts__': 1651023814507}, 1651023814507]}
DEBUG 2022-04-27 09:43:34,537 connection.py send            183 SEND > {"id":"defc01f2-1986-4d31-9b12-5ff9328366c0","method":"App.getCurrentPage","params":{}}
DEBUG 2022-04-27 09:43:34,540 connection.py _on_message     232 RECV < {"id":"defc01f2-1986-4d31-9b12-5ff9328366c0","result":{"pageId":8,"path":"pages/home/home/index","query":{}}}
DEBUG 2022-04-27 09:43:34,541 connection.py send            183 SEND > {"id":"19601c04-34e9-4a12-b831-be9cf7c27172","method":"App.callWxMethod","params":{"method":"pageScrollTo","args":[{"scrollTop":500,"duration":300}]}}
DEBUG 2022-04-27 09:43:34,549 connection.py _on_message     232 RECV < {"id":"19601c04-34e9-4a12-b831-be9cf7c27172","result":{"result":{}}}
DEBUG 2022-04-27 09:43:34,550 minitest.py _miniTearDown   512 =========Current case Down：test_get_all_pages_path=========
INFO  2022-04-27 09:43:34,552 minitest.py capture         548 capture teardown.png
DEBUG 2022-04-27 09:43:34,553 connection.py send            183 SEND > {"id":"71f6179d-0943-4e1d-8b23-6263de802d08","method":"App.captureScreenshot","params":{}}
DEBUG 2022-04-27 09:43:34,779 connection.py _on_message     230 RECV < {"id":"71f6179d-0943-4e1d-8b23-6263de802d08","result":{"data":"iVBORw0KGgoAAAANSUhEUgAABC4AAAdbCAIAAAD2Sm0eAAAAAXNSR0IArs4c6QAAIABJREFUeJzsvfmTXUd2JnZO5l3fWjtWAgT3ZpNsNntXa7U9tmSFQzOhkCbCP3hCcjjCf5XDDtsaLeGZGMsz8vR4utVq9aZmd7PZJAESOwoooNa3v7tlnuMf8t777qsqLFUgUK+A/IA49b28ud18mfny5MkF3/nP/ycAAAAiMrPllltuueWWW2655ZZbbvlT4PLEv/pjsLCwsLCwsLCwsLCweLoQAICIVlpppZVWWmmllVZaaaWVT1Pil777F8yMCMyAiJZbbrnllltuueWWW2655U+BC2ZGxMozyy233HLLLbfccsstt9zyJ85LqwgCAABYbrnllltuueWWW2655ZY/BV5aRbh8ZrnllltuueWWW2655ZZb/qQ5fum7fw...
DEBUG 2022-04-27 09:43:34,781 connection.py send            183 SEND > {"id":"82ebbd85-e718-4673-a9e5-7b3ce3ece48b","method":"App.getCurrentPage","params":{}}
DEBUG 2022-04-27 09:43:34,783 connection.py _on_message     232 RECV < {"id":"82ebbd85-e718-4673-a9e5-7b3ce3ece48b","result":{"pageId":8,"path":"pages/home/home/index","query":{}}}
DEBUG 2022-04-27 09:43:34,784 connection.py send            183 SEND > {"id":"f6dc8bed-fddb-4926-b92b-0d39ea8d0b29","method":"Page.getData","params":{"pageId":8}}
DEBUG 2022-04-27 09:43:34,786 connection.py _on_message     230 RECV < {"id":"f6dc8bed-fddb-4926-b92b-0d39ea8d0b29","result":{"data":{"isFirstEnter":0,"showStartPage":"1","hisId":45,"hisDet":{"appointmentCodeUrl":"https://ustatic.med.gzhc365.com/fss/publicfile/70f794fc23c8b4e348e638cd262175aa0993a503068289b2ed2448231fa84e7b.png","appointmentUrl":"","area":"青秀区","attribute":"医联体主体单位","city":"南宁市","contactName":"测试","coordinateType":"BD09","createTime":"2020-11-14 21:22:22","customerServiceSupport":1,"detailedAddress":"桃源路6号","email":"386030556@qq.com","hisId":"45","hisLevel"...
INFO  2022-04-27 10:34:13,185 wx_minium.py launch_dev_tool 701 Starting dev tool and launch MiniProgram project ...
INFO  2022-04-27 10:34:13,185 minium_object.py _do_shell       35  de shell: cli.bat auto --project "C:/Users/crow/Desktop/dist/dist" --auto-port 9420
INFO  2022-04-27 10:34:20,854 minium_object.py _do_shell       53  err:
- initialize

× IDE may already started at port 62869, trying to connect

√ IDE server started successfully, listening on http://127.0.0.1:20063
- preparing
- Fetching AppID (wx45cfec5a12afe345) permissions
√ Using AppID: wx45cfec5a12afe345
√ auto

INFO  2022-04-27 10:34:20,854 minium_object.py _do_shell       54  out:

INFO  2022-04-27 10:34:30,858 wx_minium.py connect_dev_tool 794 Trying to connect Dev tool ...
INFO  2022-04-27 10:34:31,186 connection.py _connect        137 connect to WebChatTools successfully
DEBUG 2022-04-27 10:34:31,186 connection.py send            183 SEND > {"id":"07792c47-ede2-4c04-a608-a1cefe743ef5","method":"App.callWxMethod","params":{"method":"getSystemInfoSync","args":[]}}
DEBUG 2022-04-27 10:34:32,189 connection.py _on_message     232 RECV < {"method":"App.initialized","params":{"from":"devtools"}}
DEBUG 2022-04-27 10:34:32,189 connection.py _on_message     230 RECV < {"id":"07792c47-ede2-4c04-a608-a1cefe743ef5","result":{"result":{"model":"iPhone 12/13 Pro Max","pixelRatio":3,"windowWidth":428,"windowHeight":753,"system":"iOS 10.0.1","language":"zh_CN","version":"8.0.5","deviceOrientation":"portrait","screenWidth":428,"screenHeight":926,"SDKVersion":"2.23.2","brand":"devtools","fontSizeSetting":16,"benchmarkLevel":1,"batteryLevel":87,"statusBarHeight":47,"bluetoothEnabled":true,"locationEnabled":true,"wifiEnabled":true,"cameraAuthorized":true,"locationAuthorized":tru...
DEBUG 2022-04-27 10:34:32,189 connection.py send            183 SEND > {"id":"ecf715a6-e89e-40b4-a347-8e2de44381a9","method":"App.addBinding","params":{"name":"onAppRouteDone"}}
DEBUG 2022-04-27 10:34:32,197 connection.py _on_message     232 RECV < {"id":"ecf715a6-e89e-40b4-a347-8e2de44381a9","result":{}}
DEBUG 2022-04-27 10:34:32,197 connection.py send            183 SEND > {"id":"ad80d935-6b09-40db-8fa1-5b70a29ca7af","method":"App.callFunction","params":{"functionDeclaration":"function () {\n    if (!global.__minium_onAppRouteDone) {\n        wx.onAppRouteDone(function (options) {\n            onAppRouteDone(options, Date.now())\n        })\n        global.__minium_onAppRouteDone = true\n    }\n}","args":[]}}
DEBUG 2022-04-27 10:34:32,197 connection.py _on_message     232 RECV < {"id":"ad80d935-6b09-40db-8fa1-5b70a29ca7af","result":{}}
DEBUG 2022-04-27 10:34:32,197 connection.py send            183 SEND > {"id":"13a2dd4f-62a6-4608-899f-d348d1e24151","method":"App.callFunction","params":{"functionDeclaration":"function () {\n                    if(!global.minium) {global.minium = {};return false;} \n                    else {return true;}\n                }","args":[]}}
DEBUG 2022-04-27 10:34:32,197 connection.py _on_message     232 RECV < {"id":"13a2dd4f-62a6-4608-899f-d348d1e24151","result":{"result":false}}
DEBUG 2022-04-27 10:34:32,205 connection.py send            183 SEND > {"id":"99c40ce9-859b-46a0-9373-344fbb91617e","method":"App.callWxMethod","params":{"method":"getLaunchOptionsSync","args":[]}}
DEBUG 2022-04-27 10:34:32,262 connection.py _on_message     232 RECV < {"id":"99c40ce9-859b-46a0-9373-344fbb91617e","result":{"result":{"path":"pages/home/home/index","query":{},"scene":1001,"referrerInfo":{},"mode":"default","apiCategory":"default"}}}
INFO  2022-04-27 10:34:32,262 app.py     relaunch        306 ReLaunch: /pages/home/home/index
DEBUG 2022-04-27 10:34:32,262 connection.py send            183 SEND > {"id":"53d472eb-8826-48ed-987f-b08c7f67e6c5","method":"App.getCurrentPage","params":{}}
DEBUG 2022-04-27 10:34:32,270 connection.py _on_message     232 RECV < {"id":"53d472eb-8826-48ed-987f-b08c7f67e6c5","result":{"pageId":1,"path":"pages/home/home/index","query":{}}}
DEBUG 2022-04-27 10:34:32,270 connection.py send            183 SEND > {"id":"3be7a8e6-9e5e-4795-9751-3d41292cd126","method":"App.callWxMethod","params":{"method":"getAccountInfoSync","args":[]}}
DEBUG 2022-04-27 10:34:32,278 connection.py _on_message     232 RECV < {"id":"3be7a8e6-9e5e-4795-9751-3d41292cd126","result":{"result":{"miniProgram":{"appId":"wx45cfec5a12afe345","envVersion":"develop","version":""}}}}
DEBUG 2022-04-27 10:34:32,278 connection.py send            183 SEND > {"id":"e5be1ad4-62b2-4646-92cc-b3b274e97883","method":"App.callWxMethod","params":{"method":"reLaunch","args":[{"url":"/pages/home/home/index"}]}}
DEBUG 2022-04-27 10:34:32,346 connection.py _on_message     232 RECV < {"id":"e5be1ad4-62b2-4646-92cc-b3b274e97883","result":{"result":{"errMsg":"reLaunch:ok"}}}
DEBUG 2022-04-27 10:34:32,539 connection.py _on_message     232 RECV < {"method":"App.bindingCalled","params":{"name":"onAppRouteDone","args":[{"webviewId":2,"path":"pages/home/home/index","query":{},"openType":"reLaunch","__ts__":1651026872505},1651026872506]}}
INFO  2022-04-27 10:34:32,539 app.py     _on_route_changed 451 Route changed, {'name': 'onAppRouteDone', 'args': [{'webviewId': 2, 'path': 'pages/home/home/index', 'query': {}, 'openType': 'reLaunch', '__ts__': 1651026872505}, 1651026872506]}
DEBUG 2022-04-27 10:34:32,539 connection.py send            183 SEND > {"id":"4f0b02e3-8999-4872-867e-eeea4eac44cc","method":"App.callWxMethod","params":{"method":"getSystemInfoSync","args":[]}}
DEBUG 2022-04-27 10:34:32,555 connection.py _on_message     230 RECV < {"id":"4f0b02e3-8999-4872-867e-eeea4eac44cc","result":{"result":{"model":"iPhone 12/13 Pro Max","pixelRatio":3,"windowWidth":428,"windowHeight":753,"system":"iOS 10.0.1","language":"zh_CN","version":"8.0.5","deviceOrientation":"portrait","screenWidth":428,"screenHeight":926,"SDKVersion":"2.23.2","brand":"devtools","fontSizeSetting":16,"benchmarkLevel":1,"batteryLevel":87,"statusBarHeight":47,"bluetoothEnabled":true,"locationEnabled":true,"wifiEnabled":true,"cameraAuthorized":true,"locationAuthorized":tru...
DEBUG 2022-04-27 10:34:32,555 connection.py send            183 SEND > {"id":"7f1a8dec-688a-489e-947d-afa5534b6deb","method":"App.callFunction","params":{"functionDeclaration":"function () {return __wxConfig}","args":[]}}
DEBUG 2022-04-27 10:34:32,563 connection.py _on_message     230 RECV < {"id":"7f1a8dec-688a-489e-947d-afa5534b6deb","result":{"result":{"pages":["pages/home/home/index","pages/home/startpage/index","pages/message/home/index","pages/message/chat/index","pages/task/home/index","pages/mine/home/index","pages/mine/patient/list/index","pages/mine/patient/add/index","pages/mine/patient/bindcard/index","pages/mine/patient/detail/index","pages/auth/user_info/index","package1/pages/signservice/list/index","package1/pages/signservice/detail/index","package1/pages/signservice/selectdo...
DEBUG 2022-04-27 10:34:32,583 minitest.py _miniSetUp      286 =========Current case：test_get_all_pages_path=========
INFO  2022-04-27 10:34:32,584 app.py     relaunch        306 ReLaunch: /pages/home/home/index
DEBUG 2022-04-27 10:34:32,585 connection.py send            183 SEND > {"id":"72f822d8-35ab-422a-ba87-1aef93b0bb63","method":"App.callWxMethod","params":{"method":"reLaunch","args":[{"url":"/pages/home/home/index"}]}}
DEBUG 2022-04-27 10:34:32,619 connection.py _on_message     232 RECV < {"id":"72f822d8-35ab-422a-ba87-1aef93b0bb63","result":{"result":{"errMsg":"reLaunch:ok"}}}
DEBUG 2022-04-27 10:34:33,605 connection.py _on_message     232 RECV < {"method":"App.bindingCalled","params":{"name":"onAppRouteDone","args":[{"webviewId":4,"path":"pages/home/home/index","query":{},"openType":"reLaunch","__ts__":1651026873537},1651026873537]}}
INFO  2022-04-27 10:34:33,605 app.py     _on_route_changed 451 Route changed, {'name': 'onAppRouteDone', 'args': [{'webviewId': 4, 'path': 'pages/home/home/index', 'query': {}, 'openType': 'reLaunch', '__ts__': 1651026873537}, 1651026873537]}
INFO  2022-04-27 10:34:33,613 minitest.py capture         548 capture setup.png
DEBUG 2022-04-27 10:34:33,613 connection.py send            183 SEND > {"id":"6ef64b39-f413-46bf-b9f1-cba29f12706a","method":"App.captureScreenshot","params":{}}
DEBUG 2022-04-27 10:34:33,933 connection.py _on_message     230 RECV < {"id":"6ef64b39-f413-46bf-b9f1-cba29f12706a","result":{"data":"iVBORw0KGgoAAAANSUhEUgAABC4AAAdbCAIAAAD2Sm0eAAAAAXNSR0IArs4c6QAAIABJREFUeJzs3eeTHdl5Jvj3PS7NzWvLogqm4Zrt2c2mlTQyM7uKnVFM7E5sxG7EftiN2H9tY2VXmoid0MaIClGiKNE12Wy1YaOBbrhCoVDu2rTH7ocsoNEcioQhqgHyfT48+N2qi5v35K2qqKxzMw++9nf/NwAAACKGEMhkMplMJpPJZDL5GMzX/o//GSgUCoVCoVAoFArleMMAABGpqampqampqampqamPs/GL3/rjEAIihACISCaTyWQymUwmk8nHYBZCQMT7Pkcmk8lkMplMJpPJT9z3ZkUQAACATCaTyWQymUwmk4/B92ZFwr3PkclkMplMJpPJZPKTNn7xW38MFAqFQqFQKBQKhXK8Ye1xSRsymUwmk8lkMplMPh...
INFO  2022-04-27 10:34:33,933 app.py     redirect_to     288 RedirectTo: /pages/home/home/index
DEBUG 2022-04-27 10:34:33,933 connection.py send            183 SEND > {"id":"90d6b779-c1f6-4e48-86ac-0b47baa35256","method":"App.callWxMethod","params":{"method":"redirectTo","args":[{"url":"/pages/home/home/index"}]}}
DEBUG 2022-04-27 10:34:33,957 connection.py _on_message     232 RECV < {"id":"90d6b779-c1f6-4e48-86ac-0b47baa35256","result":{"result":{"errMsg":"redirectTo:ok"}}}
DEBUG 2022-04-27 10:34:34,552 connection.py _on_message     232 RECV < {"method":"App.bindingCalled","params":{"name":"onAppRouteDone","args":[{"webviewId":5,"path":"pages/home/home/index","query":{},"openType":"redirectTo","__ts__":1651026874505},1651026874505]}}
INFO  2022-04-27 10:34:34,552 app.py     _on_route_changed 451 Route changed, {'name': 'onAppRouteDone', 'args': [{'webviewId': 5, 'path': 'pages/home/home/index', 'query': {}, 'openType': 'redirectTo', '__ts__': 1651026874505}, 1651026874505]}
DEBUG 2022-04-27 10:34:34,552 connection.py send            183 SEND > {"id":"1881452f-1cad-4a82-bbd0-9192cfea1152","method":"App.getCurrentPage","params":{}}
DEBUG 2022-04-27 10:34:34,560 connection.py _on_message     232 RECV < {"id":"1881452f-1cad-4a82-bbd0-9192cfea1152","result":{"pageId":5,"path":"pages/home/home/index","query":{}}}
INFO  2022-04-27 10:34:34,568 page.py    _get_elements_by_css 445 try to get elements: view.search-box[text(contains("查询科普"))]
DEBUG 2022-04-27 10:34:34,568 connection.py send            183 SEND > {"id":"7a4c2901-d24f-4fc5-af81-e0ee0bc1a653","method":"Page.getElements","params":{"selector":"view.search-box[text(contains(\"\u67e5\u8be2\u79d1\u666e\"))]","pageId":5}}
DEBUG 2022-04-27 10:34:34,583 connection.py _on_message     232 RECV < {"id":"7a4c2901-d24f-4fc5-af81-e0ee0bc1a653","result":{"elements":[{"elementId":"7d4f308e-fb32-4f51-bef9-8c4c67e59bff","tagName":"view"}]}}
INFO  2022-04-27 10:34:35,596 page.py    _get_elements_by_css 452 find elements success: [<minium.miniprogram.base_driver.element.BaseElement object at 0x000002233F3E6C50>]
DEBUG 2022-04-27 10:34:35,596 connection.py send            183 SEND > {"id":"58fcc96a-a0c5-4909-b24a-4397663f6ac5","method":"Element.getStyles","params":{"names":["pointer-events"],"elementId":"7d4f308e-fb32-4f51-bef9-8c4c67e59bff","pageId":5}}
DEBUG 2022-04-27 10:34:35,603 connection.py _on_message     232 RECV < {"id":"58fcc96a-a0c5-4909-b24a-4397663f6ac5","result":{"styles":["auto"]}}
DEBUG 2022-04-27 10:34:35,603 connection.py send            183 SEND > {"id":"3b915ed8-d55b-44cf-b70c-e850dcbd1887","method":"Element.tap","params":{"elementId":"7d4f308e-fb32-4f51-bef9-8c4c67e59bff","pageId":5}}
DEBUG 2022-04-27 10:34:35,688 connection.py _on_message     232 RECV < {"id":"3b915ed8-d55b-44cf-b70c-e850dcbd1887","result":{}}
DEBUG 2022-04-27 10:34:36,703 connection.py send            183 SEND > {"id":"7e59a6b5-9dab-46a1-b86f-23df5f576d42","method":"App.getCurrentPage","params":{}}
DEBUG 2022-04-27 10:34:36,704 connection.py _on_message     232 RECV < {"id":"7e59a6b5-9dab-46a1-b86f-23df5f576d42","result":{"pageId":5,"path":"pages/home/home/index","query":{}}}
INFO  2022-04-27 10:34:36,704 page.py    _get_elements_by_css 445 try to get elements: input.search-box[text(contains("搜索疾病/问题"))]
DEBUG 2022-04-27 10:34:36,704 connection.py send            183 SEND > {"id":"849f03d3-ec38-4214-8b2b-65707f58f9e5","method":"Page.getElements","params":{"selector":"input.search-box[text(contains(\"\u641c\u7d22\u75be\u75c5/\u95ee\u9898\"))]","pageId":5}}
DEBUG 2022-04-27 10:34:36,720 connection.py _on_message     232 RECV < {"id":"849f03d3-ec38-4214-8b2b-65707f58f9e5","result":{"elements":[]}}
DEBUG 2022-04-27 10:34:37,128 connection.py _on_message     232 RECV < {"method":"App.bindingCalled","params":{"name":"onAppRouteDone","args":[{"webviewId":6,"path":"package1/pages/classroom/search/index","query":{"searchType":"3"},"openType":"navigateTo","__ts__":1651026877072},1651026877072]}}
INFO  2022-04-27 10:34:37,128 app.py     _on_route_changed 451 Route changed, {'name': 'onAppRouteDone', 'args': [{'webviewId': 6, 'path': 'package1/pages/classroom/search/index', 'query': {'searchType': '3'}, 'openType': 'navigateTo', '__ts__': 1651026877072}, 1651026877072]}
WARNI 2022-04-27 10:34:37,725 page.py    _get_elements_by_css 450 Could not found any element 'input.search-box[text(contains("搜索疾病/问题"))]' you need
DEBUG 2022-04-27 10:34:37,725 minitest.py _miniTearDown   512 =========Current case Down：test_get_all_pages_path=========
INFO  2022-04-27 10:34:37,740 minitest.py capture         548 capture teardown.png
DEBUG 2022-04-27 10:34:37,740 connection.py send            183 SEND > {"id":"2c0eaa19-6be7-4488-9fe7-e0c74d9b0ec8","method":"App.captureScreenshot","params":{}}
DEBUG 2022-04-27 10:34:38,036 connection.py _on_message     230 RECV < {"id":"2c0eaa19-6be7-4488-9fe7-e0c74d9b0ec8","result":{"data":"iVBORw0KGgoAAAANSUhEUgAABC4AAAgoCAIAAACNtGKYAAAAAXNSR0IArs4c6QAAIABJREFUeJzs3X1Q1Gea//uL7gYbaKCF5kkbtVWIOGLEBHdwojkhFbOSktRojdmYjdasO2VNWbtWbWp3flNb+0vlbG3NyW5lT7lT1pQn685JsnFWU3EqpIITp0JOYiKJRHHEiNJqq7TQQAMNNPC16Yfzx5dneVT0bvT9qvmDQD/cNq3z/fR9X9cVE4lE5FHVGQxc7eu+rvlv3e71BPq8/ZovGPCHgrfDoWAk/Oi+LgAAAJg9MSKmGMM8g9FiNFlNcbZYc1Zc/MJ5CUvMlmXxSSmmONULVCbmUYsizYG+M91tf/K3X+jxuW/3qF4OAAAAHmn2eYmrEq2PW1KfSErLjItXvZwH6lGJIjc0/xe+5q87my/1dg5902wwLo9Pds...
DEBUG 2022-04-27 10:34:38,044 connection.py send            183 SEND > {"id":"ec681ca5-e288-4e75-9943-dda3223ee451","method":"App.getCurrentPage","params":{}}
DEBUG 2022-04-27 10:34:38,044 connection.py _on_message     232 RECV < {"id":"ec681ca5-e288-4e75-9943-dda3223ee451","result":{"pageId":6,"path":"package1/pages/classroom/search/index","query":{"searchType":"3"}}}
DEBUG 2022-04-27 10:34:38,044 connection.py send            183 SEND > {"id":"6a823bd4-2403-4f4a-b20f-50f1623e7b41","method":"Page.getData","params":{"pageId":6}}
DEBUG 2022-04-27 10:34:38,052 connection.py _on_message     232 RECV < {"id":"6a823bd4-2403-4f4a-b20f-50f1623e7b41","result":{"data":{"TYPE_METHOD_MAP":{"1":{"placeholder":"搜索疾病","listName":"diseaseName","listType":"diseaseList"},"2":{"placeholder":"搜索科室","listName":"deptName","listType":"deptList"},"3":{"placeholder":"搜索疾病/问题","listName":"title","listType":"classList"}},"value":"","pageNum":1,"numPerPage":10,"totalCount":0,"searchType":"3"}}}
ERROR 2022-04-27 10:34:38,084 assertbase.py _teardown_collect 267 <bound method AppTest.test_get_all_pages_path of <module.cfs.app.run.AppTest testMethod=test_get_all_pages_path>>
Traceback (most recent call last):
  File "C:\Python310\lib\unittest\case.py", line 59, in testPartExecutor
    yield
  File "D:\PycharmProjects\UIautomate\venv\lib\site-packages\minium\framework\libs\unittest\case.py", line 86, in run
    self._callTestMethod(testMethod)
  File "C:\Python310\lib\unittest\case.py", line 549, in _callTestMethod
    method()
  File "D:\PycharmProjects\UIautomate\module\cfs\app\run.py", line 9, in test_get_all_pages_path
    self.page.get_element(idx.ssk).input("心血管")
  File "D:\PycharmProjects\UIautomate\venv\lib\site-packages\minium\miniprogram\base_driver\minium_log.py", line 135, in wrapper
    result = func(*args, **kwargs)
  File "D:\PycharmProjects\UIautomate\venv\lib\site-packages\minium\miniprogram\base_driver\page.py", line 214, in get_element
    raise MiniElementNotFoundError("element[%s] not found" % selector)
minium.framework.exception.MiniElementNotFoundError: element[input.search-box[text(contains("搜索疾病/问题"))]] not found
INFO  2022-04-27 10:35:04,853 wx_minium.py launch_dev_tool 701 Starting dev tool and launch MiniProgram project ...
INFO  2022-04-27 10:35:04,855 minium_object.py _do_shell       35  de shell: cli.bat auto --project "C:/Users/crow/Desktop/dist/dist" --auto-port 9420
INFO  2022-04-27 10:35:06,130 minium_object.py _do_shell       53  err:
- initialize

√ IDE server has started, listening on http://127.0.0.1:20063
- preparing
- Fetching AppID (wx45cfec5a12afe345) permissions
√ Using AppID: wx45cfec5a12afe345
× Fetching AppID (wx45cfec5a12afe345) detailed information

INFO  2022-04-27 10:35:06,130 minium_object.py _do_shell       54  out:
[error] {
  code: 10,
  message: 'Error: 错误 Error: Port 9420 is in use (code 10)Error: Port 9420 is in use\n' +
    '    at Object.exports.auto [as method] (D:\\微信web开发者工具\\code\\package.nw\\core.wxvpkg\\1d3c44fb45826718b091c4f56f6d9ab0.js:2:953)\n' +
    '    at processTicksAndRejections (node:internal/process/task_queues:93:5)\n' +
    '    at async D:\\微信web开发者工具\\code\\package.nw\\core.wxvpkg\\7a975443f52e91830ae1d65cdf8c86db.js:2:3730\n' +
    '    at async Object.<anonymous> (D:\\微信web开发者工具\\code\\package.nw\\core.wxvpkg\\7a975443f52e91830ae1d65cdf8c86db.js:2:2983)'
}

INFO  2022-04-27 10:35:06,130 wx_minium.py connect_dev_tool 794 Trying to connect Dev tool ...
INFO  2022-04-27 10:35:06,412 connection.py _connect        137 connect to WebChatTools successfully
DEBUG 2022-04-27 10:35:06,412 connection.py send            183 SEND > {"id":"a9fa59eb-c8fd-4c23-b24e-18fbeb6328cd","method":"App.callWxMethod","params":{"method":"getSystemInfoSync","args":[]}}
DEBUG 2022-04-27 10:35:06,412 connection.py _on_message     230 RECV < {"id":"a9fa59eb-c8fd-4c23-b24e-18fbeb6328cd","result":{"result":{"model":"iPhone 12/13 Pro Max","pixelRatio":3,"windowWidth":428,"windowHeight":835,"system":"iOS 10.0.1","language":"zh_CN","version":"8.0.5","deviceOrientation":"portrait","screenWidth":428,"screenHeight":926,"SDKVersion":"2.23.2","brand":"devtools","fontSizeSetting":16,"benchmarkLevel":1,"batteryLevel":87,"statusBarHeight":47,"bluetoothEnabled":true,"locationEnabled":true,"wifiEnabled":true,"cameraAuthorized":true,"locationAuthorized":tru...
DEBUG 2022-04-27 10:35:06,412 connection.py send            183 SEND > {"id":"56795807-0385-4b01-a0a3-8a381554cc68","method":"App.addBinding","params":{"name":"onAppRouteDone"}}
DEBUG 2022-04-27 10:35:06,412 connection.py _on_message     232 RECV < {"id":"56795807-0385-4b01-a0a3-8a381554cc68","result":{}}
DEBUG 2022-04-27 10:35:06,428 connection.py send            183 SEND > {"id":"6426a265-aaf9-4e94-8f1d-b02d060fe3c8","method":"App.callFunction","params":{"functionDeclaration":"function () {\n    if (!global.__minium_onAppRouteDone) {\n        wx.onAppRouteDone(function (options) {\n            onAppRouteDone(options, Date.now())\n        })\n        global.__minium_onAppRouteDone = true\n    }\n}","args":[]}}
DEBUG 2022-04-27 10:35:06,428 connection.py _on_message     232 RECV < {"id":"6426a265-aaf9-4e94-8f1d-b02d060fe3c8","result":{}}
DEBUG 2022-04-27 10:35:06,428 connection.py send            183 SEND > {"id":"30befb5d-ca8f-4a31-b13c-23ae800af2fb","method":"App.callFunction","params":{"functionDeclaration":"function () {\n                    if(!global.minium) {global.minium = {};return false;} \n                    else {return true;}\n                }","args":[]}}
DEBUG 2022-04-27 10:35:06,428 connection.py _on_message     232 RECV < {"id":"30befb5d-ca8f-4a31-b13c-23ae800af2fb","result":{"result":true}}
DEBUG 2022-04-27 10:35:06,428 connection.py send            183 SEND > {"id":"b97b0171-14ba-41af-acf1-bb71f7c1f9c0","method":"App.callWxMethod","params":{"method":"getLaunchOptionsSync","args":[]}}
DEBUG 2022-04-27 10:35:06,428 connection.py _on_message     232 RECV < {"id":"b97b0171-14ba-41af-acf1-bb71f7c1f9c0","result":{"result":{"path":"pages/home/home/index","query":{},"scene":1001,"referrerInfo":{},"mode":"default","apiCategory":"default"}}}
INFO  2022-04-27 10:35:06,428 app.py     relaunch        306 ReLaunch: /pages/home/home/index
DEBUG 2022-04-27 10:35:06,428 connection.py send            183 SEND > {"id":"0e4ceb61-9b17-4e67-952e-ce9b9b344087","method":"App.getCurrentPage","params":{}}
DEBUG 2022-04-27 10:35:06,428 connection.py _on_message     232 RECV < {"id":"0e4ceb61-9b17-4e67-952e-ce9b9b344087","result":{"pageId":6,"path":"package1/pages/classroom/search/index","query":{"searchType":"3"}}}
DEBUG 2022-04-27 10:35:06,443 connection.py send            183 SEND > {"id":"2ed42cb6-1ea2-46a9-b4bc-6e31e431b58a","method":"App.callWxMethod","params":{"method":"getAccountInfoSync","args":[]}}
DEBUG 2022-04-27 10:35:06,443 connection.py _on_message     232 RECV < {"id":"2ed42cb6-1ea2-46a9-b4bc-6e31e431b58a","result":{"result":{"miniProgram":{"appId":"wx45cfec5a12afe345","envVersion":"develop","version":""}}}}
DEBUG 2022-04-27 10:35:06,443 connection.py send            183 SEND > {"id":"d11e0164-6abb-409f-a4d5-f1d1f949931c","method":"App.callWxMethod","params":{"method":"reLaunch","args":[{"url":"/pages/home/home/index"}]}}
DEBUG 2022-04-27 10:35:06,521 connection.py _on_message     232 RECV < {"id":"d11e0164-6abb-409f-a4d5-f1d1f949931c","result":{"result":{"errMsg":"reLaunch:ok"}}}
DEBUG 2022-04-27 10:35:07,190 connection.py _on_message     232 RECV < {"method":"App.bindingCalled","params":{"name":"onAppRouteDone","args":[{"webviewId":7,"path":"pages/home/home/index","query":{},"openType":"reLaunch","__ts__":1651026907121},1651026907121]}}
INFO  2022-04-27 10:35:07,190 app.py     _on_route_changed 451 Route changed, {'name': 'onAppRouteDone', 'args': [{'webviewId': 7, 'path': 'pages/home/home/index', 'query': {}, 'openType': 'reLaunch', '__ts__': 1651026907121}, 1651026907121]}
DEBUG 2022-04-27 10:35:07,190 connection.py send            183 SEND > {"id":"84d40396-aabf-4c4e-834e-b38871f4325d","method":"App.callWxMethod","params":{"method":"getSystemInfoSync","args":[]}}
DEBUG 2022-04-27 10:35:07,208 connection.py _on_message     230 RECV < {"id":"84d40396-aabf-4c4e-834e-b38871f4325d","result":{"result":{"model":"iPhone 12/13 Pro Max","pixelRatio":3,"windowWidth":428,"windowHeight":753,"system":"iOS 10.0.1","language":"zh_CN","version":"8.0.5","deviceOrientation":"portrait","screenWidth":428,"screenHeight":926,"SDKVersion":"2.23.2","brand":"devtools","fontSizeSetting":16,"benchmarkLevel":1,"batteryLevel":87,"statusBarHeight":47,"bluetoothEnabled":true,"locationEnabled":true,"wifiEnabled":true,"cameraAuthorized":true,"locationAuthorized":tru...
DEBUG 2022-04-27 10:35:07,210 connection.py send            183 SEND > {"id":"3d01c787-125d-42bd-8bbb-47b6f8257ea3","method":"App.callFunction","params":{"functionDeclaration":"function () {return __wxConfig}","args":[]}}
DEBUG 2022-04-27 10:35:07,214 connection.py _on_message     230 RECV < {"id":"3d01c787-125d-42bd-8bbb-47b6f8257ea3","result":{"result":{"pages":["pages/home/home/index","pages/home/startpage/index","pages/message/home/index","pages/message/chat/index","pages/task/home/index","pages/mine/home/index","pages/mine/patient/list/index","pages/mine/patient/add/index","pages/mine/patient/bindcard/index","pages/mine/patient/detail/index","pages/auth/user_info/index","package1/pages/signservice/list/index","package1/pages/signservice/detail/index","package1/pages/signservice/selectdo...
DEBUG 2022-04-27 10:35:07,229 minitest.py _miniSetUp      286 =========Current case：test_get_all_pages_path=========
INFO  2022-04-27 10:35:07,229 app.py     relaunch        306 ReLaunch: /pages/home/home/index
DEBUG 2022-04-27 10:35:07,229 connection.py send            183 SEND > {"id":"a1d11eb9-4867-46a7-99f2-7c11740f6020","method":"App.callWxMethod","params":{"method":"reLaunch","args":[{"url":"/pages/home/home/index"}]}}
DEBUG 2022-04-27 10:35:07,261 connection.py _on_message     232 RECV < {"id":"a1d11eb9-4867-46a7-99f2-7c11740f6020","result":{"result":{"errMsg":"reLaunch:ok"}}}
DEBUG 2022-04-27 10:35:07,996 connection.py _on_message     232 RECV < {"method":"App.bindingCalled","params":{"name":"onAppRouteDone","args":[{"webviewId":8,"path":"pages/home/home/index","query":{},"openType":"reLaunch","__ts__":1651026907948},1651026907949]}}
INFO  2022-04-27 10:35:08,012 app.py     _on_route_changed 451 Route changed, {'name': 'onAppRouteDone', 'args': [{'webviewId': 8, 'path': 'pages/home/home/index', 'query': {}, 'openType': 'reLaunch', '__ts__': 1651026907948}, 1651026907949]}
INFO  2022-04-27 10:35:08,012 minitest.py capture         548 capture setup.png
DEBUG 2022-04-27 10:35:08,012 connection.py send            183 SEND > {"id":"279d949b-1659-4a19-92f7-d0f8ca809803","method":"App.captureScreenshot","params":{}}
DEBUG 2022-04-27 10:35:14,975 connection.py _on_message     230 RECV < {"id":"279d949b-1659-4a19-92f7-d0f8ca809803","result":{"data":"iVBORw0KGgoAAAANSUhEUgAABC4AAAdbCAIAAAD2Sm0eAAAAAXNSR0IArs4c6QAAIABJREFUeJzsvfmTXUd2JnZO5l3fWnthI0Bwa5JNstnsXS2pNTMeW7JiQjOhkCZifvCE5HCE/yqHHbY1WsIzMZZH8vR4utXqRWz1ziYJkNhRQAG1vv3dLfMc/5D33ndfVQEoFAtAVSG/AA9P5c38Mm/ezPvy3JMLvvNf/08AAABEZObD1S2zZbbMltkyW2bLbJkts2W2zJZ5T10u/9s/BAsLCwsLCwsLCwsLi6cLAQCIaKWVVlpppZVWWmmllVZa+TQlfuE7f8bMiMAMiPgEdMtsmS2zZbbMltkyW2bLbJkts2XeqQtmRsRK6KHrltkyW2bLbJkts2W2zJbZMltmy7xTL70iCAAAcLi6ZbbMltkyW2bLbJkts2W2zJbZMu...
INFO  2022-04-27 10:35:14,992 app.py     redirect_to     288 RedirectTo: /pages/home/home/index
DEBUG 2022-04-27 10:35:14,992 connection.py send            183 SEND > {"id":"3c95425f-dc78-49ad-88d0-bfa9f8b30919","method":"App.callWxMethod","params":{"method":"redirectTo","args":[{"url":"/pages/home/home/index"}]}}
DEBUG 2022-04-27 10:35:15,049 connection.py _on_message     232 RECV < {"id":"3c95425f-dc78-49ad-88d0-bfa9f8b30919","result":{"result":{"errMsg":"redirectTo:ok"}}}
DEBUG 2022-04-27 10:35:15,273 connection.py _on_message     232 RECV < {"method":"App.bindingCalled","params":{"name":"onAppRouteDone","args":[{"webviewId":9,"path":"pages/home/home/index","query":{},"openType":"redirectTo","__ts__":1651026915206},1651026915207]}}
INFO  2022-04-27 10:35:15,273 app.py     _on_route_changed 451 Route changed, {'name': 'onAppRouteDone', 'args': [{'webviewId': 9, 'path': 'pages/home/home/index', 'query': {}, 'openType': 'redirectTo', '__ts__': 1651026915206}, 1651026915207]}
DEBUG 2022-04-27 10:35:15,273 connection.py send            183 SEND > {"id":"7cd2d813-bfed-4891-a5f3-63ff8c34ac9e","method":"App.getCurrentPage","params":{}}
DEBUG 2022-04-27 10:35:15,321 connection.py _on_message     232 RECV < {"id":"7cd2d813-bfed-4891-a5f3-63ff8c34ac9e","result":{"pageId":9,"path":"pages/home/home/index","query":{}}}
INFO  2022-04-27 10:35:15,329 page.py    _get_elements_by_css 445 try to get elements: view.search-box[text(contains("查询科普"))]
DEBUG 2022-04-27 10:35:15,329 connection.py send            183 SEND > {"id":"cd41ce92-5c7b-4856-b982-52dc6ea4f8dc","method":"Page.getElements","params":{"selector":"view.search-box[text(contains(\"\u67e5\u8be2\u79d1\u666e\"))]","pageId":9}}
DEBUG 2022-04-27 10:35:15,353 connection.py _on_message     232 RECV < {"id":"cd41ce92-5c7b-4856-b982-52dc6ea4f8dc","result":{"elements":[{"elementId":"89007a01-c945-429b-afd7-319c698c9afa","tagName":"view"}]}}
INFO  2022-04-27 10:35:16,366 page.py    _get_elements_by_css 452 find elements success: [<minium.miniprogram.base_driver.element.BaseElement object at 0x0000020C3197AA40>]
DEBUG 2022-04-27 10:35:16,366 connection.py send            183 SEND > {"id":"f1f41a8e-655a-46d6-82f7-952f82ec6b9d","method":"Element.getStyles","params":{"names":["pointer-events"],"elementId":"89007a01-c945-429b-afd7-319c698c9afa","pageId":9}}
DEBUG 2022-04-27 10:35:16,373 connection.py _on_message     232 RECV < {"id":"f1f41a8e-655a-46d6-82f7-952f82ec6b9d","result":{"styles":["auto"]}}
DEBUG 2022-04-27 10:35:16,373 connection.py send            183 SEND > {"id":"f9c7e9e7-ed9b-4130-b43d-00bfd61f8641","method":"Element.tap","params":{"elementId":"89007a01-c945-429b-afd7-319c698c9afa","pageId":9}}
DEBUG 2022-04-27 10:35:16,546 connection.py _on_message     232 RECV < {"id":"f9c7e9e7-ed9b-4130-b43d-00bfd61f8641","result":{}}
DEBUG 2022-04-27 10:35:16,968 connection.py _on_message     232 RECV < {"method":"App.bindingCalled","params":{"name":"onAppRouteDone","args":[{"webviewId":10,"path":"package1/pages/classroom/search/index","query":{"searchType":"3"},"openType":"navigateTo","__ts__":1651026916906},1651026916906]}}
INFO  2022-04-27 10:35:16,968 app.py     _on_route_changed 451 Route changed, {'name': 'onAppRouteDone', 'args': [{'webviewId': 10, 'path': 'package1/pages/classroom/search/index', 'query': {'searchType': '3'}, 'openType': 'navigateTo', '__ts__': 1651026916906}, 1651026916906]}
DEBUG 2022-04-27 10:35:17,548 connection.py send            183 SEND > {"id":"7c0bb846-ff6b-4846-8c8d-b8f13a2744ef","method":"App.getCurrentPage","params":{}}
DEBUG 2022-04-27 10:35:17,548 connection.py _on_message     232 RECV < {"id":"7c0bb846-ff6b-4846-8c8d-b8f13a2744ef","result":{"pageId":10,"path":"package1/pages/classroom/search/index","query":{"searchType":"3"}}}
INFO  2022-04-27 10:35:17,554 page.py    _get_elements_by_css 445 try to get elements: input.search-box[text(contains("搜索疾病/问题"))]
DEBUG 2022-04-27 10:35:17,556 connection.py send            183 SEND > {"id":"c8250105-a370-42a8-902f-1e208d86b391","method":"Page.getElements","params":{"selector":"input.search-box[text(contains(\"\u641c\u7d22\u75be\u75c5/\u95ee\u9898\"))]","pageId":10}}
DEBUG 2022-04-27 10:35:17,562 connection.py _on_message     232 RECV < {"id":"c8250105-a370-42a8-902f-1e208d86b391","result":{"elements":[{"elementId":"a7bf09b0-ba94-4c4e-b724-1782d09dbf73","tagName":"input"}]}}
INFO  2022-04-27 10:35:18,572 page.py    _get_elements_by_css 452 find elements success: [<minium.miniprogram.base_driver.element.FormElement object at 0x0000020C3197B100>]
DEBUG 2022-04-27 10:35:18,572 connection.py send            183 SEND > {"id":"e58a01f3-e13a-4cde-b661-f57d4cca250a","method":"Element.callFunction","params":{"functionName":"input.input","args":["\u5fc3\u8840\u7ba1"],"elementId":"a7bf09b0-ba94-4c4e-b724-1782d09dbf73","pageId":10}}
DEBUG 2022-04-27 10:35:18,628 connection.py _on_message     232 RECV < {"id":"e58a01f3-e13a-4cde-b661-f57d4cca250a","result":{}}
DEBUG 2022-04-27 10:35:18,628 connection.py send            183 SEND > {"id":"31d2d418-b4da-4419-9b0a-b7acd8bebd31","method":"App.getCurrentPage","params":{}}
DEBUG 2022-04-27 10:35:18,635 connection.py _on_message     232 RECV < {"id":"31d2d418-b4da-4419-9b0a-b7acd8bebd31","result":{"pageId":10,"path":"package1/pages/classroom/search/index","query":{"searchType":"3"}}}
INFO  2022-04-27 10:35:18,636 page.py    _get_elements_by_css 445 try to get elements: rich-text[text(contains("测试患教资料"))]
DEBUG 2022-04-27 10:35:18,637 connection.py send            183 SEND > {"id":"8c11f140-02e9-4a70-846c-3ac097439d71","method":"Page.getElements","params":{"selector":"rich-text[text(contains(\"\u6d4b\u8bd5\u60a3\u6559\u8d44\u6599\"))]","pageId":10}}
DEBUG 2022-04-27 10:35:18,641 connection.py _on_message     232 RECV < {"id":"8c11f140-02e9-4a70-846c-3ac097439d71","result":{"elements":[]}}
WARNI 2022-04-27 10:35:19,643 page.py    _get_elements_by_css 450 Could not found any element 'rich-text[text(contains("测试患教资料"))]' you need
INFO  2022-04-27 10:35:19,894 page.py    _get_elements_by_css 445 try to get elements: rich-text[text(contains("测试患教资料"))]
DEBUG 2022-04-27 10:35:19,894 connection.py send            183 SEND > {"id":"64c459d5-bee9-47c9-ac76-88164642f193","method":"Page.getElements","params":{"selector":"rich-text[text(contains(\"\u6d4b\u8bd5\u60a3\u6559\u8d44\u6599\"))]","pageId":10}}
DEBUG 2022-04-27 10:35:19,894 connection.py _on_message     232 RECV < {"id":"64c459d5-bee9-47c9-ac76-88164642f193","result":{"elements":[{"elementId":"aed8e10e-c974-4c15-8dd6-f4209920f7f8","tagName":"rich-text"},{"elementId":"a24527b0-2f07-44d3-95c6-a6421d9e811c","tagName":"rich-text"},{"elementId":"f1c5553a-ec08-4a67-93f5-702b2285df55","tagName":"rich-text"}]}}
INFO  2022-04-27 10:35:20,914 page.py    _get_elements_by_css 452 find elements success: [<minium.miniprogram.base_driver.element.BaseElement object at 0x0000020C3197B0A0>, <minium.miniprogram.base_driver.element.BaseElement object at 0x0000020C3197BC10>, <minium.miniprogram.base_driver.element.BaseElement object at 0x0000020C3197A9B0>]
DEBUG 2022-04-27 10:35:20,914 connection.py send            183 SEND > {"id":"a0257de9-39aa-4ca8-8642-bfd336ada1bd","method":"App.getCurrentPage","params":{}}
DEBUG 2022-04-27 10:35:20,918 connection.py _on_message     232 RECV < {"id":"a0257de9-39aa-4ca8-8642-bfd336ada1bd","result":{"pageId":10,"path":"package1/pages/classroom/search/index","query":{"searchType":"3"}}}
INFO  2022-04-27 10:35:20,918 page.py    _get_elements_by_css 445 try to get elements: rich-text[text(contains("测试患教资料"))]
DEBUG 2022-04-27 10:35:20,918 connection.py send            183 SEND > {"id":"f0a15178-9ca1-4bca-a736-88761fe58d11","method":"Page.getElements","params":{"selector":"rich-text[text(contains(\"\u6d4b\u8bd5\u60a3\u6559\u8d44\u6599\"))]","pageId":10}}
DEBUG 2022-04-27 10:35:20,926 connection.py _on_message     232 RECV < {"id":"f0a15178-9ca1-4bca-a736-88761fe58d11","result":{"elements":[{"elementId":"aed8e10e-c974-4c15-8dd6-f4209920f7f8","tagName":"rich-text"},{"elementId":"a24527b0-2f07-44d3-95c6-a6421d9e811c","tagName":"rich-text"},{"elementId":"f1c5553a-ec08-4a67-93f5-702b2285df55","tagName":"rich-text"}]}}
INFO  2022-04-27 10:35:21,928 page.py    _get_elements_by_css 452 find elements success: [<minium.miniprogram.base_driver.element.BaseElement object at 0x0000020C3197ADA0>, <minium.miniprogram.base_driver.element.BaseElement object at 0x0000020C3197AB00>, <minium.miniprogram.base_driver.element.BaseElement object at 0x0000020C3197A920>]
DEBUG 2022-04-27 10:35:21,928 connection.py send            183 SEND > {"id":"b909a5c7-7d4f-412f-8d1f-8682b3c736f6","method":"Element.getStyles","params":{"names":["pointer-events"],"elementId":"aed8e10e-c974-4c15-8dd6-f4209920f7f8","pageId":10}}
DEBUG 2022-04-27 10:35:21,938 connection.py _on_message     232 RECV < {"id":"b909a5c7-7d4f-412f-8d1f-8682b3c736f6","result":{"styles":["auto"]}}
DEBUG 2022-04-27 10:35:21,938 connection.py send            183 SEND > {"id":"3a445d77-d7bb-40e0-8e9f-d60f495f890a","method":"Element.tap","params":{"elementId":"aed8e10e-c974-4c15-8dd6-f4209920f7f8","pageId":10}}
DEBUG 2022-04-27 10:35:22,095 connection.py _on_message     232 RECV < {"id":"3a445d77-d7bb-40e0-8e9f-d60f495f890a","result":{}}
DEBUG 2022-04-27 10:35:22,658 connection.py _on_message     232 RECV < {"method":"App.bindingCalled","params":{"name":"onAppRouteDone","args":[{"webviewId":11,"path":"package1/pages/classroom/detail/index","query":{"id":"80","type":"text"},"openType":"navigateTo","__ts__":1651026922590},1651026922590]}}
INFO  2022-04-27 10:35:22,659 app.py     _on_route_changed 451 Route changed, {'name': 'onAppRouteDone', 'args': [{'webviewId': 11, 'path': 'package1/pages/classroom/detail/index', 'query': {'id': '80', 'type': 'text'}, 'openType': 'navigateTo', '__ts__': 1651026922590}, 1651026922590]}
INFO  2022-04-27 10:35:23,104 app.py     relaunch        306 ReLaunch: /pages/home/home/index
DEBUG 2022-04-27 10:35:23,104 connection.py send            183 SEND > {"id":"2f258b8e-3e40-444d-9584-1ca54cd7cae6","method":"App.callWxMethod","params":{"method":"reLaunch","args":[{"url":"/pages/home/home/index"}]}}
DEBUG 2022-04-27 10:35:23,168 connection.py _on_message     232 RECV < {"id":"2f258b8e-3e40-444d-9584-1ca54cd7cae6","result":{"result":{"errMsg":"reLaunch:ok"}}}
DEBUG 2022-04-27 10:35:23,416 connection.py _on_message     232 RECV < {"method":"App.bindingCalled","params":{"name":"onAppRouteDone","args":[{"webviewId":12,"path":"pages/home/home/index","query":{},"openType":"reLaunch","__ts__":1651026923360},1651026923360]}}
INFO  2022-04-27 10:35:23,416 app.py     _on_route_changed 451 Route changed, {'name': 'onAppRouteDone', 'args': [{'webviewId': 12, 'path': 'pages/home/home/index', 'query': {}, 'openType': 'reLaunch', '__ts__': 1651026923360}, 1651026923360]}
DEBUG 2022-04-27 10:35:23,416 minitest.py _miniTearDown   512 =========Current case Down：test_get_all_pages_path=========
INFO  2022-04-27 10:35:23,424 minitest.py capture         548 capture teardown.png
DEBUG 2022-04-27 10:35:23,424 connection.py send            183 SEND > {"id":"8dd09329-3f6a-4673-b318-2290b9109a10","method":"App.captureScreenshot","params":{}}
DEBUG 2022-04-27 10:35:23,827 connection.py _on_message     230 RECV < {"id":"8dd09329-3f6a-4673-b318-2290b9109a10","result":{"data":"iVBORw0KGgoAAAANSUhEUgAABC4AAAdbCAIAAAD2Sm0eAAAAAXNSR0IArs4c6QAAIABJREFUeJzsvfmTXUd2JnZO5l3fWjtWAgT3ZpNsNntXa7U9tmSFQzOhkCbCP3hCcjjCf5XDDtsaLeGZGMsz8vR4utVq9aZmd7PZJAESOwoooNa3v7tlnuMf8t777qsqLFUgUK+A/IA49b28ud18mfny5MkF3/nP/ycAAAAiMrPllltuueWWW2655ZZbbvlT4PLEv/pjsLCwsLCwsLCwsLCweLoQAICIVlpppZVWWmmllVZaaaWVT1Pil777F8yMCMyAiJZbbrnllltuueWWW2655U+BC2ZGxMozyy233HLLLbfccsstt9zyJ85LqwgCAABYbrnllltuueWWW2655ZY/BV5aRbh8ZrnllltuueWWW2655ZZb/qQ5fum7fw...
DEBUG 2022-04-27 10:35:23,842 connection.py send            183 SEND > {"id":"4eb94b01-b5dd-403c-ab84-81a6edd858aa","method":"App.getCurrentPage","params":{}}
DEBUG 2022-04-27 10:35:23,842 connection.py _on_message     232 RECV < {"id":"4eb94b01-b5dd-403c-ab84-81a6edd858aa","result":{"pageId":12,"path":"pages/home/home/index","query":{}}}
DEBUG 2022-04-27 10:35:23,842 connection.py send            183 SEND > {"id":"eefdbe6b-6318-4d79-bda2-3ae5625a1fcf","method":"Page.getData","params":{"pageId":12}}
DEBUG 2022-04-27 10:35:23,850 connection.py _on_message     230 RECV < {"id":"eefdbe6b-6318-4d79-bda2-3ae5625a1fcf","result":{"data":{"isFirstEnter":0,"showStartPage":"1","hisId":45,"hisDet":{"appointmentCodeUrl":"https://ustatic.med.gzhc365.com/fss/publicfile/70f794fc23c8b4e348e638cd262175aa0993a503068289b2ed2448231fa84e7b.png","appointmentUrl":"","area":"青秀区","attribute":"医联体主体单位","city":"南宁市","contactName":"测试","coordinateType":"BD09","createTime":"2020-11-14 21:22:22","customerServiceSupport":1,"detailedAddress":"桃源路6号","email":"386030556@qq.com","hisId":"45","hisLevel"...
