INFO  2022-05-16 10:54:47,655 wx_minium.py launch_dev_tool 701 Starting dev tool and launch MiniProgram project ...
INFO  2022-05-16 10:54:47,661 minium_object.py _do_shell       35  de shell: cli.bat auto --project "C:/Users/crow/Desktop/dist/dist" --auto-port 9420
INFO  2022-05-16 10:54:52,243 minium_object.py _do_shell       53  err:
- initialize

âˆš IDE server has started, listening on http://127.0.0.1:15158
- preparing
- Fetching AppID (wx45cfec5a12afe345) permissions
âˆš Using AppID: wx45cfec5a12afe345
âˆš auto

INFO  2022-05-16 10:54:52,244 minium_object.py _do_shell       54  out:

INFO  2022-05-16 10:55:02,252 wx_minium.py connect_dev_tool 794 Trying to connect Dev tool ...
INFO  2022-05-16 10:55:03,754 connection.py _connect        137 connect to WebChatTools successfully
DEBUG 2022-05-16 10:55:03,755 connection.py send            183 SEND > {"id":"80d04453-0b4d-46cc-bad5-3956a8320990","method":"App.callWxMethod","params":{"method":"getSystemInfoSync","args":[]}}
DEBUG 2022-05-16 10:55:06,315 connection.py _on_message     232 RECV < {"method":"App.initialized","params":{"from":"devtools"}}
DEBUG 2022-05-16 10:55:06,318 connection.py _on_message     230 RECV < {"id":"80d04453-0b4d-46cc-bad5-3956a8320990","result":{"result":{"model":"iPhone 12/13 mini","pixelRatio":3,"windowWidth":375,"windowHeight":642,"system":"iOS 10.0.1","language":"zh_CN","version":"8.0.5","deviceOrientation":"portrait","screenWidth":375,"screenHeight":812,"SDKVersion":"2.23.2","brand":"devtools","fontSizeSetting":16,"benchmarkLevel":1,"batteryLevel":99,"statusBarHeight":44,"bluetoothEnabled":true,"locationEnabled":true,"wifiEnabled":true,"cameraAuthorized":true,"locationAuthorized":true,"...
DEBUG 2022-05-16 10:55:06,330 connection.py send            183 SEND > {"id":"92b5c03b-1bf4-4c7e-bc2d-2ba4b32b1eea","method":"App.addBinding","params":{"name":"onAppRouteDone"}}
DEBUG 2022-05-16 10:55:06,331 connection.py _on_message     232 RECV < {"id":"92b5c03b-1bf4-4c7e-bc2d-2ba4b32b1eea","result":{}}
DEBUG 2022-05-16 10:55:06,332 connection.py send            183 SEND > {"id":"bdcb80ad-6d3f-4215-be75-d513b569a6c2","method":"App.callFunction","params":{"functionDeclaration":"function () {\n    if (!global.__minium_onAppRouteDone) {\n        wx.onAppRouteDone(function (options) {\n            onAppRouteDone(options, Date.now())\n        })\n        global.__minium_onAppRouteDone = true\n    }\n}","args":[]}}
DEBUG 2022-05-16 10:55:06,334 connection.py _on_message     232 RECV < {"id":"bdcb80ad-6d3f-4215-be75-d513b569a6c2","result":{}}
DEBUG 2022-05-16 10:55:06,335 connection.py send            183 SEND > {"id":"ffe722a4-00ea-4d03-976f-30724693949f","method":"App.callFunction","params":{"functionDeclaration":"function () {\n                    if(!global.minium) {global.minium = {};return false;} \n                    else {return true;}\n                }","args":[]}}
DEBUG 2022-05-16 10:55:06,336 connection.py _on_message     232 RECV < {"id":"ffe722a4-00ea-4d03-976f-30724693949f","result":{"result":false}}
DEBUG 2022-05-16 10:55:06,336 connection.py send            183 SEND > {"id":"42e1107b-b3a1-4f35-a355-b902c64ce494","method":"App.callWxMethod","params":{"method":"getLaunchOptionsSync","args":[]}}
DEBUG 2022-05-16 10:55:06,339 connection.py _on_message     232 RECV < {"id":"42e1107b-b3a1-4f35-a355-b902c64ce494","result":{"result":{"path":"pages/home/home/index","query":{},"scene":1001,"referrerInfo":{},"mode":"default","apiCategory":"default"}}}
INFO  2022-05-16 10:55:06,339 app.py     relaunch        306 ReLaunch: /pages/home/home/index
DEBUG 2022-05-16 10:55:06,339 connection.py send            183 SEND > {"id":"10f64042-c80b-412c-b7fb-0a8b112bcf59","method":"App.getCurrentPage","params":{}}
DEBUG 2022-05-16 10:55:06,341 connection.py _on_message     232 RECV < {"id":"10f64042-c80b-412c-b7fb-0a8b112bcf59","result":{"pageId":1,"path":"pages/home/home/index","query":{}}}
DEBUG 2022-05-16 10:55:06,341 connection.py send            183 SEND > {"id":"81bf8cd7-4e50-4f2a-b0b5-a7b9ae15b4ab","method":"App.callWxMethod","params":{"method":"getAccountInfoSync","args":[]}}
DEBUG 2022-05-16 10:55:06,343 connection.py _on_message     232 RECV < {"id":"81bf8cd7-4e50-4f2a-b0b5-a7b9ae15b4ab","result":{"result":{"miniProgram":{"appId":"wx45cfec5a12afe345","envVersion":"develop","version":""}}}}
DEBUG 2022-05-16 10:55:06,343 connection.py send            183 SEND > {"id":"93d91ca9-5fcf-4b8e-82d3-25a870326264","method":"App.callWxMethod","params":{"method":"reLaunch","args":[{"url":"/pages/home/home/index"}]}}
DEBUG 2022-05-16 10:55:06,374 connection.py _on_message     232 RECV < {"id":"93d91ca9-5fcf-4b8e-82d3-25a870326264","result":{"result":{"errMsg":"reLaunch:ok"}}}
DEBUG 2022-05-16 10:55:06,570 connection.py _on_message     232 RECV < {"method":"App.bindingCalled","params":{"name":"onAppRouteDone","args":[{"webviewId":2,"path":"pages/home/home/index","query":{},"openType":"reLaunch","__ts__":1652669706540},1652669706541]}}
INFO  2022-05-16 10:55:06,570 app.py     _on_route_changed 451 Route changed, {'name': 'onAppRouteDone', 'args': [{'webviewId': 2, 'path': 'pages/home/home/index', 'query': {}, 'openType': 'reLaunch', '__ts__': 1652669706540}, 1652669706541]}
DEBUG 2022-05-16 10:55:06,570 connection.py send            183 SEND > {"id":"754763d0-52f6-42bd-9494-68c5e3fbcf3a","method":"App.callWxMethod","params":{"method":"getSystemInfoSync","args":[]}}
DEBUG 2022-05-16 10:55:06,586 connection.py _on_message     230 RECV < {"id":"754763d0-52f6-42bd-9494-68c5e3fbcf3a","result":{"result":{"model":"iPhone 12/13 mini","pixelRatio":3,"windowWidth":375,"windowHeight":642,"system":"iOS 10.0.1","language":"zh_CN","version":"8.0.5","deviceOrientation":"portrait","screenWidth":375,"screenHeight":812,"SDKVersion":"2.23.2","brand":"devtools","fontSizeSetting":16,"benchmarkLevel":1,"batteryLevel":99,"statusBarHeight":44,"bluetoothEnabled":true,"locationEnabled":true,"wifiEnabled":true,"cameraAuthorized":true,"locationAuthorized":true,"...
DEBUG 2022-05-16 10:55:06,587 connection.py send            183 SEND > {"id":"8d189ccc-46e1-46c5-b1ff-1d65adc1b06d","method":"App.callFunction","params":{"functionDeclaration":"function () {return __wxConfig}","args":[]}}
DEBUG 2022-05-16 10:55:06,616 connection.py _on_message     230 RECV < {"id":"8d189ccc-46e1-46c5-b1ff-1d65adc1b06d","result":{"result":{"pages":["pages/home/home/index","pages/home/startpage/index","pages/message/home/index","pages/message/chat/index","pages/task/home/index","pages/mine/home/index","pages/mine/patient/list/index","pages/mine/patient/add/index","pages/mine/patient/bindcard/index","pages/mine/patient/detail/index","pages/auth/user_info/index","package1/pages/signservice/list/index","package1/pages/signservice/detail/index","package1/pages/signservice/selectdo...
DEBUG 2022-05-16 10:55:06,619 minitest.py _miniSetUp      286 =========Current caseï¼šget_all_pages_path=========
INFO  2022-05-16 10:55:06,620 app.py     relaunch        306 ReLaunch: /pages/home/home/index
DEBUG 2022-05-16 10:55:06,620 connection.py send            183 SEND > {"id":"bbe365a3-4178-430e-b371-81dbf778afb0","method":"App.callWxMethod","params":{"method":"reLaunch","args":[{"url":"/pages/home/home/index"}]}}
DEBUG 2022-05-16 10:55:06,645 connection.py _on_message     232 RECV < {"id":"bbe365a3-4178-430e-b371-81dbf778afb0","result":{"result":{"errMsg":"reLaunch:ok"}}}
DEBUG 2022-05-16 10:55:07,040 connection.py _on_message     232 RECV < {"method":"App.bindingCalled","params":{"name":"onAppRouteDone","args":[{"webviewId":4,"path":"pages/home/home/index","query":{},"openType":"reLaunch","__ts__":1652669707028},1652669707028]}}
INFO  2022-05-16 10:55:07,041 app.py     _on_route_changed 451 Route changed, {'name': 'onAppRouteDone', 'args': [{'webviewId': 4, 'path': 'pages/home/home/index', 'query': {}, 'openType': 'reLaunch', '__ts__': 1652669707028}, 1652669707028]}
INFO  2022-05-16 10:55:07,042 minitest.py capture         548 capture setup.png
DEBUG 2022-05-16 10:55:07,043 connection.py send            183 SEND > {"id":"c30c0067-8364-400f-a902-8dbaec430ffd","method":"App.captureScreenshot","params":{}}
DEBUG 2022-05-16 10:55:07,270 connection.py _on_message     230 RECV < {"id":"c30c0067-8364-400f-a902-8dbaec430ffd","result":{"data":"iVBORw0KGgoAAAANSUhEUgAAA6oAAAZFCAIAAACvNLm5AAAAAXNSR0IArs4c6QAAIABJREFUeJzsvVmTJUd2JnaOe6x3vzfXytqrAFQVUOgG0GgA3U32ylWc5mK0IedBsjFSpnmQ6UF/QDavMpPM9DwmSmMmm+F0N4cjDmeapNgbGo0G2GhsjbXWrCUrs3K/e6zufvQQy703K6uQWahC3szyg8LJ73q4n/Dw8PD44sQJd/zcj/49AAAAIhKRxhprrLHGGmusscYaH2DMZ/7lHwMAIEC6SWONNdZYY4011lhjjQ8sZgCAiECAiBprrLHGGmusscYaa3ywMUNEItJaa6211lprrbXWWutHQbM9r4HWWmuttdZaa6211lp/Zho//+O/JCAEBAAA0FhjjTXWWGONNdZY4wOMGREhIBEBgMYaa6yxxhprrLHGGh9sjJ...
INFO  2022-05-16 10:55:07,293 app.py     redirect_to     288 RedirectTo: /pages/home/home/index
DEBUG 2022-05-16 10:55:07,294 connection.py send            183 SEND > {"id":"3a416d07-a6c8-4ad9-bac2-5b72f89e3d10","method":"App.callWxMethod","params":{"method":"redirectTo","args":[{"url":"/pages/home/home/index"}]}}
DEBUG 2022-05-16 10:55:07,419 connection.py _on_message     232 RECV < {"id":"3a416d07-a6c8-4ad9-bac2-5b72f89e3d10","result":{"result":{"errMsg":"redirectTo:ok"}}}
DEBUG 2022-05-16 10:55:07,692 connection.py _on_message     232 RECV < {"method":"App.bindingCalled","params":{"name":"onAppRouteDone","args":[{"webviewId":5,"path":"pages/home/home/index","query":{},"openType":"redirectTo","__ts__":1652669707650},1652669707650]}}
INFO  2022-05-16 10:55:07,693 app.py     _on_route_changed 451 Route changed, {'name': 'onAppRouteDone', 'args': [{'webviewId': 5, 'path': 'pages/home/home/index', 'query': {}, 'openType': 'redirectTo', '__ts__': 1652669707650}, 1652669707650]}
DEBUG 2022-05-16 10:55:07,694 connection.py send            183 SEND > {"id":"3216c632-0424-4ac6-8ca4-a528507a6a5b","method":"App.getCurrentPage","params":{}}
DEBUG 2022-05-16 10:55:07,704 connection.py _on_message     232 RECV < {"id":"3216c632-0424-4ac6-8ca4-a528507a6a5b","result":{"pageId":5,"path":"pages/home/home/index","query":{}}}
INFO  2022-05-16 10:55:07,705 page.py    _get_elements_by_css 445 try to get elements: view.search-box[text(contains("æŸ¥è¯¢ç§‘æ™®"))]
DEBUG 2022-05-16 10:55:07,706 connection.py send            183 SEND > {"id":"dc0fff91-453a-45d1-b950-09c8b61e89b9","method":"Page.getElements","params":{"selector":"view.search-box[text(contains(\"\u67e5\u8be2\u79d1\u666e\"))]","pageId":5}}
DEBUG 2022-05-16 10:55:07,716 connection.py _on_message     232 RECV < {"id":"dc0fff91-453a-45d1-b950-09c8b61e89b9","result":{"elements":[{"elementId":"8cade2e4-6350-4937-b0e6-b585f49efc8d","tagName":"view"}]}}
INFO  2022-05-16 10:55:08,722 page.py    _get_elements_by_css 452 find elements success: [<minium.miniprogram.base_driver.element.BaseElement object at 0x000001DD0CE339D0>]
DEBUG 2022-05-16 10:55:08,722 connection.py send            183 SEND > {"id":"0285499c-9a8b-4182-bbd0-6571b65f05b4","method":"Element.getStyles","params":{"names":["pointer-events"],"elementId":"8cade2e4-6350-4937-b0e6-b585f49efc8d","pageId":5}}
DEBUG 2022-05-16 10:55:08,726 connection.py _on_message     232 RECV < {"id":"0285499c-9a8b-4182-bbd0-6571b65f05b4","result":{"styles":["auto"]}}
DEBUG 2022-05-16 10:55:08,727 connection.py send            183 SEND > {"id":"406afd83-7b9a-4948-8094-be5d6284cdaa","method":"Element.tap","params":{"elementId":"8cade2e4-6350-4937-b0e6-b585f49efc8d","pageId":5}}
DEBUG 2022-05-16 10:55:08,767 connection.py _on_message     232 RECV < {"id":"406afd83-7b9a-4948-8094-be5d6284cdaa","result":{}}
DEBUG 2022-05-16 10:55:09,731 connection.py _on_message     232 RECV < {"method":"App.bindingCalled","params":{"name":"onAppRouteDone","args":[{"webviewId":6,"path":"package1/pages/classroom/search/index","query":{"searchType":"3"},"openType":"navigateTo","__ts__":1652669709701},1652669709701]}}
INFO  2022-05-16 10:55:09,732 app.py     _on_route_changed 451 Route changed, {'name': 'onAppRouteDone', 'args': [{'webviewId': 6, 'path': 'package1/pages/classroom/search/index', 'query': {'searchType': '3'}, 'openType': 'navigateTo', '__ts__': 1652669709701}, 1652669709701]}
DEBUG 2022-05-16 10:55:09,771 connection.py send            183 SEND > {"id":"37d32156-3035-489c-a831-7b95d46ae4a1","method":"App.getCurrentPage","params":{}}
DEBUG 2022-05-16 10:55:09,838 connection.py _on_message     232 RECV < {"id":"37d32156-3035-489c-a831-7b95d46ae4a1","result":{"pageId":6,"path":"package1/pages/classroom/search/index","query":{"searchType":"3"}}}
INFO  2022-05-16 10:55:09,839 page.py    _get_elements_by_css 445 try to get elements: input.search-box[text(contains("æœç´¢ç–¾ç—…/é—®é¢˜"))]
DEBUG 2022-05-16 10:55:09,839 connection.py send            183 SEND > {"id":"b3600688-c04f-4cbe-850e-194e3065d64b","method":"Page.getElements","params":{"selector":"input.search-box[text(contains(\"\u641c\u7d22\u75be\u75c5/\u95ee\u9898\"))]","pageId":6}}
DEBUG 2022-05-16 10:55:09,897 connection.py _on_message     232 RECV < {"id":"b3600688-c04f-4cbe-850e-194e3065d64b","result":{"elements":[{"elementId":"d560eacc-aa88-4edc-bead-f06f6bab8d3c","tagName":"input"}]}}
ERROR 2022-05-16 10:55:10,845 connection.py _on_error       265 [WinError 10054] è¿œç¨‹ä¸»æœºå¼ºè¿«å…³é—­äº†ä¸€ä¸ªçŽ°æœ‰çš„è¿žæŽ¥ã€‚
INFO  2022-05-16 10:55:10,847 connection.py _ws_run_forever 151 websocket run forever shutdown
INFO  2022-05-16 10:55:10,906 page.py    _get_elements_by_css 452 find elements success: [<minium.miniprogram.base_driver.element.FormElement object at 0x000001DD0CE32B00>]
DEBUG 2022-05-16 10:55:10,907 connection.py send            183 SEND > {"id":"d1c3f2fc-d9e2-4bc8-90bf-8d3c809efb41","method":"Element.callFunction","params":{"functionName":"input.input","args":["\u5fc3\u8840\u7ba1"],"elementId":"d560eacc-aa88-4edc-bead-f06f6bab8d3c","pageId":6}}
DEBUG 2022-05-16 10:55:10,911 minitest.py _miniTearDown   512 =========Current case Downï¼šget_all_pages_path=========
INFO  2022-05-16 10:55:10,913 minitest.py capture         548 capture teardown.png
DEBUG 2022-05-16 10:55:10,913 connection.py send            183 SEND > {"id":"6550b2da-4a18-4d7b-8054-477b8ab1801c","method":"App.captureScreenshot","params":{}}
ERROR 2022-05-16 10:55:10,914 minitest.py _miniTearDown   524 Connection is already closed.
Traceback (most recent call last):
  File "D:\PycharmProjects\UIautomate\venv\lib\site-packages\minium\framework\minitest.py", line 520, in _miniTearDown
    self.capture("teardown")
  File "D:\PycharmProjects\UIautomate\venv\lib\site-packages\minium\framework\minitest.py", line 549, in capture
    self.native.screen_shot(path)
  File "D:\PycharmProjects\UIautomate\venv\lib\site-packages\minium\native\wx_native\idenative.py", line 28, in screen_shot
    self.mini.app.screen_shot(filename, return_format)
  File "D:\PycharmProjects\UIautomate\venv\lib\site-packages\minium\miniprogram\base_driver\minium_log.py", line 135, in wrapper
    result = func(*args, **kwargs)
  File "D:\PycharmProjects\UIautomate\venv\lib\site-packages\minium\miniprogram\base_driver\app.py", line 136, in screen_shot
    b64_data = self.connection.send("App.captureScreenshot").get("result").get("data")
  File "D:\PycharmProjects\UIautomate\venv\lib\site-packages\minium\miniprogram\base_driver\connection.py", line 184, in send
    self._send(message)
  File "D:\PycharmProjects\UIautomate\venv\lib\site-packages\minium\miniprogram\base_driver\connection.py", line 154, in _send
    return self._client.send(message)
  File "D:\PycharmProjects\UIautomate\venv\lib\site-packages\websocket\_app.py", line 204, in send
    raise WebSocketConnectionClosedException(
websocket._exceptions.WebSocketConnectionClosedException: Connection is already closed.
ERROR 2022-05-16 10:55:10,938 assertbase.py _teardown_collect 267 <bound method AppTest.get_all_pages_path of <testcase.mini.AppTest testMethod=get_all_pages_path>>
Traceback (most recent call last):
  File "C:\Python310\lib\unittest\case.py", line 59, in testPartExecutor
    yield
  File "D:\PycharmProjects\UIautomate\venv\lib\site-packages\minium\framework\libs\unittest\case.py", line 86, in run
    self._callTestMethod(testMethod)
  File "C:\Python310\lib\unittest\case.py", line 549, in _callTestMethod
    method()
  File "D:\PycharmProjects\UIautomate\module\cfs\miniprogram\testcase\mini.py", line 16, in get_all_pages_path
    self.page.get_element(idx.ssk).input("å¿ƒè¡€ç®¡")
  File "D:\PycharmProjects\UIautomate\venv\lib\site-packages\minium\miniprogram\base_driver\minium_log.py", line 135, in wrapper
    result = func(*args, **kwargs)
  File "D:\PycharmProjects\UIautomate\venv\lib\site-packages\minium\miniprogram\base_driver\element.py", line 699, in input
    self.call_func(func, args=[value])
  File "D:\PycharmProjects\UIautomate\venv\lib\site-packages\minium\miniprogram\base_driver\minium_log.py", line 135, in wrapper
    result = func(*args, **kwargs)
  File "D:\PycharmProjects\UIautomate\venv\lib\site-packages\minium\miniprogram\base_driver\element.py", line 212, in call_func
    return self._send("Element.callFunction", {"functionName": func, "args": args}).result
  File "D:\PycharmProjects\UIautomate\venv\lib\site-packages\minium\miniprogram\base_driver\element.py", line 538, in _send
    return self.connection.send(method, params)
  File "D:\PycharmProjects\UIautomate\venv\lib\site-packages\minium\miniprogram\base_driver\connection.py", line 184, in send
    self._send(message)
  File "D:\PycharmProjects\UIautomate\venv\lib\site-packages\minium\miniprogram\base_driver\connection.py", line 154, in _send
    return self._client.send(message)
  File "D:\PycharmProjects\UIautomate\venv\lib\site-packages\websocket\_app.py", line 204, in send
    raise WebSocketConnectionClosedException(
websocket._exceptions.WebSocketConnectionClosedException: Connection is already closed.
INFO  2022-05-16 10:55:14,855 wx_minium.py launch_dev_tool 701 Starting dev tool and launch MiniProgram project ...
INFO  2022-05-16 10:55:14,856 minium_object.py _do_shell       35  de shell: cli.bat auto --project "C:/Users/crow/Desktop/dist/dist" --auto-port 9420
INFO  2022-05-16 10:55:21,725 minium_object.py _do_shell       53  err:
- initialize

Ã— IDE may already started at port 15158, trying to connect

âˆš IDE server started successfully, listening on http://127.0.0.1:55017
- preparing
- Fetching AppID (wx45cfec5a12afe345) permissions
âˆš Using AppID: wx45cfec5a12afe345
âˆš auto

INFO  2022-05-16 10:55:21,725 minium_object.py _do_shell       54  out:

INFO  2022-05-16 10:55:31,737 wx_minium.py connect_dev_tool 794 Trying to connect Dev tool ...
INFO  2022-05-16 10:55:31,861 connection.py _connect        137 connect to WebChatTools successfully
DEBUG 2022-05-16 10:55:31,861 connection.py send            183 SEND > {"id":"be729a87-6de3-4d40-9a12-770162bd5394","method":"App.callWxMethod","params":{"method":"getSystemInfoSync","args":[]}}
DEBUG 2022-05-16 10:55:47,993 connection.py _on_message     232 RECV < {"method":"App.initialized","params":{"from":"devtools"}}
DEBUG 2022-05-16 10:55:47,996 connection.py _on_message     230 RECV < {"id":"be729a87-6de3-4d40-9a12-770162bd5394","result":{"result":{"model":"iPhone 12/13 mini","pixelRatio":3,"windowWidth":375,"windowHeight":642,"system":"iOS 10.0.1","language":"zh_CN","version":"8.0.5","deviceOrientation":"portrait","screenWidth":375,"screenHeight":812,"SDKVersion":"2.23.2","brand":"devtools","fontSizeSetting":16,"benchmarkLevel":1,"batteryLevel":99,"statusBarHeight":44,"bluetoothEnabled":true,"locationEnabled":true,"wifiEnabled":true,"cameraAuthorized":true,"locationAuthorized":true,"...
DEBUG 2022-05-16 10:55:47,996 connection.py send            183 SEND > {"id":"d5618f78-8007-4912-851b-b0e89c9a1195","method":"App.addBinding","params":{"name":"onAppRouteDone"}}
DEBUG 2022-05-16 10:55:47,997 connection.py _on_message     232 RECV < {"id":"d5618f78-8007-4912-851b-b0e89c9a1195","result":{}}
DEBUG 2022-05-16 10:55:47,998 connection.py send            183 SEND > {"id":"6b36a1d3-c381-4162-93aa-4810ac1bd4e1","method":"App.callFunction","params":{"functionDeclaration":"function () {\n    if (!global.__minium_onAppRouteDone) {\n        wx.onAppRouteDone(function (options) {\n            onAppRouteDone(options, Date.now())\n        })\n        global.__minium_onAppRouteDone = true\n    }\n}","args":[]}}
DEBUG 2022-05-16 10:55:48,000 connection.py _on_message     232 RECV < {"id":"6b36a1d3-c381-4162-93aa-4810ac1bd4e1","result":{}}
DEBUG 2022-05-16 10:55:48,000 connection.py send            183 SEND > {"id":"4b7f9656-95cc-4038-8012-83a7fbe84cf9","method":"App.callFunction","params":{"functionDeclaration":"function () {\n                    if(!global.minium) {global.minium = {};return false;} \n                    else {return true;}\n                }","args":[]}}
DEBUG 2022-05-16 10:55:48,001 connection.py _on_message     232 RECV < {"id":"4b7f9656-95cc-4038-8012-83a7fbe84cf9","result":{"result":false}}
DEBUG 2022-05-16 10:55:48,001 connection.py send            183 SEND > {"id":"f64f9a5b-8264-4e63-96e3-3fda66b4b5a8","method":"App.callWxMethod","params":{"method":"getLaunchOptionsSync","args":[]}}
DEBUG 2022-05-16 10:55:48,004 connection.py _on_message     232 RECV < {"id":"f64f9a5b-8264-4e63-96e3-3fda66b4b5a8","result":{"result":{"path":"pages/home/home/index","query":{},"scene":1001,"referrerInfo":{},"mode":"default","apiCategory":"default"}}}
INFO  2022-05-16 10:55:48,004 app.py     relaunch        306 ReLaunch: /pages/home/home/index
DEBUG 2022-05-16 10:55:48,004 connection.py send            183 SEND > {"id":"a2ba1962-bab0-4aa6-8df3-3c5571183186","method":"App.getCurrentPage","params":{}}
DEBUG 2022-05-16 10:55:48,006 connection.py _on_message     232 RECV < {"id":"a2ba1962-bab0-4aa6-8df3-3c5571183186","result":{"pageId":1,"path":"pages/home/home/index","query":{}}}
DEBUG 2022-05-16 10:55:48,007 connection.py send            183 SEND > {"id":"e6abefe2-613b-4958-afa2-1fb67ea1714d","method":"App.callWxMethod","params":{"method":"getAccountInfoSync","args":[]}}
DEBUG 2022-05-16 10:55:48,008 connection.py _on_message     232 RECV < {"id":"e6abefe2-613b-4958-afa2-1fb67ea1714d","result":{"result":{"miniProgram":{"appId":"wx45cfec5a12afe345","envVersion":"develop","version":""}}}}
DEBUG 2022-05-16 10:55:48,009 connection.py send            183 SEND > {"id":"ce19e827-8c20-4abd-abdc-8dabcc41d471","method":"App.callWxMethod","params":{"method":"reLaunch","args":[{"url":"/pages/home/home/index"}]}}
DEBUG 2022-05-16 10:55:48,043 connection.py _on_message     232 RECV < {"id":"ce19e827-8c20-4abd-abdc-8dabcc41d471","result":{"result":{"errMsg":"reLaunch:ok"}}}
DEBUG 2022-05-16 10:55:48,160 connection.py _on_message     232 RECV < {"method":"App.bindingCalled","params":{"name":"onAppRouteDone","args":[{"webviewId":2,"path":"pages/home/home/index","query":{},"openType":"reLaunch","__ts__":1652669748137},1652669748138]}}
INFO  2022-05-16 10:55:48,160 app.py     _on_route_changed 451 Route changed, {'name': 'onAppRouteDone', 'args': [{'webviewId': 2, 'path': 'pages/home/home/index', 'query': {}, 'openType': 'reLaunch', '__ts__': 1652669748137}, 1652669748138]}
DEBUG 2022-05-16 10:55:48,160 connection.py send            183 SEND > {"id":"a82a7e05-43a7-4fee-bc51-8813eccd92a4","method":"App.callWxMethod","params":{"method":"getSystemInfoSync","args":[]}}
DEBUG 2022-05-16 10:55:48,170 connection.py _on_message     230 RECV < {"id":"a82a7e05-43a7-4fee-bc51-8813eccd92a4","result":{"result":{"model":"iPhone 12/13 mini","pixelRatio":3,"windowWidth":375,"windowHeight":642,"system":"iOS 10.0.1","language":"zh_CN","version":"8.0.5","deviceOrientation":"portrait","screenWidth":375,"screenHeight":812,"SDKVersion":"2.23.2","brand":"devtools","fontSizeSetting":16,"benchmarkLevel":1,"batteryLevel":99,"statusBarHeight":44,"bluetoothEnabled":true,"locationEnabled":true,"wifiEnabled":true,"cameraAuthorized":true,"locationAuthorized":true,"...
DEBUG 2022-05-16 10:55:48,171 connection.py send            183 SEND > {"id":"66b530fc-2e8b-408d-a3c3-a885bfa796eb","method":"App.callFunction","params":{"functionDeclaration":"function () {return __wxConfig}","args":[]}}
DEBUG 2022-05-16 10:55:48,177 connection.py _on_message     230 RECV < {"id":"66b530fc-2e8b-408d-a3c3-a885bfa796eb","result":{"result":{"pages":["pages/home/home/index","pages/home/startpage/index","pages/message/home/index","pages/message/chat/index","pages/task/home/index","pages/mine/home/index","pages/mine/patient/list/index","pages/mine/patient/add/index","pages/mine/patient/bindcard/index","pages/mine/patient/detail/index","pages/auth/user_info/index","package1/pages/signservice/list/index","package1/pages/signservice/detail/index","package1/pages/signservice/selectdo...
DEBUG 2022-05-16 10:55:48,179 minitest.py _miniSetUp      286 =========Current caseï¼šget_all_pages_path=========
INFO  2022-05-16 10:55:48,180 app.py     relaunch        306 ReLaunch: /pages/home/home/index
DEBUG 2022-05-16 10:55:48,180 connection.py send            183 SEND > {"id":"fd421b3c-163c-448f-9485-3eb5d1d29709","method":"App.callWxMethod","params":{"method":"reLaunch","args":[{"url":"/pages/home/home/index"}]}}
DEBUG 2022-05-16 10:55:48,218 connection.py _on_message     232 RECV < {"id":"fd421b3c-163c-448f-9485-3eb5d1d29709","result":{"result":{"errMsg":"reLaunch:ok"}}}
DEBUG 2022-05-16 10:55:48,567 connection.py _on_message     232 RECV < {"method":"App.bindingCalled","params":{"name":"onAppRouteDone","args":[{"webviewId":4,"path":"pages/home/home/index","query":{},"openType":"reLaunch","__ts__":1652669748552},1652669748552]}}
INFO  2022-05-16 10:55:48,568 app.py     _on_route_changed 451 Route changed, {'name': 'onAppRouteDone', 'args': [{'webviewId': 4, 'path': 'pages/home/home/index', 'query': {}, 'openType': 'reLaunch', '__ts__': 1652669748552}, 1652669748552]}
INFO  2022-05-16 10:55:48,571 minitest.py capture         548 capture setup.png
DEBUG 2022-05-16 10:55:48,572 connection.py send            183 SEND > {"id":"a7cf5fb4-1158-4748-b3de-98d68d14c681","method":"App.captureScreenshot","params":{}}
DEBUG 2022-05-16 10:55:48,833 connection.py _on_message     230 RECV < {"id":"a7cf5fb4-1158-4748-b3de-98d68d14c681","result":{"data":"iVBORw0KGgoAAAANSUhEUgAAA6oAAAZFCAIAAACvNLm5AAAAAXNSR0IArs4c6QAAIABJREFUeJzsvVmTJUd2JnaOe6x3vzfXytqrAFQVUOgG0GgA3U32ylWc5mK0IedBsjFSpnmQ6UF/QDavMpPM9DwmSmMmm+F0N4cjDmeapNgbGo0G2GhsjbXWrCUrs3K/e6zufvQQy703K6uQWahC3szyg8LJ73q4n/Dw8PD44sQJd/zcj/49AAAAIhKRxhprrLHGGmusscYaH2DMZ/7lHwMAIEC6SWONNdZYY4011lhjjQ8sZgCAiECAiBprrLHGGmusscYaa3ywMUNEItJaa6211lprrbXWWutHQbM9r4HWWmuttdZaa6211lp/Zho//+O/JCAEBAAA0FhjjTXWWGONNdZY4wOMGREhIBEBgMYaa6yxxhprrLHGGh9sjJ...
INFO  2022-05-16 10:55:48,851 app.py     redirect_to     288 RedirectTo: /pages/home/home/index
DEBUG 2022-05-16 10:55:48,852 connection.py send            183 SEND > {"id":"62c724da-ff46-46d1-a886-9496e7279a76","method":"App.callWxMethod","params":{"method":"redirectTo","args":[{"url":"/pages/home/home/index"}]}}
DEBUG 2022-05-16 10:55:48,956 connection.py _on_message     232 RECV < {"id":"62c724da-ff46-46d1-a886-9496e7279a76","result":{"result":{"errMsg":"redirectTo:ok"}}}
DEBUG 2022-05-16 10:55:49,165 connection.py _on_message     232 RECV < {"method":"App.bindingCalled","params":{"name":"onAppRouteDone","args":[{"webviewId":5,"path":"pages/home/home/index","query":{},"openType":"redirectTo","__ts__":1652669749129},1652669749129]}}
INFO  2022-05-16 10:55:49,166 app.py     _on_route_changed 451 Route changed, {'name': 'onAppRouteDone', 'args': [{'webviewId': 5, 'path': 'pages/home/home/index', 'query': {}, 'openType': 'redirectTo', '__ts__': 1652669749129}, 1652669749129]}
DEBUG 2022-05-16 10:55:49,166 connection.py send            183 SEND > {"id":"6b9b048b-eed0-4cbc-b773-df4b4e04d9b5","method":"App.getCurrentPage","params":{}}
DEBUG 2022-05-16 10:55:49,180 connection.py _on_message     232 RECV < {"id":"6b9b048b-eed0-4cbc-b773-df4b4e04d9b5","result":{"pageId":5,"path":"pages/home/home/index","query":{}}}
INFO  2022-05-16 10:55:49,181 page.py    _get_elements_by_css 445 try to get elements: view.search-box[text(contains("æŸ¥è¯¢ç§‘æ™®"))]
DEBUG 2022-05-16 10:55:49,181 connection.py send            183 SEND > {"id":"a3f92265-5b52-4fa4-a516-448d2b7c027a","method":"Page.getElements","params":{"selector":"view.search-box[text(contains(\"\u67e5\u8be2\u79d1\u666e\"))]","pageId":5}}
DEBUG 2022-05-16 10:55:49,203 connection.py _on_message     232 RECV < {"id":"a3f92265-5b52-4fa4-a516-448d2b7c027a","result":{"elements":[{"elementId":"acc8ec02-ed34-44a9-b515-aa3659609644","tagName":"view"}]}}
INFO  2022-05-16 10:55:50,217 page.py    _get_elements_by_css 452 find elements success: [<minium.miniprogram.base_driver.element.BaseElement object at 0x00000216413C3A90>]
DEBUG 2022-05-16 10:55:50,218 connection.py send            183 SEND > {"id":"af5a4ab8-ed60-4a5b-82c1-62790147172a","method":"Element.getStyles","params":{"names":["pointer-events"],"elementId":"acc8ec02-ed34-44a9-b515-aa3659609644","pageId":5}}
DEBUG 2022-05-16 10:55:50,236 connection.py _on_message     232 RECV < {"id":"af5a4ab8-ed60-4a5b-82c1-62790147172a","result":{"styles":["auto"]}}
DEBUG 2022-05-16 10:55:50,236 connection.py send            183 SEND > {"id":"b2f34103-ae41-4131-991f-4322bbebca42","method":"Element.tap","params":{"elementId":"acc8ec02-ed34-44a9-b515-aa3659609644","pageId":5}}
DEBUG 2022-05-16 10:55:50,288 connection.py _on_message     232 RECV < {"id":"b2f34103-ae41-4131-991f-4322bbebca42","result":{}}
DEBUG 2022-05-16 10:55:51,147 connection.py _on_message     232 RECV < {"method":"App.bindingCalled","params":{"name":"onAppRouteDone","args":[{"webviewId":6,"path":"package1/pages/classroom/search/index","query":{"searchType":"3"},"openType":"navigateTo","__ts__":1652669751118},1652669751118]}}
INFO  2022-05-16 10:55:51,148 app.py     _on_route_changed 451 Route changed, {'name': 'onAppRouteDone', 'args': [{'webviewId': 6, 'path': 'package1/pages/classroom/search/index', 'query': {'searchType': '3'}, 'openType': 'navigateTo', '__ts__': 1652669751118}, 1652669751118]}
DEBUG 2022-05-16 10:55:51,293 connection.py send            183 SEND > {"id":"10c2d142-12b5-4733-8196-4b3c01cbb97f","method":"App.getCurrentPage","params":{}}
DEBUG 2022-05-16 10:55:51,296 connection.py _on_message     232 RECV < {"id":"10c2d142-12b5-4733-8196-4b3c01cbb97f","result":{"pageId":6,"path":"package1/pages/classroom/search/index","query":{"searchType":"3"}}}
INFO  2022-05-16 10:55:51,297 page.py    _get_elements_by_css 445 try to get elements: input.search-box[text(contains("æœç´¢ç–¾ç—…/é—®é¢˜"))]
DEBUG 2022-05-16 10:55:51,297 connection.py send            183 SEND > {"id":"60b40201-0d09-4c0a-957a-e987a69ef0f7","method":"Page.getElements","params":{"selector":"input.search-box[text(contains(\"\u641c\u7d22\u75be\u75c5/\u95ee\u9898\"))]","pageId":6}}
DEBUG 2022-05-16 10:55:51,299 connection.py _on_message     232 RECV < {"id":"60b40201-0d09-4c0a-957a-e987a69ef0f7","result":{"elements":[{"elementId":"614eed67-c861-41f8-abfd-ea39e773ebc4","tagName":"input"}]}}
INFO  2022-05-16 10:55:52,304 page.py    _get_elements_by_css 452 find elements success: [<minium.miniprogram.base_driver.element.FormElement object at 0x00000216413C3100>]
DEBUG 2022-05-16 10:55:52,304 connection.py send            183 SEND > {"id":"70db9604-cc03-453a-8513-55acb43c1ae9","method":"Element.callFunction","params":{"functionName":"input.input","args":["\u5fc3\u8840\u7ba1"],"elementId":"614eed67-c861-41f8-abfd-ea39e773ebc4","pageId":6}}
DEBUG 2022-05-16 10:55:52,319 connection.py _on_message     232 RECV < {"id":"70db9604-cc03-453a-8513-55acb43c1ae9","result":{}}
DEBUG 2022-05-16 10:55:52,321 connection.py send            183 SEND > {"id":"69f05409-47d6-4674-8d9e-3ea3479021c7","method":"App.getCurrentPage","params":{}}
DEBUG 2022-05-16 10:55:52,322 connection.py _on_message     232 RECV < {"id":"69f05409-47d6-4674-8d9e-3ea3479021c7","result":{"pageId":6,"path":"package1/pages/classroom/search/index","query":{"searchType":"3"}}}
INFO  2022-05-16 10:55:52,323 page.py    _get_elements_by_css 445 try to get elements: rich-text[text(contains("æµ‹è¯•æ‚£æ•™èµ„æ–™"))]
DEBUG 2022-05-16 10:55:52,324 connection.py send            183 SEND > {"id":"b2a2641b-471a-4516-9430-eafb9e96ec21","method":"Page.getElements","params":{"selector":"rich-text[text(contains(\"\u6d4b\u8bd5\u60a3\u6559\u8d44\u6599\"))]","pageId":6}}
DEBUG 2022-05-16 10:55:52,326 connection.py _on_message     232 RECV < {"id":"b2a2641b-471a-4516-9430-eafb9e96ec21","result":{"elements":[]}}
WARNI 2022-05-16 10:55:53,331 page.py    _get_elements_by_css 450 Could not found any element 'rich-text[text(contains("æµ‹è¯•æ‚£æ•™èµ„æ–™"))]' you need
INFO  2022-05-16 10:55:53,598 page.py    _get_elements_by_css 445 try to get elements: rich-text[text(contains("æµ‹è¯•æ‚£æ•™èµ„æ–™"))]
DEBUG 2022-05-16 10:55:53,599 connection.py send            183 SEND > {"id":"8cb0054b-ecd7-45ee-bc16-ced754d8df67","method":"Page.getElements","params":{"selector":"rich-text[text(contains(\"\u6d4b\u8bd5\u60a3\u6559\u8d44\u6599\"))]","pageId":6}}
DEBUG 2022-05-16 10:55:53,601 connection.py _on_message     232 RECV < {"id":"8cb0054b-ecd7-45ee-bc16-ced754d8df67","result":{"elements":[{"elementId":"7c93c729-fb82-49bc-b334-e97baca4fd45","tagName":"rich-text"},{"elementId":"843db66e-d76a-4219-90e8-31303ea90365","tagName":"rich-text"},{"elementId":"a3b7d50e-d835-4469-8011-03d8015c4542","tagName":"rich-text"}]}}
INFO  2022-05-16 10:55:54,611 page.py    _get_elements_by_css 452 find elements success: [<minium.miniprogram.base_driver.element.BaseElement object at 0x0000021641468340>, <minium.miniprogram.base_driver.element.BaseElement object at 0x0000021641468100>, <minium.miniprogram.base_driver.element.BaseElement object at 0x00000216414680D0>]
DEBUG 2022-05-16 10:55:54,611 connection.py send            183 SEND > {"id":"96459212-12e2-4b64-ae2e-55678a5b95bf","method":"App.getCurrentPage","params":{}}
DEBUG 2022-05-16 10:55:54,614 connection.py _on_message     232 RECV < {"id":"96459212-12e2-4b64-ae2e-55678a5b95bf","result":{"pageId":6,"path":"package1/pages/classroom/search/index","query":{"searchType":"3"}}}
INFO  2022-05-16 10:55:54,615 page.py    _get_elements_by_css 445 try to get elements: rich-text[text(contains("æµ‹è¯•æ‚£æ•™èµ„æ–™"))]
DEBUG 2022-05-16 10:55:54,615 connection.py send            183 SEND > {"id":"20b213c0-60d5-4c9a-8ed2-42c61661e52f","method":"Page.getElements","params":{"selector":"rich-text[text(contains(\"\u6d4b\u8bd5\u60a3\u6559\u8d44\u6599\"))]","pageId":6}}
DEBUG 2022-05-16 10:55:54,619 connection.py _on_message     232 RECV < {"id":"20b213c0-60d5-4c9a-8ed2-42c61661e52f","result":{"elements":[{"elementId":"7c93c729-fb82-49bc-b334-e97baca4fd45","tagName":"rich-text"},{"elementId":"843db66e-d76a-4219-90e8-31303ea90365","tagName":"rich-text"},{"elementId":"a3b7d50e-d835-4469-8011-03d8015c4542","tagName":"rich-text"}]}}
INFO  2022-05-16 10:55:55,632 page.py    _get_elements_by_css 452 find elements success: [<minium.miniprogram.base_driver.element.BaseElement object at 0x0000021641468160>, <minium.miniprogram.base_driver.element.BaseElement object at 0x00000216414683D0>, <minium.miniprogram.base_driver.element.BaseElement object at 0x0000021641468400>]
DEBUG 2022-05-16 10:55:55,633 connection.py send            183 SEND > {"id":"28c6c420-7c3e-4268-9177-42a47bc5cbf4","method":"Element.getStyles","params":{"names":["pointer-events"],"elementId":"7c93c729-fb82-49bc-b334-e97baca4fd45","pageId":6}}
DEBUG 2022-05-16 10:55:55,636 connection.py _on_message     232 RECV < {"id":"28c6c420-7c3e-4268-9177-42a47bc5cbf4","result":{"styles":["auto"]}}
DEBUG 2022-05-16 10:55:55,637 connection.py send            183 SEND > {"id":"12ad8fbd-97ef-4c6f-bb62-3e04cda267f2","method":"Element.tap","params":{"elementId":"7c93c729-fb82-49bc-b334-e97baca4fd45","pageId":6}}
DEBUG 2022-05-16 10:55:55,685 connection.py _on_message     232 RECV < {"id":"12ad8fbd-97ef-4c6f-bb62-3e04cda267f2","result":{}}
DEBUG 2022-05-16 10:55:56,080 connection.py _on_message     232 RECV < {"method":"App.bindingCalled","params":{"name":"onAppRouteDone","args":[{"webviewId":7,"path":"package1/pages/classroom/detail/index","query":{"id":"80","type":"text"},"openType":"navigateTo","__ts__":1652669756052},1652669756052]}}
INFO  2022-05-16 10:55:56,080 app.py     _on_route_changed 451 Route changed, {'name': 'onAppRouteDone', 'args': [{'webviewId': 7, 'path': 'package1/pages/classroom/detail/index', 'query': {'id': '80', 'type': 'text'}, 'openType': 'navigateTo', '__ts__': 1652669756052}, 1652669756052]}
INFO  2022-05-16 10:55:56,693 app.py     relaunch        306 ReLaunch: /pages/home/home/index
DEBUG 2022-05-16 10:55:56,694 connection.py send            183 SEND > {"id":"a319c659-3367-4a0c-a650-0bfd5ad8616a","method":"App.callWxMethod","params":{"method":"reLaunch","args":[{"url":"/pages/home/home/index"}]}}
DEBUG 2022-05-16 10:55:56,734 connection.py _on_message     232 RECV < {"id":"a319c659-3367-4a0c-a650-0bfd5ad8616a","result":{"result":{"errMsg":"reLaunch:ok"}}}
DEBUG 2022-05-16 10:55:56,860 connection.py _on_message     232 RECV < {"method":"App.bindingCalled","params":{"name":"onAppRouteDone","args":[{"webviewId":8,"path":"pages/home/home/index","query":{},"openType":"reLaunch","__ts__":1652669756828},1652669756828]}}
INFO  2022-05-16 10:55:56,861 app.py     _on_route_changed 451 Route changed, {'name': 'onAppRouteDone', 'args': [{'webviewId': 8, 'path': 'pages/home/home/index', 'query': {}, 'openType': 'reLaunch', '__ts__': 1652669756828}, 1652669756828]}
DEBUG 2022-05-16 10:55:56,861 minitest.py _miniTearDown   512 =========Current case Downï¼šget_all_pages_path=========
INFO  2022-05-16 10:55:56,863 minitest.py capture         548 capture teardown.png
DEBUG 2022-05-16 10:55:56,863 connection.py send            183 SEND > {"id":"8f76bfbd-ca2a-48c2-b015-965761e1d0b0","method":"App.captureScreenshot","params":{}}
DEBUG 2022-05-16 10:55:57,058 connection.py _on_message     230 RECV < {"id":"8f76bfbd-ca2a-48c2-b015-965761e1d0b0","result":{"data":"iVBORw0KGgoAAAANSUhEUgAAA6oAAAZFCAIAAACvNLm5AAAAAXNSR0IArs4c6QAAIABJREFUeJzsvVmTJUd2JnaOe6x3vzfXytqrAFQVUOgG0GgA3U32ylWc5mK0IedBsjFSpnmQ6UF/QDavMpPM9DwmSmMmm+F0N4cjDmeapNgbGo0G2GhsjbXWrCUrs3K/e6zufvQQy703K6uQWahC3szyg8LJ73q4n/Dw8PD44sQJd/zcj/49AAAAIhKRxhprrLHGGmusscYaH2DMZ/7lHwMAIEC6SWONNdZYY4011lhjjQ8sZgCAiECAiBprrLHGGmusscYaa3ywMUNEItJaa6211lprrbXWWutHQbM9r4HWWmuttdZaa6211lp/Zho//+O/JCAEBAAA0FhjjTXWWGONNdZY4wOMGREhIBEBgMYaa6yxxhprrLHGGh9sjJ...
DEBUG 2022-05-16 10:55:57,060 connection.py send            183 SEND > {"id":"8a96a27e-5f1d-469b-a87f-43a0b5bf85d9","method":"App.getCurrentPage","params":{}}
DEBUG 2022-05-16 10:55:57,062 connection.py _on_message     232 RECV < {"id":"8a96a27e-5f1d-469b-a87f-43a0b5bf85d9","result":{"pageId":8,"path":"pages/home/home/index","query":{}}}
DEBUG 2022-05-16 10:55:57,062 connection.py send            183 SEND > {"id":"13c581c3-5bf8-46a7-8ffd-2c164bf52517","method":"Page.getData","params":{"pageId":8}}
DEBUG 2022-05-16 10:55:57,065 connection.py _on_message     230 RECV < {"id":"13c581c3-5bf8-46a7-8ffd-2c164bf52517","result":{"data":{"isFirstEnter":0,"showStartPage":"1","hisId":45,"hisDet":{"appointmentCodeUrl":"https://ustatic.med.gzhc365.com/fss/publicfile/70f794fc23c8b4e348e638cd262175aa0993a503068289b2ed2448231fa84e7b.png","appointmentUrl":"","area":"é’ç§€åŒº","attribute":"åŒ»è”ä½“ä¸»ä½“å•ä½","city":"å—å®å¸‚","contactName":"æµ‹è¯•","coordinateType":"BD09","createTime":"2020-11-14 21:22:22","customerServiceSupport":1,"detailedAddress":"æ¡ƒæºè·¯6å·","email":"386030556@qq.com","hisId":"45","hisLevel"...
