DEBUG 2022-05-13 16:08:54,539 minitest.py _miniSetUp      286 =========Current caseï¼šget_all_pages_path=========
INFO  2022-05-13 16:08:54,539 app.py     relaunch        306 ReLaunch: /pages/home/home/index
DEBUG 2022-05-13 16:08:54,540 connection.py send            183 SEND > {"id":"35e60783-c96e-4b70-a94c-50b6da05cafa","method":"App.callWxMethod","params":{"method":"reLaunch","args":[{"url":"/pages/home/home/index"}]}}
DEBUG 2022-05-13 16:08:54,560 connection.py _on_message     232 RECV < {"id":"35e60783-c96e-4b70-a94c-50b6da05cafa","result":{"result":{"errMsg":"reLaunch:ok"}}}
DEBUG 2022-05-13 16:08:54,904 connection.py _on_message     232 RECV < {"method":"App.bindingCalled","params":{"name":"onAppRouteDone","args":[{"webviewId":5,"path":"pages/home/home/index","query":{},"openType":"reLaunch","__ts__":1652429334892},1652429334892]}}
INFO  2022-05-13 16:08:54,905 app.py     _on_route_changed 451 Route changed, {'name': 'onAppRouteDone', 'args': [{'webviewId': 5, 'path': 'pages/home/home/index', 'query': {}, 'openType': 'reLaunch', '__ts__': 1652429334892}, 1652429334892]}
INFO  2022-05-13 16:08:54,906 minitest.py capture         548 capture setup.png
DEBUG 2022-05-13 16:08:54,907 connection.py send            183 SEND > {"id":"9b42ed4b-d5a4-4323-a166-69b3239bf7f0","method":"App.captureScreenshot","params":{}}
DEBUG 2022-05-13 16:08:55,111 connection.py _on_message     230 RECV < {"id":"9b42ed4b-d5a4-4323-a166-69b3239bf7f0","result":{"data":"iVBORw0KGgoAAAANSUhEUgAAA6oAAAZFCAIAAACvNLm5AAAAAXNSR0IArs4c6QAAIABJREFUeJzsvVmTJUd2JnaOe6x3vzfXytqrAFQVUOgG0GgA3U32ylWc5mK0IedBsjFSpnmQ6UF/QDavMpPM9DwmSmMmm+F0N4cjDmeapNgbGo0G2GhsjbXWrCUrs3K/e6zufvQQy703K6uQWahC3szyg8LJ73q4n/Dw8PD44sQJd/zcj/49AAAAIhKRxhprrLHGGmusscYaH2DMZ/7lHwMAIEC6SWONNdZYY4011lhjjQ8sZgCAiECAiBprrLHGGmusscYaa3ywMUNEItJaa6211lprrbXWWutHQbM9r4HWWmuttdZaa6211lp/Zho//+O/JCAEBAAA0FhjjTXWWGONNdZY4wOMGREhIBEBgMYaa6yxxhprrLHGGh9sjJ...
INFO  2022-05-13 16:08:55,132 app.py     redirect_to     288 RedirectTo: /pages/home/home/index
DEBUG 2022-05-13 16:08:55,133 connection.py send            183 SEND > {"id":"abf7505f-8523-4881-90b7-30fe8b815d52","method":"App.callWxMethod","params":{"method":"redirectTo","args":[{"url":"/pages/home/home/index"}]}}
DEBUG 2022-05-13 16:08:55,258 connection.py _on_message     232 RECV < {"id":"abf7505f-8523-4881-90b7-30fe8b815d52","result":{"result":{"errMsg":"redirectTo:ok"}}}
DEBUG 2022-05-13 16:08:55,516 connection.py _on_message     232 RECV < {"method":"App.bindingCalled","params":{"name":"onAppRouteDone","args":[{"webviewId":6,"path":"pages/home/home/index","query":{},"openType":"redirectTo","__ts__":1652429335513},1652429335513]}}
INFO  2022-05-13 16:08:55,516 app.py     _on_route_changed 451 Route changed, {'name': 'onAppRouteDone', 'args': [{'webviewId': 6, 'path': 'pages/home/home/index', 'query': {}, 'openType': 'redirectTo', '__ts__': 1652429335513}, 1652429335513]}
DEBUG 2022-05-13 16:08:55,517 connection.py send            183 SEND > {"id":"aafff0cc-e69c-415d-ab60-9fea37de076b","method":"App.getCurrentPage","params":{}}
DEBUG 2022-05-13 16:08:55,544 connection.py _on_message     232 RECV < {"id":"aafff0cc-e69c-415d-ab60-9fea37de076b","result":{"pageId":6,"path":"pages/home/home/index","query":{}}}
INFO  2022-05-13 16:08:55,545 page.py    _get_elements_by_css 445 try to get elements: view.search-box[text(contains("æŸ¥è¯¢ç§‘æ™®"))]
DEBUG 2022-05-13 16:08:55,546 connection.py send            183 SEND > {"id":"f16b37b4-d4d3-422b-8d52-2ec39222c92f","method":"Page.getElements","params":{"selector":"view.search-box[text(contains(\"\u67e5\u8be2\u79d1\u666e\"))]","pageId":6}}
DEBUG 2022-05-13 16:08:55,550 connection.py _on_message     232 RECV < {"id":"f16b37b4-d4d3-422b-8d52-2ec39222c92f","result":{"elements":[{"elementId":"1bd2132d-7c45-4ba4-840d-438ce3a0466b","tagName":"view"}]}}
INFO  2022-05-13 16:08:56,564 page.py    _get_elements_by_css 452 find elements success: [<minium.miniprogram.base_driver.element.BaseElement object at 0x00000206EE8F7AC0>]
DEBUG 2022-05-13 16:08:56,564 connection.py send            183 SEND > {"id":"391af7e3-fad5-4fab-ab66-ea4139b3b0d3","method":"Element.getStyles","params":{"names":["pointer-events"],"elementId":"1bd2132d-7c45-4ba4-840d-438ce3a0466b","pageId":6}}
DEBUG 2022-05-13 16:08:56,570 connection.py _on_message     232 RECV < {"id":"391af7e3-fad5-4fab-ab66-ea4139b3b0d3","result":{"styles":["auto"]}}
DEBUG 2022-05-13 16:08:56,572 connection.py send            183 SEND > {"id":"b7614b7a-ad9d-4f83-bdd4-e5f43354c8b9","method":"Element.tap","params":{"elementId":"1bd2132d-7c45-4ba4-840d-438ce3a0466b","pageId":6}}
DEBUG 2022-05-13 16:08:56,614 connection.py _on_message     232 RECV < {"id":"b7614b7a-ad9d-4f83-bdd4-e5f43354c8b9","result":{}}
DEBUG 2022-05-13 16:08:57,482 connection.py _on_message     232 RECV < {"method":"App.bindingCalled","params":{"name":"onAppRouteDone","args":[{"webviewId":7,"path":"package1/pages/classroom/search/index","query":{"searchType":"3"},"openType":"navigateTo","__ts__":1652429337454},1652429337454]}}
INFO  2022-05-13 16:08:57,483 app.py     _on_route_changed 451 Route changed, {'name': 'onAppRouteDone', 'args': [{'webviewId': 7, 'path': 'package1/pages/classroom/search/index', 'query': {'searchType': '3'}, 'openType': 'navigateTo', '__ts__': 1652429337454}, 1652429337454]}
DEBUG 2022-05-13 16:08:57,624 connection.py send            183 SEND > {"id":"679c2ab8-66a6-40eb-a56e-211205457f26","method":"App.getCurrentPage","params":{}}
DEBUG 2022-05-13 16:08:57,627 connection.py _on_message     232 RECV < {"id":"679c2ab8-66a6-40eb-a56e-211205457f26","result":{"pageId":7,"path":"package1/pages/classroom/search/index","query":{"searchType":"3"}}}
INFO  2022-05-13 16:08:57,627 page.py    _get_elements_by_css 445 try to get elements: input.search-box[text(contains("æœç´¢ç–¾ç—…/é—®é¢˜"))]
DEBUG 2022-05-13 16:08:57,628 connection.py send            183 SEND > {"id":"d6352e13-1fe7-4e4e-9450-13ebd9adea21","method":"Page.getElements","params":{"selector":"input.search-box[text(contains(\"\u641c\u7d22\u75be\u75c5/\u95ee\u9898\"))]","pageId":7}}
DEBUG 2022-05-13 16:08:57,630 connection.py _on_message     232 RECV < {"id":"d6352e13-1fe7-4e4e-9450-13ebd9adea21","result":{"elements":[{"elementId":"e4551595-9223-435b-9f51-802b2698ef9e","tagName":"input"}]}}
INFO  2022-05-13 16:08:58,635 page.py    _get_elements_by_css 452 find elements success: [<minium.miniprogram.base_driver.element.FormElement object at 0x00000206EE8F7190>]
DEBUG 2022-05-13 16:08:58,636 connection.py send            183 SEND > {"id":"71eaedfc-ed82-4b4c-89e4-3396e27279f7","method":"Element.callFunction","params":{"functionName":"input.input","args":["\u5fc3\u8840\u7ba1"],"elementId":"e4551595-9223-435b-9f51-802b2698ef9e","pageId":7}}
DEBUG 2022-05-13 16:08:58,649 connection.py _on_message     232 RECV < {"id":"71eaedfc-ed82-4b4c-89e4-3396e27279f7","result":{}}
DEBUG 2022-05-13 16:08:58,649 connection.py send            183 SEND > {"id":"d5548e86-cf28-4599-b518-22dd2a864ea7","method":"App.getCurrentPage","params":{}}
DEBUG 2022-05-13 16:08:58,651 connection.py _on_message     232 RECV < {"id":"d5548e86-cf28-4599-b518-22dd2a864ea7","result":{"pageId":7,"path":"package1/pages/classroom/search/index","query":{"searchType":"3"}}}
INFO  2022-05-13 16:08:58,652 page.py    _get_elements_by_css 445 try to get elements: rich-text[text(contains("æµ‹è¯•æ‚£æ•™èµ„æ–™"))]
DEBUG 2022-05-13 16:08:58,653 connection.py send            183 SEND > {"id":"6477c223-6419-4c9f-ac43-7784277e4271","method":"Page.getElements","params":{"selector":"rich-text[text(contains(\"\u6d4b\u8bd5\u60a3\u6559\u8d44\u6599\"))]","pageId":7}}
DEBUG 2022-05-13 16:08:58,655 connection.py _on_message     232 RECV < {"id":"6477c223-6419-4c9f-ac43-7784277e4271","result":{"elements":[]}}
WARNI 2022-05-13 16:08:59,661 page.py    _get_elements_by_css 450 Could not found any element 'rich-text[text(contains("æµ‹è¯•æ‚£æ•™èµ„æ–™"))]' you need
INFO  2022-05-13 16:08:59,926 page.py    _get_elements_by_css 445 try to get elements: rich-text[text(contains("æµ‹è¯•æ‚£æ•™èµ„æ–™"))]
DEBUG 2022-05-13 16:08:59,927 connection.py send            183 SEND > {"id":"d1831897-c3a9-4e3f-858f-55af64f65ac6","method":"Page.getElements","params":{"selector":"rich-text[text(contains(\"\u6d4b\u8bd5\u60a3\u6559\u8d44\u6599\"))]","pageId":7}}
DEBUG 2022-05-13 16:08:59,930 connection.py _on_message     232 RECV < {"id":"d1831897-c3a9-4e3f-858f-55af64f65ac6","result":{"elements":[{"elementId":"dde55baa-f666-4e36-9c6b-c452f57a468a","tagName":"rich-text"},{"elementId":"d768c8a1-7c8f-4806-a531-9c11dcc19b02","tagName":"rich-text"},{"elementId":"315c6bba-e412-48e8-9fc8-1f45f1fa5b49","tagName":"rich-text"}]}}
INFO  2022-05-13 16:09:00,942 page.py    _get_elements_by_css 452 find elements success: [<minium.miniprogram.base_driver.element.BaseElement object at 0x00000206EE990040>, <minium.miniprogram.base_driver.element.BaseElement object at 0x00000206EE990070>, <minium.miniprogram.base_driver.element.BaseElement object at 0x00000206EE990130>]
DEBUG 2022-05-13 16:09:00,942 connection.py send            183 SEND > {"id":"80c2028a-6450-4346-a727-267eea495d72","method":"App.getCurrentPage","params":{}}
DEBUG 2022-05-13 16:09:00,945 connection.py _on_message     232 RECV < {"id":"80c2028a-6450-4346-a727-267eea495d72","result":{"pageId":7,"path":"package1/pages/classroom/search/index","query":{"searchType":"3"}}}
INFO  2022-05-13 16:09:00,946 page.py    _get_elements_by_css 445 try to get elements: rich-text[text(contains("æµ‹è¯•æ‚£æ•™èµ„æ–™"))]
DEBUG 2022-05-13 16:09:00,946 connection.py send            183 SEND > {"id":"ea00caf1-a743-442e-8687-eca0e032ba86","method":"Page.getElements","params":{"selector":"rich-text[text(contains(\"\u6d4b\u8bd5\u60a3\u6559\u8d44\u6599\"))]","pageId":7}}
DEBUG 2022-05-13 16:09:00,948 connection.py _on_message     232 RECV < {"id":"ea00caf1-a743-442e-8687-eca0e032ba86","result":{"elements":[{"elementId":"dde55baa-f666-4e36-9c6b-c452f57a468a","tagName":"rich-text"},{"elementId":"d768c8a1-7c8f-4806-a531-9c11dcc19b02","tagName":"rich-text"},{"elementId":"315c6bba-e412-48e8-9fc8-1f45f1fa5b49","tagName":"rich-text"}]}}
INFO  2022-05-13 16:09:01,953 page.py    _get_elements_by_css 452 find elements success: [<minium.miniprogram.base_driver.element.BaseElement object at 0x00000206EE8F6F80>, <minium.miniprogram.base_driver.element.BaseElement object at 0x00000206EE990310>, <minium.miniprogram.base_driver.element.BaseElement object at 0x00000206EE9901F0>]
DEBUG 2022-05-13 16:09:01,953 connection.py send            183 SEND > {"id":"b2e167f9-7477-4e29-934a-76496101260e","method":"Element.getStyles","params":{"names":["pointer-events"],"elementId":"dde55baa-f666-4e36-9c6b-c452f57a468a","pageId":7}}
DEBUG 2022-05-13 16:09:01,957 connection.py _on_message     232 RECV < {"id":"b2e167f9-7477-4e29-934a-76496101260e","result":{"styles":["auto"]}}
DEBUG 2022-05-13 16:09:01,957 connection.py send            183 SEND > {"id":"8c4254ae-e8f8-40d3-b08f-1af20c03cc52","method":"Element.tap","params":{"elementId":"dde55baa-f666-4e36-9c6b-c452f57a468a","pageId":7}}
DEBUG 2022-05-13 16:09:02,014 connection.py _on_message     232 RECV < {"id":"8c4254ae-e8f8-40d3-b08f-1af20c03cc52","result":{}}
DEBUG 2022-05-13 16:09:02,370 connection.py _on_message     232 RECV < {"method":"App.bindingCalled","params":{"name":"onAppRouteDone","args":[{"webviewId":8,"path":"package1/pages/classroom/detail/index","query":{"id":"80","type":"text"},"openType":"navigateTo","__ts__":1652429342342},1652429342342]}}
INFO  2022-05-13 16:09:02,370 app.py     _on_route_changed 451 Route changed, {'name': 'onAppRouteDone', 'args': [{'webviewId': 8, 'path': 'package1/pages/classroom/detail/index', 'query': {'id': '80', 'type': 'text'}, 'openType': 'navigateTo', '__ts__': 1652429342342}, 1652429342342]}
INFO  2022-05-13 16:09:03,029 app.py     relaunch        306 ReLaunch: /pages/home/home/index
DEBUG 2022-05-13 16:09:03,031 connection.py send            183 SEND > {"id":"fbae7826-0cb8-43f9-9657-0b9932d0b263","method":"App.callWxMethod","params":{"method":"reLaunch","args":[{"url":"/pages/home/home/index"}]}}
DEBUG 2022-05-13 16:09:03,064 connection.py _on_message     232 RECV < {"id":"fbae7826-0cb8-43f9-9657-0b9932d0b263","result":{"result":{"errMsg":"reLaunch:ok"}}}
DEBUG 2022-05-13 16:09:03,174 connection.py _on_message     232 RECV < {"method":"App.bindingCalled","params":{"name":"onAppRouteDone","args":[{"webviewId":9,"path":"pages/home/home/index","query":{},"openType":"reLaunch","__ts__":1652429343149},1652429343149]}}
INFO  2022-05-13 16:09:03,175 app.py     _on_route_changed 451 Route changed, {'name': 'onAppRouteDone', 'args': [{'webviewId': 9, 'path': 'pages/home/home/index', 'query': {}, 'openType': 'reLaunch', '__ts__': 1652429343149}, 1652429343149]}
DEBUG 2022-05-13 16:09:03,175 minitest.py _miniTearDown   512 =========Current case Downï¼šget_all_pages_path=========
INFO  2022-05-13 16:09:03,177 minitest.py capture         548 capture teardown.png
DEBUG 2022-05-13 16:09:03,177 connection.py send            183 SEND > {"id":"5c538c78-5697-4e3d-8956-089e593b0231","method":"App.captureScreenshot","params":{}}
DEBUG 2022-05-13 16:09:03,357 connection.py _on_message     230 RECV < {"id":"5c538c78-5697-4e3d-8956-089e593b0231","result":{"data":"iVBORw0KGgoAAAANSUhEUgAAA6oAAAZFCAIAAACvNLm5AAAAAXNSR0IArs4c6QAAIABJREFUeJzsvVmTJUd2JnaOe6x3vzfXytqrAFQVUOgG0GgA3U32ylWc5mK0IedBsjFSpnmQ6UF/QDavMpPM9DwmSmMmm+F0N4cjDmeapNgbGo0G2GhsjbXWrCUrs3K/e6zufvQQy703K6uQWahC3szyg8LJ73q4n/Dw8PD44sQJd/zcj/49AAAAIhKRxhprrLHGGmusscYaH2DMZ/7lHwMAIEC6SWONNdZYY4011lhjjQ8sZgCAiECAiBprrLHGGmusscYaa3ywMUNEItJaa6211lprrbXWWutHQbM9r4HWWmuttdZaa6211lp/Zho//+O/JCAEBAAA0FhjjTXWWGONNdZY4wOMGREhIBEBgMYaa6yxxhprrLHGGh9sjJ...
DEBUG 2022-05-13 16:09:03,359 connection.py send            183 SEND > {"id":"2740255b-d4fc-4655-bc7c-61d96cd8a7d5","method":"App.getCurrentPage","params":{}}
DEBUG 2022-05-13 16:09:03,361 connection.py _on_message     232 RECV < {"id":"2740255b-d4fc-4655-bc7c-61d96cd8a7d5","result":{"pageId":9,"path":"pages/home/home/index","query":{}}}
DEBUG 2022-05-13 16:09:03,361 connection.py send            183 SEND > {"id":"39269b3a-d57b-4cb2-9a90-0438894d664d","method":"Page.getData","params":{"pageId":9}}
DEBUG 2022-05-13 16:09:03,363 connection.py _on_message     230 RECV < {"id":"39269b3a-d57b-4cb2-9a90-0438894d664d","result":{"data":{"isFirstEnter":0,"showStartPage":"1","hisId":45,"hisDet":{"appointmentCodeUrl":"https://ustatic.med.gzhc365.com/fss/publicfile/70f794fc23c8b4e348e638cd262175aa0993a503068289b2ed2448231fa84e7b.png","appointmentUrl":"","area":"é’ç§€åŒº","attribute":"åŒ»è”ä½“ä¸»ä½“å•ä½","city":"å—å®å¸‚","contactName":"æµ‹è¯•","coordinateType":"BD09","createTime":"2020-11-14 21:22:22","customerServiceSupport":1,"detailedAddress":"æ¡ƒæºè·¯6å·","email":"386030556@qq.com","hisId":"45","hisLevel"...
