DEBUG 2022-05-13 16:13:50,468 minitest.py _miniSetUp      286 =========Current caseï¼šget_all_pages_path=========
INFO  2022-05-13 16:13:50,468 app.py     relaunch        306 ReLaunch: /pages/home/home/index
DEBUG 2022-05-13 16:13:50,469 connection.py send            183 SEND > {"id":"3c85ba4b-b6a4-4211-9f13-8ecb5b68c187","method":"App.callWxMethod","params":{"method":"reLaunch","args":[{"url":"/pages/home/home/index"}]}}
DEBUG 2022-05-13 16:13:50,492 connection.py _on_message     232 RECV < {"id":"3c85ba4b-b6a4-4211-9f13-8ecb5b68c187","result":{"result":{"errMsg":"reLaunch:ok"}}}
DEBUG 2022-05-13 16:13:51,167 connection.py _on_message     232 RECV < {"method":"App.bindingCalled","params":{"name":"onAppRouteDone","args":[{"webviewId":5,"path":"pages/home/home/index","query":{},"openType":"reLaunch","__ts__":1652429631157},1652429631157]}}
INFO  2022-05-13 16:13:51,168 app.py     _on_route_changed 451 Route changed, {'name': 'onAppRouteDone', 'args': [{'webviewId': 5, 'path': 'pages/home/home/index', 'query': {}, 'openType': 'reLaunch', '__ts__': 1652429631157}, 1652429631157]}
INFO  2022-05-13 16:13:51,169 minitest.py capture         548 capture setup.png
DEBUG 2022-05-13 16:13:51,170 connection.py send            183 SEND > {"id":"b7144f2b-2668-4521-9792-9173ff7aae66","method":"App.captureScreenshot","params":{}}
DEBUG 2022-05-13 16:13:51,359 connection.py _on_message     230 RECV < {"id":"b7144f2b-2668-4521-9792-9173ff7aae66","result":{"data":"iVBORw0KGgoAAAANSUhEUgAAA6oAAAZFCAIAAACvNLm5AAAAAXNSR0IArs4c6QAAIABJREFUeJzsvXmTJEd2H/iee5x5Z9Zd3Y0+gMbRaAxOzilyDlI07UokJaNM2j/WTCbuf/sd9hPsfoOVrczWtCRnKNruiktKxuEcxAw5JAYYYHA2Gn2fVV1H3nG6+9s/PCIyMiuruwqDQRe6/Vn1619EeDz38HQP/8WLF+74pR/8XwAAAIhIRAYbbLDBBhtssMEGG/wIY77y7/4QAAABskMGG2ywwQYbbLDBBhv8yGIGAIgIBIhosMEGG2ywwQYbbLDBjzZmiEhERhtttNFGG2200UYb/Tho9tBLYLTRRhtttNFGG2200Z+bxhd/+McEhIAAAAAGG2ywwQYbbLDBBhv8CGNGRAhIRABgsMEGG2ywwQYbbLDBjzbGF3/4x2...
INFO  2022-05-13 16:13:51,361 app.py     redirect_to     288 RedirectTo: /pages/home/home/index
DEBUG 2022-05-13 16:13:51,362 connection.py send            183 SEND > {"id":"fb5195dc-edfb-4874-95f4-1c7490970f63","method":"App.callWxMethod","params":{"method":"redirectTo","args":[{"url":"/pages/home/home/index"}]}}
DEBUG 2022-05-13 16:13:51,448 connection.py _on_message     232 RECV < {"id":"fb5195dc-edfb-4874-95f4-1c7490970f63","result":{"result":{"errMsg":"redirectTo:ok"}}}
DEBUG 2022-05-13 16:13:51,577 connection.py _on_message     232 RECV < {"method":"App.bindingCalled","params":{"name":"onAppRouteDone","args":[{"webviewId":6,"path":"pages/home/home/index","query":{},"openType":"redirectTo","__ts__":1652429631548},1652429631548]}}
INFO  2022-05-13 16:13:51,578 app.py     _on_route_changed 451 Route changed, {'name': 'onAppRouteDone', 'args': [{'webviewId': 6, 'path': 'pages/home/home/index', 'query': {}, 'openType': 'redirectTo', '__ts__': 1652429631548}, 1652429631548]}
DEBUG 2022-05-13 16:13:51,578 connection.py send            183 SEND > {"id":"267fdda9-f40c-40c0-ae4d-b757e7298d39","method":"App.getCurrentPage","params":{}}
DEBUG 2022-05-13 16:13:51,583 connection.py _on_message     232 RECV < {"id":"267fdda9-f40c-40c0-ae4d-b757e7298d39","result":{"pageId":6,"path":"pages/home/home/index","query":{}}}
INFO  2022-05-13 16:13:51,584 page.py    _get_elements_by_css 445 try to get elements: view.search-box[text(contains("æŸ¥è¯¢ç§‘æ™®"))]
DEBUG 2022-05-13 16:13:51,584 connection.py send            183 SEND > {"id":"d3955bd2-ec0c-434b-8aa3-c8b53600cdef","method":"Page.getElements","params":{"selector":"view.search-box[text(contains(\"\u67e5\u8be2\u79d1\u666e\"))]","pageId":6}}
DEBUG 2022-05-13 16:13:51,593 connection.py _on_message     232 RECV < {"id":"d3955bd2-ec0c-434b-8aa3-c8b53600cdef","result":{"elements":[{"elementId":"25578e80-3cfb-43c9-bd18-55ddd9eb035e","tagName":"view"}]}}
INFO  2022-05-13 16:13:52,608 page.py    _get_elements_by_css 452 find elements success: [<minium.miniprogram.base_driver.element.BaseElement object at 0x000002C95D002C80>]
DEBUG 2022-05-13 16:13:52,608 connection.py send            183 SEND > {"id":"0d03fa52-365b-4b0a-aa2d-49ed398df89c","method":"Element.getStyles","params":{"names":["pointer-events"],"elementId":"25578e80-3cfb-43c9-bd18-55ddd9eb035e","pageId":6}}
DEBUG 2022-05-13 16:13:52,612 connection.py _on_message     232 RECV < {"id":"0d03fa52-365b-4b0a-aa2d-49ed398df89c","result":{"styles":["auto"]}}
DEBUG 2022-05-13 16:13:52,612 connection.py send            183 SEND > {"id":"3bc5b42b-6560-46b3-ab91-c5929bb284b0","method":"Element.tap","params":{"elementId":"25578e80-3cfb-43c9-bd18-55ddd9eb035e","pageId":6}}
DEBUG 2022-05-13 16:13:52,657 connection.py _on_message     232 RECV < {"id":"3bc5b42b-6560-46b3-ab91-c5929bb284b0","result":{}}
DEBUG 2022-05-13 16:13:53,444 connection.py _on_message     232 RECV < {"method":"App.bindingCalled","params":{"name":"onAppRouteDone","args":[{"webviewId":7,"path":"package1/pages/classroom/search/index","query":{"searchType":"3"},"openType":"navigateTo","__ts__":1652429633417},1652429633417]}}
INFO  2022-05-13 16:13:53,445 app.py     _on_route_changed 451 Route changed, {'name': 'onAppRouteDone', 'args': [{'webviewId': 7, 'path': 'package1/pages/classroom/search/index', 'query': {'searchType': '3'}, 'openType': 'navigateTo', '__ts__': 1652429633417}, 1652429633417]}
DEBUG 2022-05-13 16:13:53,665 connection.py send            183 SEND > {"id":"ff70ea07-8865-44bb-94f0-6395c731aeaa","method":"App.getCurrentPage","params":{}}
DEBUG 2022-05-13 16:13:53,669 connection.py _on_message     232 RECV < {"id":"ff70ea07-8865-44bb-94f0-6395c731aeaa","result":{"pageId":7,"path":"package1/pages/classroom/search/index","query":{"searchType":"3"}}}
INFO  2022-05-13 16:13:53,670 page.py    _get_elements_by_css 445 try to get elements: input.search-box[text(contains("æœç´¢ç–¾ç—…/é—®é¢˜"))]
DEBUG 2022-05-13 16:13:53,670 connection.py send            183 SEND > {"id":"cf9f0190-c942-403b-ab59-46569adc4f2d","method":"Page.getElements","params":{"selector":"input.search-box[text(contains(\"\u641c\u7d22\u75be\u75c5/\u95ee\u9898\"))]","pageId":7}}
DEBUG 2022-05-13 16:13:53,674 connection.py _on_message     232 RECV < {"id":"cf9f0190-c942-403b-ab59-46569adc4f2d","result":{"elements":[{"elementId":"db2c6fd7-f747-4934-b282-2f77ca3c7899","tagName":"input"}]}}
INFO  2022-05-13 16:13:54,682 page.py    _get_elements_by_css 452 find elements success: [<minium.miniprogram.base_driver.element.FormElement object at 0x000002C95D002D40>]
DEBUG 2022-05-13 16:13:54,682 connection.py send            183 SEND > {"id":"f212f8f0-5d05-46d0-8acc-c74f3867782e","method":"Element.callFunction","params":{"functionName":"input.input","args":["\u5fc3\u8840\u7ba1"],"elementId":"db2c6fd7-f747-4934-b282-2f77ca3c7899","pageId":7}}
DEBUG 2022-05-13 16:13:54,696 connection.py _on_message     232 RECV < {"id":"f212f8f0-5d05-46d0-8acc-c74f3867782e","result":{}}
DEBUG 2022-05-13 16:13:54,696 connection.py send            183 SEND > {"id":"a03f6563-771c-4097-b041-5e031f5b11fe","method":"App.getCurrentPage","params":{}}
DEBUG 2022-05-13 16:13:54,699 connection.py _on_message     232 RECV < {"id":"a03f6563-771c-4097-b041-5e031f5b11fe","result":{"pageId":7,"path":"package1/pages/classroom/search/index","query":{"searchType":"3"}}}
INFO  2022-05-13 16:13:54,700 page.py    _get_elements_by_css 445 try to get elements: rich-text[text(contains("æµ‹è¯•æ‚£æ•™èµ„æ–™"))]
DEBUG 2022-05-13 16:13:54,700 connection.py send            183 SEND > {"id":"3f76ec19-7a47-42ea-8403-f55ab628fa6f","method":"Page.getElements","params":{"selector":"rich-text[text(contains(\"\u6d4b\u8bd5\u60a3\u6559\u8d44\u6599\"))]","pageId":7}}
DEBUG 2022-05-13 16:13:54,703 connection.py _on_message     232 RECV < {"id":"3f76ec19-7a47-42ea-8403-f55ab628fa6f","result":{"elements":[]}}
WARNI 2022-05-13 16:13:55,708 page.py    _get_elements_by_css 450 Could not found any element 'rich-text[text(contains("æµ‹è¯•æ‚£æ•™èµ„æ–™"))]' you need
INFO  2022-05-13 16:13:55,972 page.py    _get_elements_by_css 445 try to get elements: rich-text[text(contains("æµ‹è¯•æ‚£æ•™èµ„æ–™"))]
DEBUG 2022-05-13 16:13:55,973 connection.py send            183 SEND > {"id":"0049b71d-7bfa-4b27-b4c3-54f6eac3b1da","method":"Page.getElements","params":{"selector":"rich-text[text(contains(\"\u6d4b\u8bd5\u60a3\u6559\u8d44\u6599\"))]","pageId":7}}
DEBUG 2022-05-13 16:13:55,976 connection.py _on_message     232 RECV < {"id":"0049b71d-7bfa-4b27-b4c3-54f6eac3b1da","result":{"elements":[{"elementId":"ec1266e3-4309-4e3f-8fcd-6f96111abf38","tagName":"rich-text"},{"elementId":"24f74574-f05f-469d-ba40-d1fb9b8af3ab","tagName":"rich-text"},{"elementId":"63b2939b-2db3-4afb-bb0f-1b226feda731","tagName":"rich-text"}]}}
INFO  2022-05-13 16:13:56,985 page.py    _get_elements_by_css 452 find elements success: [<minium.miniprogram.base_driver.element.BaseElement object at 0x000002C95D0A0160>, <minium.miniprogram.base_driver.element.BaseElement object at 0x000002C95D0A0250>, <minium.miniprogram.base_driver.element.BaseElement object at 0x000002C95D0A0070>]
DEBUG 2022-05-13 16:13:56,985 connection.py send            183 SEND > {"id":"f146e135-3f58-4e21-be81-62791f723f17","method":"App.getCurrentPage","params":{}}
DEBUG 2022-05-13 16:13:56,988 connection.py _on_message     232 RECV < {"id":"f146e135-3f58-4e21-be81-62791f723f17","result":{"pageId":7,"path":"package1/pages/classroom/search/index","query":{"searchType":"3"}}}
INFO  2022-05-13 16:13:56,988 page.py    _get_elements_by_css 445 try to get elements: rich-text[text(contains("æµ‹è¯•æ‚£æ•™èµ„æ–™"))]
DEBUG 2022-05-13 16:13:56,989 connection.py send            183 SEND > {"id":"aba02cfe-7972-4425-a478-7daf90c14d45","method":"Page.getElements","params":{"selector":"rich-text[text(contains(\"\u6d4b\u8bd5\u60a3\u6559\u8d44\u6599\"))]","pageId":7}}
DEBUG 2022-05-13 16:13:56,990 connection.py _on_message     232 RECV < {"id":"aba02cfe-7972-4425-a478-7daf90c14d45","result":{"elements":[{"elementId":"ec1266e3-4309-4e3f-8fcd-6f96111abf38","tagName":"rich-text"},{"elementId":"24f74574-f05f-469d-ba40-d1fb9b8af3ab","tagName":"rich-text"},{"elementId":"63b2939b-2db3-4afb-bb0f-1b226feda731","tagName":"rich-text"}]}}
INFO  2022-05-13 16:13:57,995 page.py    _get_elements_by_css 452 find elements success: [<minium.miniprogram.base_driver.element.BaseElement object at 0x000002C95D0A00A0>, <minium.miniprogram.base_driver.element.BaseElement object at 0x000002C95D0A03D0>, <minium.miniprogram.base_driver.element.BaseElement object at 0x000002C95D0A0400>]
DEBUG 2022-05-13 16:13:57,996 connection.py send            183 SEND > {"id":"a6f5dca6-cdcb-4e0a-ab5a-65a2e5930c2b","method":"Element.getStyles","params":{"names":["pointer-events"],"elementId":"ec1266e3-4309-4e3f-8fcd-6f96111abf38","pageId":7}}
DEBUG 2022-05-13 16:13:57,999 connection.py _on_message     232 RECV < {"id":"a6f5dca6-cdcb-4e0a-ab5a-65a2e5930c2b","result":{"styles":["auto"]}}
DEBUG 2022-05-13 16:13:58,000 connection.py send            183 SEND > {"id":"933a162e-5512-4f79-96dc-fe36e560a726","method":"Element.tap","params":{"elementId":"ec1266e3-4309-4e3f-8fcd-6f96111abf38","pageId":7}}
DEBUG 2022-05-13 16:13:58,052 connection.py _on_message     232 RECV < {"id":"933a162e-5512-4f79-96dc-fe36e560a726","result":{}}
DEBUG 2022-05-13 16:13:58,411 connection.py _on_message     232 RECV < {"method":"App.bindingCalled","params":{"name":"onAppRouteDone","args":[{"webviewId":8,"path":"package1/pages/classroom/detail/index","query":{"id":"80","type":"text"},"openType":"navigateTo","__ts__":1652429638384},1652429638384]}}
INFO  2022-05-13 16:13:58,412 app.py     _on_route_changed 451 Route changed, {'name': 'onAppRouteDone', 'args': [{'webviewId': 8, 'path': 'package1/pages/classroom/detail/index', 'query': {'id': '80', 'type': 'text'}, 'openType': 'navigateTo', '__ts__': 1652429638384}, 1652429638384]}
INFO  2022-05-13 16:13:59,054 app.py     relaunch        306 ReLaunch: /pages/home/home/index
DEBUG 2022-05-13 16:13:59,056 connection.py send            183 SEND > {"id":"cfc8061e-4e9b-452a-acc4-f34844d13a52","method":"App.callWxMethod","params":{"method":"reLaunch","args":[{"url":"/pages/home/home/index"}]}}
DEBUG 2022-05-13 16:13:59,087 connection.py _on_message     232 RECV < {"id":"cfc8061e-4e9b-452a-acc4-f34844d13a52","result":{"result":{"errMsg":"reLaunch:ok"}}}
DEBUG 2022-05-13 16:13:59,201 connection.py _on_message     232 RECV < {"method":"App.bindingCalled","params":{"name":"onAppRouteDone","args":[{"webviewId":9,"path":"pages/home/home/index","query":{},"openType":"reLaunch","__ts__":1652429639177},1652429639177]}}
INFO  2022-05-13 16:13:59,202 app.py     _on_route_changed 451 Route changed, {'name': 'onAppRouteDone', 'args': [{'webviewId': 9, 'path': 'pages/home/home/index', 'query': {}, 'openType': 'reLaunch', '__ts__': 1652429639177}, 1652429639177]}
DEBUG 2022-05-13 16:13:59,202 minitest.py _miniTearDown   512 =========Current case Downï¼šget_all_pages_path=========
INFO  2022-05-13 16:13:59,204 minitest.py capture         548 capture teardown.png
DEBUG 2022-05-13 16:13:59,204 connection.py send            183 SEND > {"id":"4e064e04-3261-407b-b617-ab1e6af0e6ef","method":"App.captureScreenshot","params":{}}
DEBUG 2022-05-13 16:13:59,372 connection.py _on_message     230 RECV < {"id":"4e064e04-3261-407b-b617-ab1e6af0e6ef","result":{"data":"iVBORw0KGgoAAAANSUhEUgAAA6oAAAZFCAIAAACvNLm5AAAAAXNSR0IArs4c6QAAIABJREFUeJzsvVmTJUd2JnaOe6x3vzfXytqrAFQVUOgG0GgA3U32ylWc5mK0IedBsjFSpnmQ6UF/QDavMpPM9DwmSmMmm+F0N4cjDmeapNgbGo0G2GhsjbXWrCUrs3K/e6zufvQQy703K6uQWahC3szyg8LJ73q4n/Dw8PD44sQJd/zcj/49AAAAIhKRxhprrLHGGmusscYaH2DMZ/7lHwMAIEC6SWONNdZYY4011lhjjQ8sZgCAiECAiBprrLHGGmusscYaa3ywMUNEItJaa6211lprrbXWWutHQbM9r4HWWmuttdZaa6211lp/Zho//+O/JCAEBAAA0FhjjTXWWGONNdZY4wOMGREhIBEBgMYaa6yxxhprrLHGGh9sjJ...
DEBUG 2022-05-13 16:13:59,375 connection.py send            183 SEND > {"id":"322c8bc4-4bc9-437a-900a-c1b6e041b821","method":"App.getCurrentPage","params":{}}
DEBUG 2022-05-13 16:13:59,377 connection.py _on_message     232 RECV < {"id":"322c8bc4-4bc9-437a-900a-c1b6e041b821","result":{"pageId":9,"path":"pages/home/home/index","query":{}}}
DEBUG 2022-05-13 16:13:59,377 connection.py send            183 SEND > {"id":"1c155e4c-5296-428d-af8f-44b8e500061c","method":"Page.getData","params":{"pageId":9}}
DEBUG 2022-05-13 16:13:59,380 connection.py _on_message     230 RECV < {"id":"1c155e4c-5296-428d-af8f-44b8e500061c","result":{"data":{"isFirstEnter":0,"showStartPage":"1","hisId":45,"hisDet":{"appointmentCodeUrl":"https://ustatic.med.gzhc365.com/fss/publicfile/70f794fc23c8b4e348e638cd262175aa0993a503068289b2ed2448231fa84e7b.png","appointmentUrl":"","area":"é’ç§€åŒº","attribute":"åŒ»è”ä½“ä¸»ä½“å•ä½","city":"å—å®å¸‚","contactName":"æµ‹è¯•","coordinateType":"BD09","createTime":"2020-11-14 21:22:22","customerServiceSupport":1,"detailedAddress":"æ¡ƒæºè·¯6å·","email":"386030556@qq.com","hisId":"45","hisLevel"...
