DEBUG 2022-05-13 16:26:15,869 minitest.py _miniSetUp      286 =========Current caseï¼šget_all_pages_path=========
INFO  2022-05-13 16:26:15,869 app.py     relaunch        306 ReLaunch: /pages/home/home/index
DEBUG 2022-05-13 16:26:15,870 connection.py send            183 SEND > {"id":"6db4f3a7-a3bd-4a34-893d-e3a082ba316c","method":"App.callWxMethod","params":{"method":"reLaunch","args":[{"url":"/pages/home/home/index"}]}}
DEBUG 2022-05-13 16:26:15,884 connection.py _on_message     232 RECV < {"id":"6db4f3a7-a3bd-4a34-893d-e3a082ba316c","result":{"result":{"errMsg":"reLaunch:ok"}}}
DEBUG 2022-05-13 16:26:16,651 connection.py _on_message     232 RECV < {"method":"App.bindingCalled","params":{"name":"onAppRouteDone","args":[{"webviewId":11,"path":"pages/home/home/index","query":{},"openType":"reLaunch","__ts__":1652430376623},1652430376623]}}
INFO  2022-05-13 16:26:16,652 app.py     _on_route_changed 451 Route changed, {'name': 'onAppRouteDone', 'args': [{'webviewId': 11, 'path': 'pages/home/home/index', 'query': {}, 'openType': 'reLaunch', '__ts__': 1652430376623}, 1652430376623]}
INFO  2022-05-13 16:26:16,654 minitest.py capture         548 capture setup.png
DEBUG 2022-05-13 16:26:16,655 connection.py send            183 SEND > {"id":"89f1abee-ec47-4ba8-ac61-46d56c1be05b","method":"App.captureScreenshot","params":{}}
DEBUG 2022-05-13 16:26:28,619 connection.py _on_message     230 RECV < {"id":"89f1abee-ec47-4ba8-ac61-46d56c1be05b","result":{"data":"iVBORw0KGgoAAAANSUhEUgAAA6oAAAZFCAIAAACvNLm5AAAAAXNSR0IArs4c6QAAIABJREFUeJzsvemzJcd1H3hOZq13X97eOxpLN9AgARAEuEhcJUsamVpCY8kfZsIjTYw/TMyH+Qcm/HUiZiLms2PsccSELZOU5ZFla7FIkCAIgiSIHWig9+3t691rzzzzoZZb9/XrxnuN1/3u686Dxnl5s7J+lXUqK+tXp05m4ude+XcAAACISET7m1bIClkhK2SFrJAVskJWyAp5rJD59D/7IwAABMiK7WNaIStkhayQFbJCVsgKWSEr5HFCZgCAiECAiPclrZAVskJWyApZIStkhayQFfLYIDNEJCKllVZaaaWVVlpppZV+FDQ78BoorbTSSiuttNJKK630A9P4+R/9OQFhEhwB+5tWyApZIStkhayQFbJCVsgKeayQGR...
INFO  2022-05-13 16:26:28,650 app.py     redirect_to     288 RedirectTo: /pages/home/home/index
DEBUG 2022-05-13 16:26:28,651 connection.py send            183 SEND > {"id":"42bf86c1-6806-4246-a57b-a2bbb2c1a2f4","method":"App.callWxMethod","params":{"method":"redirectTo","args":[{"url":"/pages/home/home/index"}]}}
DEBUG 2022-05-13 16:26:28,804 connection.py _on_message     232 RECV < {"id":"42bf86c1-6806-4246-a57b-a2bbb2c1a2f4","result":{"result":{"errMsg":"redirectTo:ok"}}}
DEBUG 2022-05-13 16:26:29,027 connection.py _on_message     232 RECV < {"method":"App.bindingCalled","params":{"name":"onAppRouteDone","args":[{"webviewId":12,"path":"pages/home/home/index","query":{},"openType":"redirectTo","__ts__":1652430388997},1652430388998]}}
INFO  2022-05-13 16:26:29,027 app.py     _on_route_changed 451 Route changed, {'name': 'onAppRouteDone', 'args': [{'webviewId': 12, 'path': 'pages/home/home/index', 'query': {}, 'openType': 'redirectTo', '__ts__': 1652430388997}, 1652430388998]}
DEBUG 2022-05-13 16:26:29,027 connection.py send            183 SEND > {"id":"139de6e8-2f30-4f66-b4f3-43d99d1285b5","method":"App.getCurrentPage","params":{}}
DEBUG 2022-05-13 16:26:29,031 connection.py _on_message     232 RECV < {"id":"139de6e8-2f30-4f66-b4f3-43d99d1285b5","result":{"pageId":12,"path":"pages/home/home/index","query":{}}}
INFO  2022-05-13 16:26:29,031 page.py    _get_elements_by_css 445 try to get elements: view.search-box[text(contains("æŸ¥è¯¢ç§‘æ™®"))]
DEBUG 2022-05-13 16:26:29,032 connection.py send            183 SEND > {"id":"79e8ef41-8e6a-4015-8c23-3d002f7f4ae6","method":"Page.getElements","params":{"selector":"view.search-box[text(contains(\"\u67e5\u8be2\u79d1\u666e\"))]","pageId":12}}
DEBUG 2022-05-13 16:26:29,054 connection.py _on_message     232 RECV < {"id":"79e8ef41-8e6a-4015-8c23-3d002f7f4ae6","result":{"elements":[{"elementId":"8ab7dae0-a21f-4333-8785-48fd2696ad60","tagName":"view"}]}}
INFO  2022-05-13 16:26:30,059 page.py    _get_elements_by_css 452 find elements success: [<minium.miniprogram.base_driver.element.BaseElement object at 0x0000017A41FE7F40>]
DEBUG 2022-05-13 16:26:30,060 connection.py send            183 SEND > {"id":"9d28a65a-88ac-4777-b771-7b996c0049ac","method":"Element.getStyles","params":{"names":["pointer-events"],"elementId":"8ab7dae0-a21f-4333-8785-48fd2696ad60","pageId":12}}
DEBUG 2022-05-13 16:26:30,065 connection.py _on_message     232 RECV < {"id":"9d28a65a-88ac-4777-b771-7b996c0049ac","result":{"styles":["auto"]}}
DEBUG 2022-05-13 16:26:30,066 connection.py send            183 SEND > {"id":"b47427a0-4e76-4e58-8048-9a67da76ad06","method":"Element.tap","params":{"elementId":"8ab7dae0-a21f-4333-8785-48fd2696ad60","pageId":12}}
DEBUG 2022-05-13 16:26:30,108 connection.py _on_message     232 RECV < {"id":"b47427a0-4e76-4e58-8048-9a67da76ad06","result":{}}
DEBUG 2022-05-13 16:26:30,461 connection.py _on_message     232 RECV < {"method":"App.bindingCalled","params":{"name":"onAppRouteDone","args":[{"webviewId":13,"path":"package1/pages/classroom/search/index","query":{"searchType":"3"},"openType":"navigateTo","__ts__":1652430390433},1652430390434]}}
INFO  2022-05-13 16:26:30,461 app.py     _on_route_changed 451 Route changed, {'name': 'onAppRouteDone', 'args': [{'webviewId': 13, 'path': 'package1/pages/classroom/search/index', 'query': {'searchType': '3'}, 'openType': 'navigateTo', '__ts__': 1652430390433}, 1652430390434]}
DEBUG 2022-05-13 16:26:31,123 connection.py send            183 SEND > {"id":"af7c2c7c-c9c2-4729-904c-e1837fba361c","method":"App.getCurrentPage","params":{}}
DEBUG 2022-05-13 16:26:31,126 connection.py _on_message     232 RECV < {"id":"af7c2c7c-c9c2-4729-904c-e1837fba361c","result":{"pageId":13,"path":"package1/pages/classroom/search/index","query":{"searchType":"3"}}}
INFO  2022-05-13 16:26:31,127 page.py    _get_elements_by_css 445 try to get elements: input.search-box[text(contains("æœç´¢ç–¾ç—…/é—®é¢˜"))]
DEBUG 2022-05-13 16:26:31,127 connection.py send            183 SEND > {"id":"2c1524eb-c391-4b01-822a-751d23ef11e6","method":"Page.getElements","params":{"selector":"input.search-box[text(contains(\"\u641c\u7d22\u75be\u75c5/\u95ee\u9898\"))]","pageId":13}}
DEBUG 2022-05-13 16:26:31,131 connection.py _on_message     232 RECV < {"id":"2c1524eb-c391-4b01-822a-751d23ef11e6","result":{"elements":[{"elementId":"30fb9357-2d16-4af5-845a-27f484449157","tagName":"input"}]}}
INFO  2022-05-13 16:26:32,147 page.py    _get_elements_by_css 452 find elements success: [<minium.miniprogram.base_driver.element.FormElement object at 0x0000017A41FE6C80>]
DEBUG 2022-05-13 16:26:32,148 connection.py send            183 SEND > {"id":"06c4f2bf-0b4c-4f97-b768-f38a5ac3290a","method":"Element.callFunction","params":{"functionName":"input.input","args":["\u5fc3\u8840\u7ba1"],"elementId":"30fb9357-2d16-4af5-845a-27f484449157","pageId":13}}
DEBUG 2022-05-13 16:26:32,162 connection.py _on_message     232 RECV < {"id":"06c4f2bf-0b4c-4f97-b768-f38a5ac3290a","result":{}}
DEBUG 2022-05-13 16:26:32,162 connection.py send            183 SEND > {"id":"e45e21b4-a58a-45ce-9de5-258d0835a441","method":"App.getCurrentPage","params":{}}
DEBUG 2022-05-13 16:26:32,164 connection.py _on_message     232 RECV < {"id":"e45e21b4-a58a-45ce-9de5-258d0835a441","result":{"pageId":13,"path":"package1/pages/classroom/search/index","query":{"searchType":"3"}}}
INFO  2022-05-13 16:26:32,165 page.py    _get_elements_by_css 445 try to get elements: rich-text[text(contains("æµ‹è¯•æ‚£æ•™èµ„æ–™"))]
DEBUG 2022-05-13 16:26:32,166 connection.py send            183 SEND > {"id":"60d03ed8-9e54-400e-8553-99f52a476760","method":"Page.getElements","params":{"selector":"rich-text[text(contains(\"\u6d4b\u8bd5\u60a3\u6559\u8d44\u6599\"))]","pageId":13}}
DEBUG 2022-05-13 16:26:32,168 connection.py _on_message     232 RECV < {"id":"60d03ed8-9e54-400e-8553-99f52a476760","result":{"elements":[]}}
WARNI 2022-05-13 16:26:33,170 page.py    _get_elements_by_css 450 Could not found any element 'rich-text[text(contains("æµ‹è¯•æ‚£æ•™èµ„æ–™"))]' you need
INFO  2022-05-13 16:26:33,434 page.py    _get_elements_by_css 445 try to get elements: rich-text[text(contains("æµ‹è¯•æ‚£æ•™èµ„æ–™"))]
DEBUG 2022-05-13 16:26:33,434 connection.py send            183 SEND > {"id":"6a3f0b19-3ee8-44cb-9cfe-96117285d7c6","method":"Page.getElements","params":{"selector":"rich-text[text(contains(\"\u6d4b\u8bd5\u60a3\u6559\u8d44\u6599\"))]","pageId":13}}
DEBUG 2022-05-13 16:26:33,437 connection.py _on_message     232 RECV < {"id":"6a3f0b19-3ee8-44cb-9cfe-96117285d7c6","result":{"elements":[{"elementId":"d88de2eb-e152-476a-a5b3-098772601e33","tagName":"rich-text"},{"elementId":"e0843a6f-01b1-4b2a-8589-c067b6a27fbc","tagName":"rich-text"},{"elementId":"ff5b79a1-2fd5-48da-a6aa-9e1094fdd909","tagName":"rich-text"}]}}
INFO  2022-05-13 16:26:34,445 page.py    _get_elements_by_css 452 find elements success: [<minium.miniprogram.base_driver.element.BaseElement object at 0x0000017A42088160>, <minium.miniprogram.base_driver.element.BaseElement object at 0x0000017A42088130>, <minium.miniprogram.base_driver.element.BaseElement object at 0x0000017A420881F0>]
DEBUG 2022-05-13 16:26:34,445 connection.py send            183 SEND > {"id":"e6c7e9f2-9c57-4108-ba11-fc6ba91f0462","method":"App.getCurrentPage","params":{}}
DEBUG 2022-05-13 16:26:34,448 connection.py _on_message     232 RECV < {"id":"e6c7e9f2-9c57-4108-ba11-fc6ba91f0462","result":{"pageId":13,"path":"package1/pages/classroom/search/index","query":{"searchType":"3"}}}
INFO  2022-05-13 16:26:34,449 page.py    _get_elements_by_css 445 try to get elements: rich-text[text(contains("æµ‹è¯•æ‚£æ•™èµ„æ–™"))]
DEBUG 2022-05-13 16:26:34,449 connection.py send            183 SEND > {"id":"d0b4073c-ac08-417e-8ce6-72909374f22e","method":"Page.getElements","params":{"selector":"rich-text[text(contains(\"\u6d4b\u8bd5\u60a3\u6559\u8d44\u6599\"))]","pageId":13}}
DEBUG 2022-05-13 16:26:34,451 connection.py _on_message     232 RECV < {"id":"d0b4073c-ac08-417e-8ce6-72909374f22e","result":{"elements":[{"elementId":"d88de2eb-e152-476a-a5b3-098772601e33","tagName":"rich-text"},{"elementId":"e0843a6f-01b1-4b2a-8589-c067b6a27fbc","tagName":"rich-text"},{"elementId":"ff5b79a1-2fd5-48da-a6aa-9e1094fdd909","tagName":"rich-text"}]}}
INFO  2022-05-13 16:26:35,459 page.py    _get_elements_by_css 452 find elements success: [<minium.miniprogram.base_driver.element.BaseElement object at 0x0000017A41FE6F80>, <minium.miniprogram.base_driver.element.BaseElement object at 0x0000017A42088100>, <minium.miniprogram.base_driver.element.BaseElement object at 0x0000017A42088310>]
DEBUG 2022-05-13 16:26:35,460 connection.py send            183 SEND > {"id":"f03b9d07-697c-4a95-a426-dd0556e80e4f","method":"Element.getStyles","params":{"names":["pointer-events"],"elementId":"d88de2eb-e152-476a-a5b3-098772601e33","pageId":13}}
DEBUG 2022-05-13 16:26:35,463 connection.py _on_message     232 RECV < {"id":"f03b9d07-697c-4a95-a426-dd0556e80e4f","result":{"styles":["auto"]}}
DEBUG 2022-05-13 16:26:35,464 connection.py send            183 SEND > {"id":"c66bbbe8-89bb-430e-be04-ca86ac2e8762","method":"Element.tap","params":{"elementId":"d88de2eb-e152-476a-a5b3-098772601e33","pageId":13}}
DEBUG 2022-05-13 16:26:35,529 connection.py _on_message     232 RECV < {"id":"c66bbbe8-89bb-430e-be04-ca86ac2e8762","result":{}}
DEBUG 2022-05-13 16:26:35,861 connection.py _on_message     232 RECV < {"method":"App.bindingCalled","params":{"name":"onAppRouteDone","args":[{"webviewId":14,"path":"package1/pages/classroom/detail/index","query":{"id":"80","type":"text"},"openType":"navigateTo","__ts__":1652430395833},1652430395833]}}
INFO  2022-05-13 16:26:35,862 app.py     _on_route_changed 451 Route changed, {'name': 'onAppRouteDone', 'args': [{'webviewId': 14, 'path': 'package1/pages/classroom/detail/index', 'query': {'id': '80', 'type': 'text'}, 'openType': 'navigateTo', '__ts__': 1652430395833}, 1652430395833]}
INFO  2022-05-13 16:26:36,532 app.py     relaunch        306 ReLaunch: /pages/home/home/index
DEBUG 2022-05-13 16:26:36,533 connection.py send            183 SEND > {"id":"48d54c74-abd8-4d27-b55c-a2a30379303e","method":"App.callWxMethod","params":{"method":"reLaunch","args":[{"url":"/pages/home/home/index"}]}}
DEBUG 2022-05-13 16:26:36,564 connection.py _on_message     232 RECV < {"id":"48d54c74-abd8-4d27-b55c-a2a30379303e","result":{"result":{"errMsg":"reLaunch:ok"}}}
DEBUG 2022-05-13 16:26:36,680 connection.py _on_message     232 RECV < {"method":"App.bindingCalled","params":{"name":"onAppRouteDone","args":[{"webviewId":15,"path":"pages/home/home/index","query":{},"openType":"reLaunch","__ts__":1652430396655},1652430396655]}}
INFO  2022-05-13 16:26:36,680 app.py     _on_route_changed 451 Route changed, {'name': 'onAppRouteDone', 'args': [{'webviewId': 15, 'path': 'pages/home/home/index', 'query': {}, 'openType': 'reLaunch', '__ts__': 1652430396655}, 1652430396655]}
DEBUG 2022-05-13 16:26:36,681 minitest.py _miniTearDown   512 =========Current case Downï¼šget_all_pages_path=========
INFO  2022-05-13 16:26:36,683 minitest.py capture         548 capture teardown.png
DEBUG 2022-05-13 16:26:36,683 connection.py send            183 SEND > {"id":"77a27d49-2b43-4bd6-9226-c25418514988","method":"App.captureScreenshot","params":{}}
DEBUG 2022-05-13 16:26:36,864 connection.py _on_message     230 RECV < {"id":"77a27d49-2b43-4bd6-9226-c25418514988","result":{"data":"iVBORw0KGgoAAAANSUhEUgAAA6oAAAZFCAIAAACvNLm5AAAAAXNSR0IArs4c6QAAIABJREFUeJzsvXmTJEd2H/iee5x5Z9Zd3Y0+gMbRaAxOzilyDlI07UokJaNM2j/WTCbuf/sd9hPsfoOVrczWtCRnKNruiktKxuEcxAw5JAYYYHA2Gn2fVV1H3nG6+9s/PCIyMiuruwqDQRe6/Vn1619EeDz38HQP/8WLF+74pR/8XwAAAIhIRAYbbLDBBhtssMEGG/wIY77y7/4QAAABskMGG2ywwQYbbLDBBhv8yGIGAIgIBIhosMEGG2ywwQYbbLDBjzZmiEhERhtttNFGG2200UYb/Tho9tBLYLTRRhtttNFGG2200Z+bxhd/+McEhIAAAAAGG2ywwQYbbLDBBhv8CGNGRAhIRABgsMEGG2ywwQYbbLDBjzbGF3/4x2...
DEBUG 2022-05-13 16:26:36,866 connection.py send            183 SEND > {"id":"49fd12fe-1d59-40ab-900f-8f56f53d5f67","method":"App.getCurrentPage","params":{}}
DEBUG 2022-05-13 16:26:36,867 connection.py _on_message     232 RECV < {"id":"49fd12fe-1d59-40ab-900f-8f56f53d5f67","result":{"pageId":15,"path":"pages/home/home/index","query":{}}}
DEBUG 2022-05-13 16:26:36,868 connection.py send            183 SEND > {"id":"a48681f7-749a-465d-9dc2-5adfa93f5d38","method":"Page.getData","params":{"pageId":15}}
DEBUG 2022-05-13 16:26:36,870 connection.py _on_message     230 RECV < {"id":"a48681f7-749a-465d-9dc2-5adfa93f5d38","result":{"data":{"isFirstEnter":0,"showStartPage":"1","hisId":45,"hisDet":{"appointmentCodeUrl":"https://ustatic.med.gzhc365.com/fss/publicfile/70f794fc23c8b4e348e638cd262175aa0993a503068289b2ed2448231fa84e7b.png","appointmentUrl":"","area":"é’ç§€åŒº","attribute":"åŒ»è”ä½“ä¸»ä½“å•ä½","city":"å—å®å¸‚","contactName":"æµ‹è¯•","coordinateType":"BD09","createTime":"2020-11-14 21:22:22","customerServiceSupport":1,"detailedAddress":"æ¡ƒæºè·¯6å·","email":"386030556@qq.com","hisId":"45","hisLevel"...
