DEBUG 2022-05-13 16:10:26,007 minitest.py _miniSetUp      286 =========Current caseï¼šget_all_pages_path=========
INFO  2022-05-13 16:10:26,007 app.py     relaunch        306 ReLaunch: /pages/home/home/index
DEBUG 2022-05-13 16:10:26,008 connection.py send            183 SEND > {"id":"d789377f-a2a6-4485-b53c-38e7593284d5","method":"App.callWxMethod","params":{"method":"reLaunch","args":[{"url":"/pages/home/home/index"}]}}
DEBUG 2022-05-13 16:10:26,030 connection.py _on_message     232 RECV < {"id":"d789377f-a2a6-4485-b53c-38e7593284d5","result":{"result":{"errMsg":"reLaunch:ok"}}}
DEBUG 2022-05-13 16:10:26,572 connection.py _on_message     232 RECV < {"method":"App.bindingCalled","params":{"name":"onAppRouteDone","args":[{"webviewId":5,"path":"pages/home/home/index","query":{},"openType":"reLaunch","__ts__":1652429426549},1652429426549]}}
INFO  2022-05-13 16:10:26,573 app.py     _on_route_changed 451 Route changed, {'name': 'onAppRouteDone', 'args': [{'webviewId': 5, 'path': 'pages/home/home/index', 'query': {}, 'openType': 'reLaunch', '__ts__': 1652429426549}, 1652429426549]}
INFO  2022-05-13 16:10:26,574 minitest.py capture         548 capture setup.png
DEBUG 2022-05-13 16:10:26,575 connection.py send            183 SEND > {"id":"01dac6e2-4b6e-49f4-b640-a49ea601e7f4","method":"App.captureScreenshot","params":{}}
DEBUG 2022-05-13 16:10:26,799 connection.py _on_message     230 RECV < {"id":"01dac6e2-4b6e-49f4-b640-a49ea601e7f4","result":{"data":"iVBORw0KGgoAAAANSUhEUgAAA6oAAAZFCAIAAACvNLm5AAAAAXNSR0IArs4c6QAAIABJREFUeJzsvVmTJUd2JnaOe6x3vzfXytqrAFQVUOgG0GgA3U32ylWc5mK0IedBsjFSpnmQ6UF/QDavMpPM9DwmSmMmm+F0N4cjDmeapNgbGo0G2GhsjbXWrCUrs3K/e6zufvQQy703K6uQWahC3szyg8LJ73q4n/Dw8PD44sQJd/zcj/49AAAAIhKRxhprrLHGGmusscYaH2DMZ/7lHwMAIEC6SWONNdZYY4011lhjjQ8sZgCAiECAiBprrLHGGmusscYaa3ywMUNEItJaa6211lprrbXWWutHQbM9r4HWWmuttdZaa6211lp/Zho//+O/JCAEBAAA0FhjjTXWWGONNdZY4wOMGREhIBEBgMYaa6yxxhprrLHGGh9sjJ...
INFO  2022-05-13 16:10:26,826 app.py     redirect_to     288 RedirectTo: /pages/home/home/index
DEBUG 2022-05-13 16:10:26,827 connection.py send            183 SEND > {"id":"bfff1c97-b181-441b-bfd3-eaf46c91cc5d","method":"App.callWxMethod","params":{"method":"redirectTo","args":[{"url":"/pages/home/home/index"}]}}
DEBUG 2022-05-13 16:10:26,984 connection.py _on_message     232 RECV < {"id":"bfff1c97-b181-441b-bfd3-eaf46c91cc5d","result":{"result":{"errMsg":"redirectTo:ok"}}}
DEBUG 2022-05-13 16:10:27,560 connection.py _on_message     232 RECV < {"method":"App.bindingCalled","params":{"name":"onAppRouteDone","args":[{"webviewId":6,"path":"pages/home/home/index","query":{},"openType":"redirectTo","__ts__":1652429427532},1652429427532]}}
INFO  2022-05-13 16:10:27,561 app.py     _on_route_changed 451 Route changed, {'name': 'onAppRouteDone', 'args': [{'webviewId': 6, 'path': 'pages/home/home/index', 'query': {}, 'openType': 'redirectTo', '__ts__': 1652429427532}, 1652429427532]}
DEBUG 2022-05-13 16:10:27,562 connection.py send            183 SEND > {"id":"e66efca6-feff-4d3d-90c6-5d9a3beaf55d","method":"App.getCurrentPage","params":{}}
DEBUG 2022-05-13 16:10:27,566 connection.py _on_message     232 RECV < {"id":"e66efca6-feff-4d3d-90c6-5d9a3beaf55d","result":{"pageId":6,"path":"pages/home/home/index","query":{}}}
INFO  2022-05-13 16:10:27,567 page.py    _get_elements_by_css 445 try to get elements: view.search-box[text(contains("æŸ¥è¯¢ç§‘æ™®"))]
DEBUG 2022-05-13 16:10:27,567 connection.py send            183 SEND > {"id":"78970f97-2677-4fb2-a824-8a6dde1aa267","method":"Page.getElements","params":{"selector":"view.search-box[text(contains(\"\u67e5\u8be2\u79d1\u666e\"))]","pageId":6}}
DEBUG 2022-05-13 16:10:27,585 connection.py _on_message     232 RECV < {"id":"78970f97-2677-4fb2-a824-8a6dde1aa267","result":{"elements":[{"elementId":"fbf02787-c666-43f8-9a26-448c77f3d95c","tagName":"view"}]}}
INFO  2022-05-13 16:10:28,589 page.py    _get_elements_by_css 452 find elements success: [<minium.miniprogram.base_driver.element.BaseElement object at 0x0000020B6EB03AC0>]
DEBUG 2022-05-13 16:10:28,590 connection.py send            183 SEND > {"id":"54178015-29c7-43ad-ad3f-3d6ec8092cf7","method":"Element.getStyles","params":{"names":["pointer-events"],"elementId":"fbf02787-c666-43f8-9a26-448c77f3d95c","pageId":6}}
DEBUG 2022-05-13 16:10:28,593 connection.py _on_message     232 RECV < {"id":"54178015-29c7-43ad-ad3f-3d6ec8092cf7","result":{"styles":["auto"]}}
DEBUG 2022-05-13 16:10:28,594 connection.py send            183 SEND > {"id":"1950d750-3f32-45f1-8a31-a694136f2d50","method":"Element.tap","params":{"elementId":"fbf02787-c666-43f8-9a26-448c77f3d95c","pageId":6}}
DEBUG 2022-05-13 16:10:28,634 connection.py _on_message     232 RECV < {"id":"1950d750-3f32-45f1-8a31-a694136f2d50","result":{}}
DEBUG 2022-05-13 16:10:29,410 connection.py _on_message     232 RECV < {"method":"App.bindingCalled","params":{"name":"onAppRouteDone","args":[{"webviewId":7,"path":"package1/pages/classroom/search/index","query":{"searchType":"3"},"openType":"navigateTo","__ts__":1652429429375},1652429429375]}}
INFO  2022-05-13 16:10:29,411 app.py     _on_route_changed 451 Route changed, {'name': 'onAppRouteDone', 'args': [{'webviewId': 7, 'path': 'package1/pages/classroom/search/index', 'query': {'searchType': '3'}, 'openType': 'navigateTo', '__ts__': 1652429429375}, 1652429429375]}
DEBUG 2022-05-13 16:10:29,635 connection.py send            183 SEND > {"id":"e7f8754c-0f96-4626-9f4c-6ad6a9150a5d","method":"App.getCurrentPage","params":{}}
DEBUG 2022-05-13 16:10:29,638 connection.py _on_message     232 RECV < {"id":"e7f8754c-0f96-4626-9f4c-6ad6a9150a5d","result":{"pageId":7,"path":"package1/pages/classroom/search/index","query":{"searchType":"3"}}}
INFO  2022-05-13 16:10:29,639 page.py    _get_elements_by_css 445 try to get elements: input.search-box[text(contains("æœç´¢ç–¾ç—…/é—®é¢˜"))]
DEBUG 2022-05-13 16:10:29,639 connection.py send            183 SEND > {"id":"a4acce0e-6e5c-429c-8ebb-f418fb7868e7","method":"Page.getElements","params":{"selector":"input.search-box[text(contains(\"\u641c\u7d22\u75be\u75c5/\u95ee\u9898\"))]","pageId":7}}
DEBUG 2022-05-13 16:10:29,642 connection.py _on_message     232 RECV < {"id":"a4acce0e-6e5c-429c-8ebb-f418fb7868e7","result":{"elements":[{"elementId":"aeaa0cf3-44cf-4aff-aaeb-14dbd9fdb89d","tagName":"input"}]}}
INFO  2022-05-13 16:10:30,648 page.py    _get_elements_by_css 452 find elements success: [<minium.miniprogram.base_driver.element.FormElement object at 0x0000020B6EB02B30>]
DEBUG 2022-05-13 16:10:30,648 connection.py send            183 SEND > {"id":"6f862255-7b0a-425c-aba0-91df18c3cc44","method":"Element.callFunction","params":{"functionName":"input.input","args":["\u5fc3\u8840\u7ba1"],"elementId":"aeaa0cf3-44cf-4aff-aaeb-14dbd9fdb89d","pageId":7}}
DEBUG 2022-05-13 16:10:30,661 connection.py _on_message     232 RECV < {"id":"6f862255-7b0a-425c-aba0-91df18c3cc44","result":{}}
DEBUG 2022-05-13 16:10:30,662 connection.py send            183 SEND > {"id":"a436533f-a5ad-4732-8557-f7a375475dd9","method":"App.getCurrentPage","params":{}}
DEBUG 2022-05-13 16:10:30,665 connection.py _on_message     232 RECV < {"id":"a436533f-a5ad-4732-8557-f7a375475dd9","result":{"pageId":7,"path":"package1/pages/classroom/search/index","query":{"searchType":"3"}}}
INFO  2022-05-13 16:10:30,675 page.py    _get_elements_by_css 445 try to get elements: rich-text[text(contains("æµ‹è¯•æ‚£æ•™èµ„æ–™"))]
DEBUG 2022-05-13 16:10:30,676 connection.py send            183 SEND > {"id":"ef4554c4-b436-47a1-93a8-418ad8245c5d","method":"Page.getElements","params":{"selector":"rich-text[text(contains(\"\u6d4b\u8bd5\u60a3\u6559\u8d44\u6599\"))]","pageId":7}}
DEBUG 2022-05-13 16:10:30,679 connection.py _on_message     232 RECV < {"id":"ef4554c4-b436-47a1-93a8-418ad8245c5d","result":{"elements":[]}}
WARNI 2022-05-13 16:10:31,689 page.py    _get_elements_by_css 450 Could not found any element 'rich-text[text(contains("æµ‹è¯•æ‚£æ•™èµ„æ–™"))]' you need
INFO  2022-05-13 16:10:31,940 page.py    _get_elements_by_css 445 try to get elements: rich-text[text(contains("æµ‹è¯•æ‚£æ•™èµ„æ–™"))]
DEBUG 2022-05-13 16:10:31,942 connection.py send            183 SEND > {"id":"6e66411b-7c23-422e-816c-408caa462b19","method":"Page.getElements","params":{"selector":"rich-text[text(contains(\"\u6d4b\u8bd5\u60a3\u6559\u8d44\u6599\"))]","pageId":7}}
DEBUG 2022-05-13 16:10:31,944 connection.py _on_message     232 RECV < {"id":"6e66411b-7c23-422e-816c-408caa462b19","result":{"elements":[{"elementId":"b47f4027-e391-4840-a00b-f58fbf3364e9","tagName":"rich-text"},{"elementId":"c7cc16fb-0929-4deb-9e17-c55a8ddc5cfb","tagName":"rich-text"},{"elementId":"12d17e34-1f60-4e59-acef-65156d3cd384","tagName":"rich-text"}]}}
INFO  2022-05-13 16:10:32,952 page.py    _get_elements_by_css 452 find elements success: [<minium.miniprogram.base_driver.element.BaseElement object at 0x0000020B6EBA4280>, <minium.miniprogram.base_driver.element.BaseElement object at 0x0000020B6EBA4430>, <minium.miniprogram.base_driver.element.BaseElement object at 0x0000020B6EBA4160>]
DEBUG 2022-05-13 16:10:32,952 connection.py send            183 SEND > {"id":"f11c5c8d-3b3e-44f4-80d7-aed2b1066ca0","method":"App.getCurrentPage","params":{}}
DEBUG 2022-05-13 16:10:32,955 connection.py _on_message     232 RECV < {"id":"f11c5c8d-3b3e-44f4-80d7-aed2b1066ca0","result":{"pageId":7,"path":"package1/pages/classroom/search/index","query":{"searchType":"3"}}}
INFO  2022-05-13 16:10:32,956 page.py    _get_elements_by_css 445 try to get elements: rich-text[text(contains("æµ‹è¯•æ‚£æ•™èµ„æ–™"))]
DEBUG 2022-05-13 16:10:32,956 connection.py send            183 SEND > {"id":"016b4a58-407f-4e38-b489-65f8ab5d13bf","method":"Page.getElements","params":{"selector":"rich-text[text(contains(\"\u6d4b\u8bd5\u60a3\u6559\u8d44\u6599\"))]","pageId":7}}
DEBUG 2022-05-13 16:10:32,958 connection.py _on_message     232 RECV < {"id":"016b4a58-407f-4e38-b489-65f8ab5d13bf","result":{"elements":[{"elementId":"b47f4027-e391-4840-a00b-f58fbf3364e9","tagName":"rich-text"},{"elementId":"c7cc16fb-0929-4deb-9e17-c55a8ddc5cfb","tagName":"rich-text"},{"elementId":"12d17e34-1f60-4e59-acef-65156d3cd384","tagName":"rich-text"}]}}
INFO  2022-05-13 16:10:33,965 page.py    _get_elements_by_css 452 find elements success: [<minium.miniprogram.base_driver.element.BaseElement object at 0x0000020B6EBA43D0>, <minium.miniprogram.base_driver.element.BaseElement object at 0x0000020B6EBA41C0>, <minium.miniprogram.base_driver.element.BaseElement object at 0x0000020B6EBA40D0>]
DEBUG 2022-05-13 16:10:33,966 connection.py send            183 SEND > {"id":"ee2a4fea-2bf4-48fe-899d-e0f18d9cee77","method":"Element.getStyles","params":{"names":["pointer-events"],"elementId":"b47f4027-e391-4840-a00b-f58fbf3364e9","pageId":7}}
DEBUG 2022-05-13 16:10:33,969 connection.py _on_message     232 RECV < {"id":"ee2a4fea-2bf4-48fe-899d-e0f18d9cee77","result":{"styles":["auto"]}}
DEBUG 2022-05-13 16:10:33,970 connection.py send            183 SEND > {"id":"8b39f498-69f1-4799-8016-467cf4e1cf7b","method":"Element.tap","params":{"elementId":"b47f4027-e391-4840-a00b-f58fbf3364e9","pageId":7}}
DEBUG 2022-05-13 16:10:34,022 connection.py _on_message     232 RECV < {"id":"8b39f498-69f1-4799-8016-467cf4e1cf7b","result":{}}
DEBUG 2022-05-13 16:10:34,369 connection.py _on_message     232 RECV < {"method":"App.bindingCalled","params":{"name":"onAppRouteDone","args":[{"webviewId":8,"path":"package1/pages/classroom/detail/index","query":{"id":"80","type":"text"},"openType":"navigateTo","__ts__":1652429434341},1652429434341]}}
INFO  2022-05-13 16:10:34,370 app.py     _on_route_changed 451 Route changed, {'name': 'onAppRouteDone', 'args': [{'webviewId': 8, 'path': 'package1/pages/classroom/detail/index', 'query': {'id': '80', 'type': 'text'}, 'openType': 'navigateTo', '__ts__': 1652429434341}, 1652429434341]}
INFO  2022-05-13 16:10:35,034 app.py     relaunch        306 ReLaunch: /pages/home/home/index
DEBUG 2022-05-13 16:10:35,036 connection.py send            183 SEND > {"id":"7f18cff2-3203-4253-be4a-e4d3779bd65d","method":"App.callWxMethod","params":{"method":"reLaunch","args":[{"url":"/pages/home/home/index"}]}}
DEBUG 2022-05-13 16:10:35,066 connection.py _on_message     232 RECV < {"id":"7f18cff2-3203-4253-be4a-e4d3779bd65d","result":{"result":{"errMsg":"reLaunch:ok"}}}
DEBUG 2022-05-13 16:10:35,183 connection.py _on_message     232 RECV < {"method":"App.bindingCalled","params":{"name":"onAppRouteDone","args":[{"webviewId":9,"path":"pages/home/home/index","query":{},"openType":"reLaunch","__ts__":1652429435159},1652429435159]}}
INFO  2022-05-13 16:10:35,184 app.py     _on_route_changed 451 Route changed, {'name': 'onAppRouteDone', 'args': [{'webviewId': 9, 'path': 'pages/home/home/index', 'query': {}, 'openType': 'reLaunch', '__ts__': 1652429435159}, 1652429435159]}
DEBUG 2022-05-13 16:10:35,184 minitest.py _miniTearDown   512 =========Current case Downï¼šget_all_pages_path=========
INFO  2022-05-13 16:10:35,185 minitest.py capture         548 capture teardown.png
DEBUG 2022-05-13 16:10:35,186 connection.py send            183 SEND > {"id":"78259ae2-f360-4a5d-a837-df3dde395fda","method":"App.captureScreenshot","params":{}}
DEBUG 2022-05-13 16:10:35,373 connection.py _on_message     230 RECV < {"id":"78259ae2-f360-4a5d-a837-df3dde395fda","result":{"data":"iVBORw0KGgoAAAANSUhEUgAAA6oAAAZFCAIAAACvNLm5AAAAAXNSR0IArs4c6QAAIABJREFUeJzsvVmTJUd2JnaOe6x3vzfXytqrAFQVUOgG0GgA3U32ylWc5mK0IedBsjFSpnmQ6UF/QDavMpPM9DwmSmMmm+F0N4cjDmeapNgbGo0G2GhsjbXWrCUrs3K/e6zufvQQy703K6uQWahC3szyg8LJ73q4n/Dw8PD44sQJd/zcj/49AAAAIhKRxhprrLHGGmusscYaH2DMZ/7lHwMAIEC6SWONNdZYY4011lhjjQ8sZgCAiECAiBprrLHGGmusscYaa3ywMUNEItJaa6211lprrbXWWutHQbM9r4HWWmuttdZaa6211lp/Zho//+O/JCAEBAAA0FhjjTXWWGONNdZY4wOMGREhIBEBgMYaa6yxxhprrLHGGh9sjJ...
DEBUG 2022-05-13 16:10:35,375 connection.py send            183 SEND > {"id":"27ae4b4c-ae3f-44e0-addc-5641f5427ab9","method":"App.getCurrentPage","params":{}}
DEBUG 2022-05-13 16:10:35,376 connection.py _on_message     232 RECV < {"id":"27ae4b4c-ae3f-44e0-addc-5641f5427ab9","result":{"pageId":9,"path":"pages/home/home/index","query":{}}}
DEBUG 2022-05-13 16:10:35,377 connection.py send            183 SEND > {"id":"683eba93-fd53-41ff-9ff3-710e7c721ec1","method":"Page.getData","params":{"pageId":9}}
DEBUG 2022-05-13 16:10:35,379 connection.py _on_message     230 RECV < {"id":"683eba93-fd53-41ff-9ff3-710e7c721ec1","result":{"data":{"isFirstEnter":0,"showStartPage":"1","hisId":45,"hisDet":{"appointmentCodeUrl":"https://ustatic.med.gzhc365.com/fss/publicfile/70f794fc23c8b4e348e638cd262175aa0993a503068289b2ed2448231fa84e7b.png","appointmentUrl":"","area":"é’ç§€åŒº","attribute":"åŒ»è”ä½“ä¸»ä½“å•ä½","city":"å—å®å¸‚","contactName":"æµ‹è¯•","coordinateType":"BD09","createTime":"2020-11-14 21:22:22","customerServiceSupport":1,"detailedAddress":"æ¡ƒæºè·¯6å·","email":"386030556@qq.com","hisId":"45","hisLevel"...
