DEBUG 2022-05-13 15:47:57,301 minitest.py _miniSetUp      286 =========Current caseï¼šget_all_pages_path=========
INFO  2022-05-13 15:47:57,303 app.py     relaunch        306 ReLaunch: /pages/home/home/index
DEBUG 2022-05-13 15:47:57,303 connection.py send            183 SEND > {"id":"9cb0fae5-2251-4913-af65-2612693f1e2e","method":"App.callWxMethod","params":{"method":"reLaunch","args":[{"url":"/pages/home/home/index"}]}}
DEBUG 2022-05-13 15:47:57,319 connection.py _on_message     232 RECV < {"id":"9cb0fae5-2251-4913-af65-2612693f1e2e","result":{"result":{"errMsg":"reLaunch:ok"}}}
DEBUG 2022-05-13 15:47:57,593 connection.py _on_message     232 RECV < {"method":"App.bindingCalled","params":{"name":"onAppRouteDone","args":[{"webviewId":6,"path":"pages/home/home/index","query":{},"openType":"reLaunch","__ts__":1652428077560},1652428077560]}}
INFO  2022-05-13 15:47:57,594 app.py     _on_route_changed 451 Route changed, {'name': 'onAppRouteDone', 'args': [{'webviewId': 6, 'path': 'pages/home/home/index', 'query': {}, 'openType': 'reLaunch', '__ts__': 1652428077560}, 1652428077560]}
INFO  2022-05-13 15:47:57,595 minitest.py capture         548 capture setup.png
DEBUG 2022-05-13 15:47:57,595 connection.py send            183 SEND > {"id":"05836f0f-2f87-4d39-9284-d2d70f7609f0","method":"App.captureScreenshot","params":{}}
DEBUG 2022-05-13 15:48:06,184 connection.py _on_message     230 RECV < {"id":"05836f0f-2f87-4d39-9284-d2d70f7609f0","result":{"data":"iVBORw0KGgoAAAANSUhEUgAAA6oAAAZFCAIAAACvNLm5AAAAAXNSR0IArs4c6QAAIABJREFUeJzsvemzJcd1H3hOZq13X97eOxpLN9AgARAEuEhcJUsamVpCY8kfZsIjTYw/TMyH+Qcm/HUiZiLms2PsccSELZOU5ZFla7FIkCAIgiSIHWig9+3t691rzzzzoZZb9/XrxnuN1/3u686Dxnl5s7J+lXUqK+tXp05m4ude+XcAAACISET7m1bIClkhK2SFrJAVskJWyAp5rJD59D/7IwAABMiK7WNaIStkhayQFbJCVsgKWSEr5HFCZgCAiECAiPclrZAVskJWyApZIStkhayQFfLYIDNEJCKllVZaaaWVVlpppZV+FDQ78BoorbTSSiuttNJKK630A9P4+R/9OQFhEhwB+5tWyApZIStkhayQFbJCVsgKeayQGR...
INFO  2022-05-13 15:48:06,187 app.py     redirect_to     288 RedirectTo: /pages/home/home/index
DEBUG 2022-05-13 15:48:06,188 connection.py send            183 SEND > {"id":"7caadc47-635c-44cc-bcd0-8c2836bcbc33","method":"App.callWxMethod","params":{"method":"redirectTo","args":[{"url":"/pages/home/home/index"}]}}
DEBUG 2022-05-13 15:48:06,255 connection.py _on_message     232 RECV < {"id":"7caadc47-635c-44cc-bcd0-8c2836bcbc33","result":{"result":{"errMsg":"redirectTo:ok"}}}
DEBUG 2022-05-13 15:48:06,387 connection.py _on_message     232 RECV < {"method":"App.bindingCalled","params":{"name":"onAppRouteDone","args":[{"webviewId":7,"path":"pages/home/home/index","query":{},"openType":"redirectTo","__ts__":1652428086352},1652428086353]}}
INFO  2022-05-13 15:48:06,388 app.py     _on_route_changed 451 Route changed, {'name': 'onAppRouteDone', 'args': [{'webviewId': 7, 'path': 'pages/home/home/index', 'query': {}, 'openType': 'redirectTo', '__ts__': 1652428086352}, 1652428086353]}
DEBUG 2022-05-13 15:48:06,388 connection.py send            183 SEND > {"id":"614a3bf9-dcf7-47bf-93df-91501cd90cce","method":"App.getCurrentPage","params":{}}
DEBUG 2022-05-13 15:48:06,395 connection.py _on_message     232 RECV < {"id":"614a3bf9-dcf7-47bf-93df-91501cd90cce","result":{"pageId":7,"path":"pages/home/home/index","query":{}}}
INFO  2022-05-13 15:48:06,395 page.py    _get_elements_by_css 445 try to get elements: view.search-box[text(contains("æŸ¥è¯¢ç§‘æ™®"))]
DEBUG 2022-05-13 15:48:06,396 connection.py send            183 SEND > {"id":"deedfcb5-5856-48ac-9601-679d2d78e5e5","method":"Page.getElements","params":{"selector":"view.search-box[text(contains(\"\u67e5\u8be2\u79d1\u666e\"))]","pageId":7}}
DEBUG 2022-05-13 15:48:06,422 connection.py _on_message     232 RECV < {"id":"deedfcb5-5856-48ac-9601-679d2d78e5e5","result":{"elements":[{"elementId":"afe68949-4181-4709-a59f-eec6afbcaef3","tagName":"view"}]}}
INFO  2022-05-13 15:48:07,426 page.py    _get_elements_by_css 452 find elements success: [<minium.miniprogram.base_driver.element.BaseElement object at 0x0000014502EE7AC0>]
DEBUG 2022-05-13 15:48:07,426 connection.py send            183 SEND > {"id":"f070132b-b15a-4afa-bb05-c268be71c4cb","method":"Element.getStyles","params":{"names":["pointer-events"],"elementId":"afe68949-4181-4709-a59f-eec6afbcaef3","pageId":7}}
DEBUG 2022-05-13 15:48:07,430 connection.py _on_message     232 RECV < {"id":"f070132b-b15a-4afa-bb05-c268be71c4cb","result":{"styles":["auto"]}}
DEBUG 2022-05-13 15:48:07,430 connection.py send            183 SEND > {"id":"612ae820-8e77-4529-b019-c0d2942f4f13","method":"Element.tap","params":{"elementId":"afe68949-4181-4709-a59f-eec6afbcaef3","pageId":7}}
DEBUG 2022-05-13 15:48:07,468 connection.py _on_message     232 RECV < {"id":"612ae820-8e77-4529-b019-c0d2942f4f13","result":{}}
DEBUG 2022-05-13 15:48:08,380 connection.py _on_message     232 RECV < {"method":"App.bindingCalled","params":{"name":"onAppRouteDone","args":[{"webviewId":8,"path":"package1/pages/classroom/search/index","query":{"searchType":"3"},"openType":"navigateTo","__ts__":1652428088351},1652428088351]}}
INFO  2022-05-13 15:48:08,381 app.py     _on_route_changed 451 Route changed, {'name': 'onAppRouteDone', 'args': [{'webviewId': 8, 'path': 'package1/pages/classroom/search/index', 'query': {'searchType': '3'}, 'openType': 'navigateTo', '__ts__': 1652428088351}, 1652428088351]}
DEBUG 2022-05-13 15:48:08,481 connection.py send            183 SEND > {"id":"9dfdfaa5-8ae7-4a59-baaf-33b9a362079c","method":"App.getCurrentPage","params":{}}
DEBUG 2022-05-13 15:48:08,485 connection.py _on_message     232 RECV < {"id":"9dfdfaa5-8ae7-4a59-baaf-33b9a362079c","result":{"pageId":8,"path":"package1/pages/classroom/search/index","query":{"searchType":"3"}}}
INFO  2022-05-13 15:48:08,485 page.py    _get_elements_by_css 445 try to get elements: input.search-box[text(contains("æœç´¢ç–¾ç—…/é—®é¢˜"))]
DEBUG 2022-05-13 15:48:08,486 connection.py send            183 SEND > {"id":"5e92f389-3f4c-4a78-83f5-0680e97e4187","method":"Page.getElements","params":{"selector":"input.search-box[text(contains(\"\u641c\u7d22\u75be\u75c5/\u95ee\u9898\"))]","pageId":8}}
DEBUG 2022-05-13 15:48:08,519 connection.py _on_message     232 RECV < {"id":"5e92f389-3f4c-4a78-83f5-0680e97e4187","result":{"elements":[{"elementId":"9474a7d3-78ec-40eb-9c2f-551fea938e1a","tagName":"input"}]}}
INFO  2022-05-13 15:48:09,523 page.py    _get_elements_by_css 452 find elements success: [<minium.miniprogram.base_driver.element.FormElement object at 0x0000014502EE62C0>]
DEBUG 2022-05-13 15:48:09,524 connection.py send            183 SEND > {"id":"e1448d96-b8b2-4c0e-9a73-e36870bb54f5","method":"Element.callFunction","params":{"functionName":"input.input","args":["\u5fc3\u8840\u7ba1"],"elementId":"9474a7d3-78ec-40eb-9c2f-551fea938e1a","pageId":8}}
DEBUG 2022-05-13 15:48:09,536 connection.py _on_message     232 RECV < {"id":"e1448d96-b8b2-4c0e-9a73-e36870bb54f5","result":{}}
DEBUG 2022-05-13 15:48:09,537 connection.py send            183 SEND > {"id":"4c92cc67-63e5-444c-98c8-24396c605a9f","method":"App.getCurrentPage","params":{}}
DEBUG 2022-05-13 15:48:09,539 connection.py _on_message     232 RECV < {"id":"4c92cc67-63e5-444c-98c8-24396c605a9f","result":{"pageId":8,"path":"package1/pages/classroom/search/index","query":{"searchType":"3"}}}
INFO  2022-05-13 15:48:09,541 page.py    _get_elements_by_css 445 try to get elements: rich-text[text(contains("æµ‹è¯•æ‚£æ•™èµ„æ–™"))]
DEBUG 2022-05-13 15:48:09,541 connection.py send            183 SEND > {"id":"1ee8b0af-b22d-467c-a0d7-78c51a5ba50b","method":"Page.getElements","params":{"selector":"rich-text[text(contains(\"\u6d4b\u8bd5\u60a3\u6559\u8d44\u6599\"))]","pageId":8}}
DEBUG 2022-05-13 15:48:09,543 connection.py _on_message     232 RECV < {"id":"1ee8b0af-b22d-467c-a0d7-78c51a5ba50b","result":{"elements":[]}}
WARNI 2022-05-13 15:48:10,550 page.py    _get_elements_by_css 450 Could not found any element 'rich-text[text(contains("æµ‹è¯•æ‚£æ•™èµ„æ–™"))]' you need
INFO  2022-05-13 15:48:10,814 page.py    _get_elements_by_css 445 try to get elements: rich-text[text(contains("æµ‹è¯•æ‚£æ•™èµ„æ–™"))]
DEBUG 2022-05-13 15:48:10,825 connection.py send            183 SEND > {"id":"edb779fb-f675-433b-963c-a027dda2d422","method":"Page.getElements","params":{"selector":"rich-text[text(contains(\"\u6d4b\u8bd5\u60a3\u6559\u8d44\u6599\"))]","pageId":8}}
DEBUG 2022-05-13 15:48:10,828 connection.py _on_message     232 RECV < {"id":"edb779fb-f675-433b-963c-a027dda2d422","result":{"elements":[{"elementId":"b54d0259-0939-45f7-92e3-be4d118474eb","tagName":"rich-text"},{"elementId":"a6649ea8-f037-4257-bfdb-c41f328859d4","tagName":"rich-text"},{"elementId":"362c7b3e-ea55-4a61-99b6-ca7e373237b1","tagName":"rich-text"}]}}
INFO  2022-05-13 15:48:11,840 page.py    _get_elements_by_css 452 find elements success: [<minium.miniprogram.base_driver.element.BaseElement object at 0x0000014502F84160>, <minium.miniprogram.base_driver.element.BaseElement object at 0x0000014502F84250>, <minium.miniprogram.base_driver.element.BaseElement object at 0x0000014502F84070>]
DEBUG 2022-05-13 15:48:11,841 connection.py send            183 SEND > {"id":"6f3a4da7-d912-46e6-8382-c03c4ae61354","method":"App.getCurrentPage","params":{}}
DEBUG 2022-05-13 15:48:11,843 connection.py _on_message     232 RECV < {"id":"6f3a4da7-d912-46e6-8382-c03c4ae61354","result":{"pageId":8,"path":"package1/pages/classroom/search/index","query":{"searchType":"3"}}}
INFO  2022-05-13 15:48:11,844 page.py    _get_elements_by_css 445 try to get elements: rich-text[text(contains("æµ‹è¯•æ‚£æ•™èµ„æ–™"))]
DEBUG 2022-05-13 15:48:11,844 connection.py send            183 SEND > {"id":"e763b9b5-ebe5-4dd0-a196-d9fd4afd63c6","method":"Page.getElements","params":{"selector":"rich-text[text(contains(\"\u6d4b\u8bd5\u60a3\u6559\u8d44\u6599\"))]","pageId":8}}
DEBUG 2022-05-13 15:48:11,846 connection.py _on_message     232 RECV < {"id":"e763b9b5-ebe5-4dd0-a196-d9fd4afd63c6","result":{"elements":[{"elementId":"b54d0259-0939-45f7-92e3-be4d118474eb","tagName":"rich-text"},{"elementId":"a6649ea8-f037-4257-bfdb-c41f328859d4","tagName":"rich-text"},{"elementId":"362c7b3e-ea55-4a61-99b6-ca7e373237b1","tagName":"rich-text"}]}}
INFO  2022-05-13 15:48:12,850 page.py    _get_elements_by_css 452 find elements success: [<minium.miniprogram.base_driver.element.BaseElement object at 0x0000014502F84310>, <minium.miniprogram.base_driver.element.BaseElement object at 0x0000014502F840A0>, <minium.miniprogram.base_driver.element.BaseElement object at 0x0000014502F843D0>]
DEBUG 2022-05-13 15:48:12,851 connection.py send            183 SEND > {"id":"e2864e6f-8ce9-4b6f-9552-7f2f5bf53a09","method":"Element.getStyles","params":{"names":["pointer-events"],"elementId":"b54d0259-0939-45f7-92e3-be4d118474eb","pageId":8}}
DEBUG 2022-05-13 15:48:12,854 connection.py _on_message     232 RECV < {"id":"e2864e6f-8ce9-4b6f-9552-7f2f5bf53a09","result":{"styles":["auto"]}}
DEBUG 2022-05-13 15:48:12,855 connection.py send            183 SEND > {"id":"9eabc279-9055-47c4-a75b-791721a72bae","method":"Element.tap","params":{"elementId":"b54d0259-0939-45f7-92e3-be4d118474eb","pageId":8}}
DEBUG 2022-05-13 15:48:12,931 connection.py _on_message     232 RECV < {"id":"9eabc279-9055-47c4-a75b-791721a72bae","result":{}}
DEBUG 2022-05-13 15:48:13,294 connection.py _on_message     232 RECV < {"method":"App.bindingCalled","params":{"name":"onAppRouteDone","args":[{"webviewId":9,"path":"package1/pages/classroom/detail/index","query":{"id":"80","type":"text"},"openType":"navigateTo","__ts__":1652428093266},1652428093266]}}
INFO  2022-05-13 15:48:13,294 app.py     _on_route_changed 451 Route changed, {'name': 'onAppRouteDone', 'args': [{'webviewId': 9, 'path': 'package1/pages/classroom/detail/index', 'query': {'id': '80', 'type': 'text'}, 'openType': 'navigateTo', '__ts__': 1652428093266}, 1652428093266]}
INFO  2022-05-13 15:48:13,938 app.py     relaunch        306 ReLaunch: /pages/home/home/index
DEBUG 2022-05-13 15:48:13,940 connection.py send            183 SEND > {"id":"7296f345-f9c6-4d78-ac9b-1019369fc19b","method":"App.callWxMethod","params":{"method":"reLaunch","args":[{"url":"/pages/home/home/index"}]}}
DEBUG 2022-05-13 15:48:13,971 connection.py _on_message     232 RECV < {"id":"7296f345-f9c6-4d78-ac9b-1019369fc19b","result":{"result":{"errMsg":"reLaunch:ok"}}}
DEBUG 2022-05-13 15:48:14,086 connection.py _on_message     232 RECV < {"method":"App.bindingCalled","params":{"name":"onAppRouteDone","args":[{"webviewId":10,"path":"pages/home/home/index","query":{},"openType":"reLaunch","__ts__":1652428094060},1652428094061]}}
INFO  2022-05-13 15:48:14,086 app.py     _on_route_changed 451 Route changed, {'name': 'onAppRouteDone', 'args': [{'webviewId': 10, 'path': 'pages/home/home/index', 'query': {}, 'openType': 'reLaunch', '__ts__': 1652428094060}, 1652428094061]}
DEBUG 2022-05-13 15:48:14,087 minitest.py _miniTearDown   512 =========Current case Downï¼šget_all_pages_path=========
INFO  2022-05-13 15:48:14,088 minitest.py capture         548 capture teardown.png
DEBUG 2022-05-13 15:48:14,088 connection.py send            183 SEND > {"id":"5310ecd0-e4fe-4423-bfc5-9e10cedb4a45","method":"App.captureScreenshot","params":{}}
DEBUG 2022-05-13 15:48:14,282 connection.py _on_message     230 RECV < {"id":"5310ecd0-e4fe-4423-bfc5-9e10cedb4a45","result":{"data":"iVBORw0KGgoAAAANSUhEUgAAA6oAAAZFCAIAAACvNLm5AAAAAXNSR0IArs4c6QAAIABJREFUeJzsvVmTJUd2JnaOe6x3vzfXytqrAFQVUOgG0GgA3U32ylWc5mK0IedBsjFSpnmQ6UF/QDavMpPM9DwmSmMmm+F0N4cjDmeapNgbGo0G2GhsjbXWrCUrs3K/e6zufvQQy703K6uQWahC3szyg8LJ73q4n/Dw8PD44sQJd/zcj/49AAAAIhKRxhprrLHGGmusscYaH2DMZ/7lHwMAIEC6SWONNdZYY4011lhjjQ8sZgCAiECAiBprrLHGGmusscYaa3ywMUNEItJaa6211lprrbXWWutHQbM9r4HWWmuttdZaa6211lp/Zho//+O/JCAEBAAA0FhjjTXWWGONNdZY4wOMGREhIBEBgMYaa6yxxhprrLHGGh9sjJ...
DEBUG 2022-05-13 15:48:14,284 connection.py send            183 SEND > {"id":"42498cff-5914-415a-b571-2282c673d65f","method":"App.getCurrentPage","params":{}}
DEBUG 2022-05-13 15:48:14,285 connection.py _on_message     232 RECV < {"id":"42498cff-5914-415a-b571-2282c673d65f","result":{"pageId":10,"path":"pages/home/home/index","query":{}}}
DEBUG 2022-05-13 15:48:14,286 connection.py send            183 SEND > {"id":"2a60554a-4497-46fb-93ac-43d3d6e7f88c","method":"Page.getData","params":{"pageId":10}}
DEBUG 2022-05-13 15:48:14,289 connection.py _on_message     230 RECV < {"id":"2a60554a-4497-46fb-93ac-43d3d6e7f88c","result":{"data":{"isFirstEnter":0,"showStartPage":"1","hisId":45,"hisDet":{"appointmentCodeUrl":"https://ustatic.med.gzhc365.com/fss/publicfile/70f794fc23c8b4e348e638cd262175aa0993a503068289b2ed2448231fa84e7b.png","appointmentUrl":"","area":"é’ç§€åŒº","attribute":"åŒ»è”ä½“ä¸»ä½“å•ä½","city":"å—å®å¸‚","contactName":"æµ‹è¯•","coordinateType":"BD09","createTime":"2020-11-14 21:22:22","customerServiceSupport":1,"detailedAddress":"æ¡ƒæºè·¯6å·","email":"386030556@qq.com","hisId":"45","hisLevel"...
