DEBUG 2022-05-13 15:52:09,746 minitest.py _miniSetUp      286 =========Current caseï¼šget_all_pages_path=========
INFO  2022-05-13 15:52:09,747 app.py     relaunch        306 ReLaunch: /pages/home/home/index
DEBUG 2022-05-13 15:52:09,747 connection.py send            183 SEND > {"id":"82576427-bddf-40e6-8b4f-b7600f7cdd32","method":"App.callWxMethod","params":{"method":"reLaunch","args":[{"url":"/pages/home/home/index"}]}}
DEBUG 2022-05-13 15:52:09,773 connection.py _on_message     232 RECV < {"id":"82576427-bddf-40e6-8b4f-b7600f7cdd32","result":{"result":{"errMsg":"reLaunch:ok"}}}
DEBUG 2022-05-13 15:52:10,465 connection.py _on_message     232 RECV < {"method":"App.bindingCalled","params":{"name":"onAppRouteDone","args":[{"webviewId":12,"path":"pages/home/home/index","query":{},"openType":"reLaunch","__ts__":1652428330454},1652428330454]}}
INFO  2022-05-13 15:52:10,466 app.py     _on_route_changed 451 Route changed, {'name': 'onAppRouteDone', 'args': [{'webviewId': 12, 'path': 'pages/home/home/index', 'query': {}, 'openType': 'reLaunch', '__ts__': 1652428330454}, 1652428330454]}
INFO  2022-05-13 15:52:10,468 minitest.py capture         548 capture setup.png
DEBUG 2022-05-13 15:52:10,468 connection.py send            183 SEND > {"id":"c81c1abb-d760-4e34-bfb4-679e9e2340ae","method":"App.captureScreenshot","params":{}}
DEBUG 2022-05-13 15:52:10,667 connection.py _on_message     230 RECV < {"id":"c81c1abb-d760-4e34-bfb4-679e9e2340ae","result":{"data":"iVBORw0KGgoAAAANSUhEUgAAA6oAAAZFCAIAAACvNLm5AAAAAXNSR0IArs4c6QAAIABJREFUeJzsvXmTJEd2H/iee5x5Z9Zd3Y0+gMbRaAxOzilyDlI07UokJaNM2j/WTCbuf/sd9hPsfoOVrczWtCRnKNruiktKxuEcxAw5JAYYYHA2Gn2fVV1H3nG6+9s/PCIyMiuruwqDQRe6/Vn1619EeDz38HQP/8WLF+74pR/8XwAAAIhIRAYbbLDBBhtssMEGG/wIY77y7/4QAAABskMGG2ywwQYbbLDBBhv8yGIGAIgIBIhosMEGG2ywwQYbbLDBjzZmiEhERhtttNFGG2200UYb/Tho9tBLYLTRRhtttNFGG2200Z+bxhd/+McEhIAAAAAGG2ywwQYbbLDBBhv8CGNGRAhIRABgsMEGG2ywwQYbbLDBjzbGF3/4x2...
INFO  2022-05-13 15:52:10,669 app.py     redirect_to     288 RedirectTo: /pages/home/home/index
DEBUG 2022-05-13 15:52:10,669 connection.py send            183 SEND > {"id":"2aae15a3-2868-4c08-a9b0-6015bf70a744","method":"App.callWxMethod","params":{"method":"redirectTo","args":[{"url":"/pages/home/home/index"}]}}
DEBUG 2022-05-13 15:52:10,700 connection.py _on_message     232 RECV < {"id":"2aae15a3-2868-4c08-a9b0-6015bf70a744","result":{"result":{"errMsg":"redirectTo:ok"}}}
DEBUG 2022-05-13 15:52:10,827 connection.py _on_message     232 RECV < {"method":"App.bindingCalled","params":{"name":"onAppRouteDone","args":[{"webviewId":13,"path":"pages/home/home/index","query":{},"openType":"redirectTo","__ts__":1652428330798},1652428330799]}}
INFO  2022-05-13 15:52:10,828 app.py     _on_route_changed 451 Route changed, {'name': 'onAppRouteDone', 'args': [{'webviewId': 13, 'path': 'pages/home/home/index', 'query': {}, 'openType': 'redirectTo', '__ts__': 1652428330798}, 1652428330799]}
DEBUG 2022-05-13 15:52:10,828 connection.py send            183 SEND > {"id":"0b754a52-5e6c-4cd9-b64f-b6dc2371560a","method":"App.getCurrentPage","params":{}}
DEBUG 2022-05-13 15:52:10,839 connection.py _on_message     232 RECV < {"id":"0b754a52-5e6c-4cd9-b64f-b6dc2371560a","result":{"pageId":13,"path":"pages/home/home/index","query":{}}}
INFO  2022-05-13 15:52:10,841 page.py    _get_elements_by_css 445 try to get elements: view.search-box[text(contains("æŸ¥è¯¢ç§‘æ™®"))]
DEBUG 2022-05-13 15:52:10,841 connection.py send            183 SEND > {"id":"0de28dbf-b456-4b15-8aae-59e1760c0315","method":"Page.getElements","params":{"selector":"view.search-box[text(contains(\"\u67e5\u8be2\u79d1\u666e\"))]","pageId":13}}
DEBUG 2022-05-13 15:52:10,851 connection.py _on_message     232 RECV < {"id":"0de28dbf-b456-4b15-8aae-59e1760c0315","result":{"elements":[{"elementId":"7734b51c-8b80-4ee8-af95-526cb8e0d41b","tagName":"view"}]}}
INFO  2022-05-13 15:52:11,856 page.py    _get_elements_by_css 452 find elements success: [<minium.miniprogram.base_driver.element.BaseElement object at 0x000002EE63E66AD0>]
DEBUG 2022-05-13 15:52:11,857 connection.py send            183 SEND > {"id":"d2404611-cf97-41c7-bd44-df57abc5e762","method":"Element.getStyles","params":{"names":["pointer-events"],"elementId":"7734b51c-8b80-4ee8-af95-526cb8e0d41b","pageId":13}}
DEBUG 2022-05-13 15:52:11,861 connection.py _on_message     232 RECV < {"id":"d2404611-cf97-41c7-bd44-df57abc5e762","result":{"styles":["auto"]}}
DEBUG 2022-05-13 15:52:11,862 connection.py send            183 SEND > {"id":"ba5fd066-8f41-45cb-b3ed-b3e65f055101","method":"Element.tap","params":{"elementId":"7734b51c-8b80-4ee8-af95-526cb8e0d41b","pageId":13}}
DEBUG 2022-05-13 15:52:11,926 connection.py _on_message     232 RECV < {"id":"ba5fd066-8f41-45cb-b3ed-b3e65f055101","result":{}}
DEBUG 2022-05-13 15:52:12,273 connection.py _on_message     232 RECV < {"method":"App.bindingCalled","params":{"name":"onAppRouteDone","args":[{"webviewId":14,"path":"package1/pages/classroom/search/index","query":{"searchType":"3"},"openType":"navigateTo","__ts__":1652428332244},1652428332244]}}
INFO  2022-05-13 15:52:12,274 app.py     _on_route_changed 451 Route changed, {'name': 'onAppRouteDone', 'args': [{'webviewId': 14, 'path': 'package1/pages/classroom/search/index', 'query': {'searchType': '3'}, 'openType': 'navigateTo', '__ts__': 1652428332244}, 1652428332244]}
DEBUG 2022-05-13 15:52:12,933 connection.py send            183 SEND > {"id":"fdf497b7-0e4f-4487-9a51-fb63364955f3","method":"App.getCurrentPage","params":{}}
DEBUG 2022-05-13 15:52:12,936 connection.py _on_message     232 RECV < {"id":"fdf497b7-0e4f-4487-9a51-fb63364955f3","result":{"pageId":14,"path":"package1/pages/classroom/search/index","query":{"searchType":"3"}}}
INFO  2022-05-13 15:52:12,937 page.py    _get_elements_by_css 445 try to get elements: input.search-box[text(contains("æœç´¢ç–¾ç—…/é—®é¢˜"))]
DEBUG 2022-05-13 15:52:12,937 connection.py send            183 SEND > {"id":"4552ffc2-b6d1-4742-9bb5-f998b62458e5","method":"Page.getElements","params":{"selector":"input.search-box[text(contains(\"\u641c\u7d22\u75be\u75c5/\u95ee\u9898\"))]","pageId":14}}
DEBUG 2022-05-13 15:52:12,939 connection.py _on_message     232 RECV < {"id":"4552ffc2-b6d1-4742-9bb5-f998b62458e5","result":{"elements":[{"elementId":"b1fbbce8-0812-49df-a8b6-c4b386260b54","tagName":"input"}]}}
INFO  2022-05-13 15:52:13,946 page.py    _get_elements_by_css 452 find elements success: [<minium.miniprogram.base_driver.element.FormElement object at 0x000002EE63E679A0>]
DEBUG 2022-05-13 15:52:13,947 connection.py send            183 SEND > {"id":"547a6b75-0854-4743-8005-da7425e75aa7","method":"Element.callFunction","params":{"functionName":"input.input","args":["\u5fc3\u8840\u7ba1"],"elementId":"b1fbbce8-0812-49df-a8b6-c4b386260b54","pageId":14}}
DEBUG 2022-05-13 15:52:13,958 connection.py _on_message     232 RECV < {"id":"547a6b75-0854-4743-8005-da7425e75aa7","result":{}}
DEBUG 2022-05-13 15:52:13,959 connection.py send            183 SEND > {"id":"b1c02ab8-1c7e-4683-9532-986ab4ca2e07","method":"App.getCurrentPage","params":{}}
DEBUG 2022-05-13 15:52:13,962 connection.py _on_message     232 RECV < {"id":"b1c02ab8-1c7e-4683-9532-986ab4ca2e07","result":{"pageId":14,"path":"package1/pages/classroom/search/index","query":{"searchType":"3"}}}
INFO  2022-05-13 15:52:13,963 page.py    _get_elements_by_css 445 try to get elements: rich-text[text(contains("æµ‹è¯•æ‚£æ•™èµ„æ–™"))]
DEBUG 2022-05-13 15:52:13,963 connection.py send            183 SEND > {"id":"797a094f-9b1c-4e91-a196-d811f7b5a6bd","method":"Page.getElements","params":{"selector":"rich-text[text(contains(\"\u6d4b\u8bd5\u60a3\u6559\u8d44\u6599\"))]","pageId":14}}
DEBUG 2022-05-13 15:52:13,965 connection.py _on_message     232 RECV < {"id":"797a094f-9b1c-4e91-a196-d811f7b5a6bd","result":{"elements":[]}}
WARNI 2022-05-13 15:52:14,973 page.py    _get_elements_by_css 450 Could not found any element 'rich-text[text(contains("æµ‹è¯•æ‚£æ•™èµ„æ–™"))]' you need
INFO  2022-05-13 15:52:15,236 page.py    _get_elements_by_css 445 try to get elements: rich-text[text(contains("æµ‹è¯•æ‚£æ•™èµ„æ–™"))]
DEBUG 2022-05-13 15:52:15,236 connection.py send            183 SEND > {"id":"8c6b16f8-95fc-4ace-8631-3687f745ab99","method":"Page.getElements","params":{"selector":"rich-text[text(contains(\"\u6d4b\u8bd5\u60a3\u6559\u8d44\u6599\"))]","pageId":14}}
DEBUG 2022-05-13 15:52:15,241 connection.py _on_message     232 RECV < {"id":"8c6b16f8-95fc-4ace-8631-3687f745ab99","result":{"elements":[{"elementId":"2206db83-83e2-40bc-9739-811e3320a2cf","tagName":"rich-text"},{"elementId":"03bd181b-0f20-4789-956e-d63af0da14e6","tagName":"rich-text"},{"elementId":"7bcf9644-26df-4710-8dc1-ebda59a6a407","tagName":"rich-text"}]}}
INFO  2022-05-13 15:52:16,245 page.py    _get_elements_by_css 452 find elements success: [<minium.miniprogram.base_driver.element.BaseElement object at 0x000002EE63F0C310>, <minium.miniprogram.base_driver.element.BaseElement object at 0x000002EE63F0C0D0>, <minium.miniprogram.base_driver.element.BaseElement object at 0x000002EE63F0C0A0>]
DEBUG 2022-05-13 15:52:16,245 connection.py send            183 SEND > {"id":"904c86c7-9d95-40c3-a844-047ea1e0987e","method":"App.getCurrentPage","params":{}}
DEBUG 2022-05-13 15:52:16,248 connection.py _on_message     232 RECV < {"id":"904c86c7-9d95-40c3-a844-047ea1e0987e","result":{"pageId":14,"path":"package1/pages/classroom/search/index","query":{"searchType":"3"}}}
INFO  2022-05-13 15:52:16,249 page.py    _get_elements_by_css 445 try to get elements: rich-text[text(contains("æµ‹è¯•æ‚£æ•™èµ„æ–™"))]
DEBUG 2022-05-13 15:52:16,249 connection.py send            183 SEND > {"id":"e9572dd6-23f0-4655-8bae-9fae837a8c18","method":"Page.getElements","params":{"selector":"rich-text[text(contains(\"\u6d4b\u8bd5\u60a3\u6559\u8d44\u6599\"))]","pageId":14}}
DEBUG 2022-05-13 15:52:16,251 connection.py _on_message     232 RECV < {"id":"e9572dd6-23f0-4655-8bae-9fae837a8c18","result":{"elements":[{"elementId":"2206db83-83e2-40bc-9739-811e3320a2cf","tagName":"rich-text"},{"elementId":"03bd181b-0f20-4789-956e-d63af0da14e6","tagName":"rich-text"},{"elementId":"7bcf9644-26df-4710-8dc1-ebda59a6a407","tagName":"rich-text"}]}}
INFO  2022-05-13 15:52:17,257 page.py    _get_elements_by_css 452 find elements success: [<minium.miniprogram.base_driver.element.BaseElement object at 0x000002EE63E67FA0>, <minium.miniprogram.base_driver.element.BaseElement object at 0x000002EE63F0C040>, <minium.miniprogram.base_driver.element.BaseElement object at 0x000002EE63F0C130>]
DEBUG 2022-05-13 15:52:17,258 connection.py send            183 SEND > {"id":"78b0e41f-153e-4894-b477-b766f7bd1d41","method":"Element.getStyles","params":{"names":["pointer-events"],"elementId":"2206db83-83e2-40bc-9739-811e3320a2cf","pageId":14}}
DEBUG 2022-05-13 15:52:17,262 connection.py _on_message     232 RECV < {"id":"78b0e41f-153e-4894-b477-b766f7bd1d41","result":{"styles":["auto"]}}
DEBUG 2022-05-13 15:52:17,262 connection.py send            183 SEND > {"id":"68d44177-0f31-4f94-970d-5cb9a0e7016c","method":"Element.tap","params":{"elementId":"2206db83-83e2-40bc-9739-811e3320a2cf","pageId":14}}
DEBUG 2022-05-13 15:52:17,365 connection.py _on_message     232 RECV < {"id":"68d44177-0f31-4f94-970d-5cb9a0e7016c","result":{}}
DEBUG 2022-05-13 15:52:17,755 connection.py _on_message     232 RECV < {"method":"App.bindingCalled","params":{"name":"onAppRouteDone","args":[{"webviewId":15,"path":"package1/pages/classroom/detail/index","query":{"id":"80","type":"text"},"openType":"navigateTo","__ts__":1652428337727},1652428337727]}}
INFO  2022-05-13 15:52:17,756 app.py     _on_route_changed 451 Route changed, {'name': 'onAppRouteDone', 'args': [{'webviewId': 15, 'path': 'package1/pages/classroom/detail/index', 'query': {'id': '80', 'type': 'text'}, 'openType': 'navigateTo', '__ts__': 1652428337727}, 1652428337727]}
INFO  2022-05-13 15:52:18,377 app.py     relaunch        306 ReLaunch: /pages/home/home/index
DEBUG 2022-05-13 15:52:18,380 connection.py send            183 SEND > {"id":"dbb6810b-47a7-4c5d-acb3-fac108e79420","method":"App.callWxMethod","params":{"method":"reLaunch","args":[{"url":"/pages/home/home/index"}]}}
DEBUG 2022-05-13 15:52:18,411 connection.py _on_message     232 RECV < {"id":"dbb6810b-47a7-4c5d-acb3-fac108e79420","result":{"result":{"errMsg":"reLaunch:ok"}}}
DEBUG 2022-05-13 15:52:18,519 connection.py _on_message     232 RECV < {"method":"App.bindingCalled","params":{"name":"onAppRouteDone","args":[{"webviewId":16,"path":"pages/home/home/index","query":{},"openType":"reLaunch","__ts__":1652428338492},1652428338492]}}
INFO  2022-05-13 15:52:18,519 app.py     _on_route_changed 451 Route changed, {'name': 'onAppRouteDone', 'args': [{'webviewId': 16, 'path': 'pages/home/home/index', 'query': {}, 'openType': 'reLaunch', '__ts__': 1652428338492}, 1652428338492]}
DEBUG 2022-05-13 15:52:18,520 minitest.py _miniTearDown   512 =========Current case Downï¼šget_all_pages_path=========
INFO  2022-05-13 15:52:18,521 minitest.py capture         548 capture teardown.png
DEBUG 2022-05-13 15:52:18,522 connection.py send            183 SEND > {"id":"da33bcf7-e350-4885-ac6b-f85bd5621309","method":"App.captureScreenshot","params":{}}
DEBUG 2022-05-13 15:52:18,725 connection.py _on_message     230 RECV < {"id":"da33bcf7-e350-4885-ac6b-f85bd5621309","result":{"data":"iVBORw0KGgoAAAANSUhEUgAAA6oAAAZFCAIAAACvNLm5AAAAAXNSR0IArs4c6QAAIABJREFUeJzsvVmTJUd2JnaOe6x3vzfXytqrAFQVUOgG0GgA3U32ylWc5mK0IedBsjFSpnmQ6UF/QDavMpPM9DwmSmMmm+F0N4cjDmeapNgbGo0G2GhsjbXWrCUrs3K/e6zufvQQy703K6uQWahC3szyg8LJ73q4n/Dw8PD44sQJd/zcj/49AAAAIhKRxhprrLHGGmusscYaH2DMZ/7lHwMAIEC6SWONNdZYY4011lhjjQ8sZgCAiECAiBprrLHGGmusscYaa3ywMUNEItJaa6211lprrbXWWutHQbM9r4HWWmuttdZaa6211lp/Zho//+O/JCAEBAAA0FhjjTXWWGONNdZY4wOMGREhIBEBgMYaa6yxxhprrLHGGh9sjJ...
DEBUG 2022-05-13 15:52:18,727 connection.py send            183 SEND > {"id":"6cb5f64e-054b-4e34-851a-d12e72c213e0","method":"App.getCurrentPage","params":{}}
DEBUG 2022-05-13 15:52:18,728 connection.py _on_message     232 RECV < {"id":"6cb5f64e-054b-4e34-851a-d12e72c213e0","result":{"pageId":16,"path":"pages/home/home/index","query":{}}}
DEBUG 2022-05-13 15:52:18,729 connection.py send            183 SEND > {"id":"57c0ebb3-b60c-43d8-8057-0225eba1f17a","method":"Page.getData","params":{"pageId":16}}
DEBUG 2022-05-13 15:52:18,732 connection.py _on_message     230 RECV < {"id":"57c0ebb3-b60c-43d8-8057-0225eba1f17a","result":{"data":{"isFirstEnter":0,"showStartPage":"1","hisId":45,"hisDet":{"appointmentCodeUrl":"https://ustatic.med.gzhc365.com/fss/publicfile/70f794fc23c8b4e348e638cd262175aa0993a503068289b2ed2448231fa84e7b.png","appointmentUrl":"","area":"é’ç§€åŒº","attribute":"åŒ»è”ä½“ä¸»ä½“å•ä½","city":"å—å®å¸‚","contactName":"æµ‹è¯•","coordinateType":"BD09","createTime":"2020-11-14 21:22:22","customerServiceSupport":1,"detailedAddress":"æ¡ƒæºè·¯6å·","email":"386030556@qq.com","hisId":"45","hisLevel"...
